#
# A fatal error has been detected by the Java Runtime Environment:
#
#  EXCEPTION_ACCESS_VIOLATION (0xc0000005) at pc=0x00007fff2dcdb97d, pid=14832, tid=16232
#
# JRE version: Java(TM) SE Runtime Environment 18.9 (11.0.16.1+1) (build 11.0.16.1+1-LTS-1)
# Java VM: Java HotSpot(TM) 64-Bit Server VM 18.9 (11.0.16.1+1-LTS-1, mixed mode, tiered, compressed oops, g1 gc, windows-amd64)
# Problematic frame:
# V  [jvm.dll+0x2cb97d]
#
# No core dump will be written. Minidumps are not enabled by default on client versions of Windows
#
# If you would like to submit a bug report, please visit:
#   https://bugreport.java.com/bugreport/crash.jsp
#

---------------  S U M M A R Y ------------

Command Line: -Xdebug -Xrunjdwp:transport=dt_socket,server=y,suspend=y,address=8000 -Dclassworlds.conf=C:\Maven\apache-maven-3.8.6\bin\m2.conf -Dmaven.home=C:\Maven\apache-maven-3.8.6 -Dlibrary.jansi.path=C:\Maven\apache-maven-3.8.6\lib\jansi-native -Dmaven.multiModuleProjectDirectory=C:\git\paradise org.codehaus.plexus.classworlds.launcher.Launcher clean jetty:run

Host: AMD Phenom(tm) II X6 1100T Processor, 6 cores, 23G,  Windows 10 , 64 bit Build 19041 (10.0.19041.2546)
Time: Thu Mar 23 00:16:33 2023 Hora oficial do Brasil elapsed time: 17.153469 seconds (0d 0h 0m 17s)

---------------  T H R E A D  ---------------

Current thread (0x000001cb63aa5800):  GCTaskThread "GC Thread#4" [stack: 0x00000026e4e00000,0x00000026e4f00000] [id=16232]

Stack: [0x00000026e4e00000,0x00000026e4f00000],  sp=0x00000026e4eff430,  free space=1021k
Native frames: (J=compiled Java code, j=interpreted, Vv=VM code, C=native code)
V  [jvm.dll+0x2cb97d]
V  [jvm.dll+0x2f4b6b]
V  [jvm.dll+0x2d002e]
V  [jvm.dll+0x2d41e5]
V  [jvm.dll+0x793d80]
V  [jvm.dll+0x722b34]
V  [jvm.dll+0x629276]
C  [ucrtbase.dll+0x21bb2]
C  [KERNEL32.DLL+0x17614]
C  [ntdll.dll+0x526a1]


siginfo: EXCEPTION_ACCESS_VIOLATION (0xc0000005), reading address 0xffffffffffffffff


Register to memory mapping:

RIP=0x00007fff2dcdb97d jvm.dll
RAX=0x000001cb3a9cefc0 points into unknown readable memory: 0x0000000000000000 | 00 00 00 00 00 00 00 00
RBX=0x000001cb654ef3c0 points into unknown readable memory: 0x00007fff2e27ce48 | 48 ce 27 2e ff 7f 00 00
RCX=0x0000000000000014 is an unknown value
RDX=0x1000770d0700760d is an unknown value
RSP=0x00000026e4eff430 points into unknown readable memory: 0x000001cb654ef3c0 | c0 f3 4e 65 cb 01 00 00
RBP=0x00000026e4eff590 points into unknown readable memory: 0x00007fff2e277068 | 68 70 27 2e ff 7f 00 00
RSI=0x000001cb654ef3c0 points into unknown readable memory: 0x00007fff2e27ce48 | 48 ce 27 2e ff 7f 00 00
RDI=0x000001cb3a9d11a0 points into unknown readable memory: 0x00000000000008da | da 08 00 00 00 00 00 00
R8 =0x0000000682c89c64 is pointing into object: java.util.LinkedHashMap$Entry 
{0x0000000682c89c50} - klass: 'java/util/LinkedHashMap$Entry'
R9 =0x0000000000073736 is an unknown value
R10=0x0000000682c89c60 is pointing into object: java.util.LinkedHashMap$Entry 
{0x0000000682c89c50} - klass: 'java/util/LinkedHashMap$Entry'
R11=0x000001cb654ef530 points into unknown readable memory: 0x00007fff2e27ce00 | 00 ce 27 2e ff 7f 00 00
R12=0x000001cb62ae8cb0 points into unknown readable memory: 0x6974752e6176616a | 6a 61 76 61 2e 75 74 69
R13=0x00000000000003d8 is an unknown value
R14=0x000001cb3a9d1220 points into unknown readable memory: 0x00000482000008da | da 08 00 00 82 04 00 00
R15=0x0 is NULL


Registers:
RAX=0x000001cb3a9cefc0, RBX=0x000001cb654ef3c0, RCX=0x0000000000000014, RDX=0x1000770d0700760d
RSP=0x00000026e4eff430, RBP=0x00000026e4eff590, RSI=0x000001cb654ef3c0, RDI=0x000001cb3a9d11a0
R8 =0x0000000682c89c64, R9 =0x0000000000073736, R10=0x0000000682c89c60, R11=0x000001cb654ef530
R12=0x000001cb62ae8cb0, R13=0x00000000000003d8, R14=0x000001cb3a9d1220, R15=0x0000000000000000
RIP=0x00007fff2dcdb97d, EFLAGS=0x0000000000010216

Top of Stack: (sp=0x00000026e4eff430)
0x00000026e4eff430:   000001cb654ef3c0 000001cb3a9d1200
0x00000026e4eff440:   0000000000000005 0000000682c89c44
0x00000026e4eff450:   00000000000008da 00007fff2dd04b6b
0x00000026e4eff460:   00000000000008da 000001cb654ef530
0x00000026e4eff470:   000001cb654ef3c0 0000000000000096
0x00000026e4eff480:   0000025700000096 0000020a00000370
0x00000026e4eff490:   00000006948a8a88 00007fff2dcdd86e
0x00000026e4eff4a0:   000001cb387fef50 0000000000000000
0x00000026e4eff4b0:   000001cb62ae8ca0 000001cb654ef3c0
0x00000026e4eff4c0:   000001cb387fef50 00000026e4eff590
0x00000026e4eff4d0:   0000000696ccc8ca 00007fff2dce002e
0x00000026e4eff4e0:   000001cb387fef50 000001cb62ae8ca0
0x00000026e4eff4f0:   0000000000000000 0000000682c89c65
0x00000026e4eff500:   000001cb654ef3c0 000001cb62ae8ca0
0x00000026e4eff510:   0000000000000004 00007fff2dce41e5
0x00000026e4eff520:   0000000696ccc8ca 000001cb61ea2fc0 

Instructions: (pc=0x00007fff2dcdb97d)
0x00007fff2dcdb95d:   8b d9 d1 e8 a8 01 75 6b 48 8b 41 08 8b 88 c0 02
0x00007fff2dcdb96d:   00 00 48 8b 80 b0 02 00 00 49 d3 e9 4a 8b 14 c8
0x00007fff2dcdb97d:   48 8b 82 f8 00 00 00 83 b8 18 01 00 00 00 74 43
0x00007fff2dcdb98d:   48 8b 4b 50 48 89 7c 24 30 49 c1 e8 09 48 8b 79 


Stack slot to memory mapping:
stack at sp + 0 slots: 0x000001cb654ef3c0 points into unknown readable memory: 0x00007fff2e27ce48 | 48 ce 27 2e ff 7f 00 00
stack at sp + 1 slots: 0x000001cb3a9d1200 points into unknown readable memory: 0x0000000000000000 | 00 00 00 00 00 00 00 00
stack at sp + 2 slots: 0x0000000000000005 is an unknown value
stack at sp + 3 slots: 0x0000000682c89c44 is pointing into object: java.util.LinkedHashMap$Entry 
{0x0000000682c89c28} - klass: 'java/util/LinkedHashMap$Entry'
stack at sp + 4 slots: 0x00000000000008da is an unknown value
stack at sp + 5 slots: 0x00007fff2dd04b6b jvm.dll
stack at sp + 6 slots: 0x00000000000008da is an unknown value
stack at sp + 7 slots: 0x000001cb654ef530 points into unknown readable memory: 0x00007fff2e27ce00 | 00 ce 27 2e ff 7f 00 00


---------------  P R O C E S S  ---------------

Threads class SMR info:
_java_thread_list=0x000001cb639d0fc0, length=14, elements={
0x000001cb3a9bb800, 0x000001cb62832000, 0x000001cb62833000, 0x000001cb628b5800,
0x000001cb628b7000, 0x000001cb628b9000, 0x000001cb628bf000, 0x000001cb628c0800,
0x000001cb628cd000, 0x000001cb62a5f000, 0x000001cb62a63000, 0x000001cb62a68000,
0x000001cb62a7b000, 0x000001cb6382c000
}

Java Threads: ( => current thread )
  0x000001cb3a9bb800 JavaThread "main" [_thread_blocked, id=16580, stack(0x00000026e3600000,0x00000026e3700000)]
  0x000001cb62832000 JavaThread "Reference Handler" daemon [_thread_blocked, id=13200, stack(0x00000026e3d00000,0x00000026e3e00000)]
  0x000001cb62833000 JavaThread "Finalizer" daemon [_thread_blocked, id=5980, stack(0x00000026e3e00000,0x00000026e3f00000)]
  0x000001cb628b5800 JavaThread "Signal Dispatcher" daemon [_thread_blocked, id=7732, stack(0x00000026e3f00000,0x00000026e4000000)]
  0x000001cb628b7000 JavaThread "Attach Listener" daemon [_thread_blocked, id=13328, stack(0x00000026e4000000,0x00000026e4100000)]
  0x000001cb628b9000 JavaThread "Service Thread" daemon [_thread_blocked, id=11904, stack(0x00000026e4100000,0x00000026e4200000)]
  0x000001cb628bf000 JavaThread "C2 CompilerThread0" daemon [_thread_blocked, id=8680, stack(0x00000026e4200000,0x00000026e4300000)]
  0x000001cb628c0800 JavaThread "C1 CompilerThread0" daemon [_thread_blocked, id=2912, stack(0x00000026e4300000,0x00000026e4400000)]
  0x000001cb628cd000 JavaThread "Sweeper thread" daemon [_thread_blocked, id=17380, stack(0x00000026e4400000,0x00000026e4500000)]
  0x000001cb62a5f000 JavaThread "JDWP Transport Listener: dt_socket" daemon [_thread_blocked, id=6656, stack(0x00000026e4500000,0x00000026e4600000)]
  0x000001cb62a63000 JavaThread "JDWP Event Helper Thread" daemon [_thread_blocked, id=19040, stack(0x00000026e4600000,0x00000026e4700000)]
  0x000001cb62a68000 JavaThread "JDWP Command Reader" daemon [_thread_in_native, id=19076, stack(0x00000026e4700000,0x00000026e4800000)]
  0x000001cb62a7b000 JavaThread "Common-Cleaner" daemon [_thread_blocked, id=12248, stack(0x00000026e4900000,0x00000026e4a00000)]
  0x000001cb6382c000 JavaThread "C2 CompilerThread1" daemon [_thread_blocked, id=12532, stack(0x00000026e4a00000,0x00000026e4b00000)]

Other Threads:
  0x000001cb62830000 VMThread "VM Thread" [stack: 0x00000026e3c00000,0x00000026e3d00000] [id=12096]
  0x000001cb62a82800 WatcherThread [stack: 0x00000026e4800000,0x00000026e4900000] [id=17720]
  0x000001cb3a9d0000 GCTaskThread "GC Thread#0" [stack: 0x00000026e3700000,0x00000026e3800000] [id=3184]
  0x000001cb63d6a000 GCTaskThread "GC Thread#1" [stack: 0x00000026e4b00000,0x00000026e4c00000] [id=11464]
  0x000001cb63d6a800 GCTaskThread "GC Thread#2" [stack: 0x00000026e4c00000,0x00000026e4d00000] [id=12904]
  0x000001cb63d6b000 GCTaskThread "GC Thread#3" [stack: 0x00000026e4d00000,0x00000026e4e00000] [id=16992]
=>0x000001cb63aa5800 GCTaskThread "GC Thread#4" [stack: 0x00000026e4e00000,0x00000026e4f00000] [id=16232]
  0x000001cb63c2f800 GCTaskThread "GC Thread#5" [stack: 0x00000026e4f00000,0x00000026e5000000] [id=12072]
  0x000001cb3aa53800 ConcurrentGCThread "G1 Main Marker" [stack: 0x00000026e3800000,0x00000026e3900000] [id=7056]
  0x000001cb3aa55000 ConcurrentGCThread "G1 Conc#0" [stack: 0x00000026e3900000,0x00000026e3a00000] [id=6632]
  0x000001cb64451800 ConcurrentGCThread "G1 Conc#1" [stack: 0x00000026e5000000,0x00000026e5100000] [id=5764]
  0x000001cb61e90000 ConcurrentGCThread "G1 Refine#0" [stack: 0x00000026e3a00000,0x00000026e3b00000] [id=17668]
  0x000001cb66ed5800 ConcurrentGCThread "G1 Refine#1" [stack: 0x00000026e5100000,0x00000026e5200000] [id=16456]
  0x000001cb66145800 ConcurrentGCThread "G1 Refine#2" [stack: 0x00000026e5200000,0x00000026e5300000] [id=18116]
  0x000001cb61e91000 ConcurrentGCThread "G1 Young RemSet Sampling" [stack: 0x00000026e3b00000,0x00000026e3c00000] [id=18412]

Threads with active compile tasks:
C2 CompilerThread0    17180 5493   !   4       com.sun.tools.javac.code.Symbol$ClassSymbol::complete (52 bytes)
C1 CompilerThread0    17180 5501       3       com.sun.tools.javac.jvm.ClassReader::findTypeVar (74 bytes)
C2 CompilerThread1    17180 5498       4       jdk.nio.zipfs.ZipPath::toString (12 bytes)

VM state:at safepoint (normal execution)

VM Mutex/Monitor currently owned by a thread:  ([mutex/lock_event])
[0x000001cb3a9b9470] Threads_lock - owner thread: 0x000001cb62830000
[0x000001cb3a9b7970] Heap_lock - owner thread: 0x000001cb3a9bb800

Heap address: 0x0000000680800000, size: 6136 MB, Compressed Oops mode: Zero based, Oop shift amount: 3
Narrow klass base: 0x0000000800000000, Narrow klass shift: 0
Compressed class space size: 1073741824 Address: 0x0000000800000000

Heap:
 garbage-first heap   total 393216K, used 92587K [0x0000000680800000, 0x0000000800000000)
  region size 1024K, 67 young (68608K), 8 survivors (8192K)
 Metaspace       used 31497K, capacity 32072K, committed 32256K, reserved 1077248K
  class space    used 3284K, capacity 3478K, committed 3584K, reserved 1048576K
Heap Regions: E=young(eden), S=young(survivor), O=old, HS=humongous(starts), HC=humongous(continues), CS=collection set, F=free, A=archive, TAMS=top-at-mark-start (previous, next)
|   0|0x0000000680800000, 0x0000000680900000, 0x0000000680900000|100%| O|  |TAMS 0x0000000680879a00, 0x0000000680800000| Untracked 
|   1|0x0000000680900000, 0x0000000680a00000, 0x0000000680a00000|100%|HS|  |TAMS 0x0000000680900000, 0x0000000680900000| Complete 
|   2|0x0000000680a00000, 0x0000000680b00000, 0x0000000680b00000|100%| O|  |TAMS 0x0000000680a00000, 0x0000000680a00000| Untracked 
|   3|0x0000000680b00000, 0x0000000680c00000, 0x0000000680c00000|100%| O|  |TAMS 0x0000000680b00000, 0x0000000680b00000| Untracked 
|   4|0x0000000680c00000, 0x0000000680d00000, 0x0000000680d00000|100%|HS|  |TAMS 0x0000000680c00000, 0x0000000680c00000| Complete 
|   5|0x0000000680d00000, 0x0000000680e00000, 0x0000000680e00000|100%| O|  |TAMS 0x0000000680d00000, 0x0000000680d00000| Untracked 
|   6|0x0000000680e00000, 0x0000000680f00000, 0x0000000680f00000|100%|HS|  |TAMS 0x0000000680e00000, 0x0000000680e00000| Complete 
|   7|0x0000000680f00000, 0x0000000681000000, 0x0000000681000000|100%| O|  |TAMS 0x0000000680f00000, 0x0000000680f00000| Untracked 
|   8|0x0000000681000000, 0x0000000681100000, 0x0000000681100000|100%| O|  |TAMS 0x0000000681000000, 0x0000000681000000| Untracked 
|   9|0x0000000681100000, 0x0000000681200000, 0x0000000681200000|100%| O|  |TAMS 0x0000000681100000, 0x0000000681100000| Untracked 
|  10|0x0000000681200000, 0x0000000681300000, 0x0000000681300000|100%| O|  |TAMS 0x0000000681200000, 0x0000000681200000| Untracked 
|  11|0x0000000681300000, 0x0000000681400000, 0x0000000681400000|100%| O|  |TAMS 0x0000000681300000, 0x0000000681300000| Untracked 
|  12|0x0000000681400000, 0x0000000681500000, 0x0000000681500000|100%| O|  |TAMS 0x0000000681400000, 0x0000000681400000| Untracked 
|  13|0x0000000681500000, 0x0000000681600000, 0x0000000681600000|100%| O|  |TAMS 0x0000000681500000, 0x0000000681500000| Untracked 
|  14|0x0000000681600000, 0x0000000681700000, 0x0000000681700000|100%| O|  |TAMS 0x0000000681600000, 0x0000000681600000| Untracked 
|  15|0x0000000681700000, 0x0000000681800000, 0x0000000681800000|100%| O|  |TAMS 0x0000000681700000, 0x0000000681700000| Untracked 
|  16|0x0000000681800000, 0x0000000681900000, 0x0000000681900000|100%| O|  |TAMS 0x0000000681800000, 0x0000000681800000| Untracked 
|  17|0x0000000681900000, 0x0000000681a00000, 0x0000000681a00000|100%| O|  |TAMS 0x0000000681900000, 0x0000000681900000| Untracked 
|  18|0x0000000681a00000, 0x0000000681b00000, 0x0000000681b00000|100%| O|  |TAMS 0x0000000681a00000, 0x0000000681a00000| Untracked 
|  19|0x0000000681b00000, 0x0000000681c00000, 0x0000000681c00000|100%| O|  |TAMS 0x0000000681b00000, 0x0000000681b00000| Untracked 
|  20|0x0000000681c00000, 0x0000000681d00000, 0x0000000681d00000|100%| O|  |TAMS 0x0000000681c00000, 0x0000000681c00000| Untracked 
|  21|0x0000000681d00000, 0x0000000681e00000, 0x0000000681e00000|100%| O|  |TAMS 0x0000000681d00000, 0x0000000681d00000| Untracked 
|  22|0x0000000681e00000, 0x0000000681f00000, 0x0000000681f00000|100%| O|  |TAMS 0x0000000681e00000, 0x0000000681e00000| Untracked 
|  23|0x0000000681f00000, 0x0000000682000000, 0x0000000682000000|100%| O|  |TAMS 0x0000000681f00000, 0x0000000681f00000| Untracked 
|  24|0x0000000682000000, 0x0000000682100000, 0x0000000682100000|100%| O|  |TAMS 0x0000000682000000, 0x0000000682000000| Untracked 
|  25|0x0000000682100000, 0x0000000682200000, 0x0000000682200000|100%| O|  |TAMS 0x0000000682100000, 0x0000000682100000| Untracked 
|  26|0x0000000682200000, 0x0000000682300000, 0x0000000682300000|100%| O|  |TAMS 0x0000000682200000, 0x0000000682200000| Untracked 
|  27|0x0000000682300000, 0x0000000682400000, 0x0000000682400000|100%| O|  |TAMS 0x0000000682300000, 0x0000000682300000| Untracked 
|  28|0x0000000682400000, 0x0000000682500000, 0x0000000682500000|100%|HS|  |TAMS 0x0000000682400000, 0x0000000682400000| Complete 
|  29|0x0000000682500000, 0x0000000682600000, 0x0000000682600000|100%| O|  |TAMS 0x0000000682500000, 0x0000000682500000| Untracked 
|  30|0x0000000682600000, 0x0000000682700000, 0x0000000682700000|100%| O|  |TAMS 0x0000000682600000, 0x0000000682600000| Untracked 
|  31|0x0000000682700000, 0x0000000682800000, 0x0000000682800000|100%| O|  |TAMS 0x0000000682700000, 0x0000000682700000| Untracked 
|  32|0x0000000682800000, 0x0000000682900000, 0x0000000682900000|100%| O|  |TAMS 0x0000000682800000, 0x0000000682800000| Untracked 
|  33|0x0000000682900000, 0x0000000682a00000, 0x0000000682a00000|100%| O|  |TAMS 0x0000000682900000, 0x0000000682900000| Untracked 
|  34|0x0000000682a00000, 0x0000000682b00000, 0x0000000682b00000|100%| O|  |TAMS 0x0000000682a00000, 0x0000000682a00000| Untracked 
|  35|0x0000000682b00000, 0x0000000682c00000, 0x0000000682c00000|100%| O|  |TAMS 0x0000000682b00000, 0x0000000682b00000| Untracked 
|  36|0x0000000682c00000, 0x0000000682d00000, 0x0000000682d00000|100%| O|  |TAMS 0x0000000682c00000, 0x0000000682c00000| Untracked 
|  37|0x0000000682d00000, 0x0000000682e00000, 0x0000000682e00000|100%| O|  |TAMS 0x0000000682d00000, 0x0000000682d00000| Untracked 
|  38|0x0000000682e00000, 0x0000000682e430f8, 0x0000000682f00000| 26%| O|  |TAMS 0x0000000682e00000, 0x0000000682e00000| Untracked 
|  39|0x0000000682f00000, 0x0000000682f00000, 0x0000000683000000|  0%| F|  |TAMS 0x0000000682f00000, 0x0000000682f00000| Untracked 
|  40|0x0000000683000000, 0x0000000683000000, 0x0000000683100000|  0%| F|  |TAMS 0x0000000683000000, 0x0000000683000000| Untracked 
|  41|0x0000000683100000, 0x0000000683100000, 0x0000000683200000|  0%| F|  |TAMS 0x0000000683100000, 0x0000000683100000| Untracked 
|  42|0x0000000683200000, 0x0000000683200000, 0x0000000683300000|  0%| F|  |TAMS 0x0000000683200000, 0x0000000683200000| Untracked 
|  43|0x0000000683300000, 0x0000000683300000, 0x0000000683400000|  0%| F|  |TAMS 0x0000000683300000, 0x0000000683300000| Untracked 
|  44|0x0000000683400000, 0x0000000683400000, 0x0000000683500000|  0%| F|  |TAMS 0x0000000683400000, 0x0000000683400000| Untracked 
|  45|0x0000000683500000, 0x0000000683500000, 0x0000000683600000|  0%| F|  |TAMS 0x0000000683500000, 0x0000000683500000| Untracked 
|  46|0x0000000683600000, 0x0000000683600000, 0x0000000683700000|  0%| F|  |TAMS 0x0000000683600000, 0x0000000683600000| Untracked 
|  47|0x0000000683700000, 0x0000000683700000, 0x0000000683800000|  0%| F|  |TAMS 0x0000000683700000, 0x0000000683700000| Untracked 
|  48|0x0000000683800000, 0x0000000683800000, 0x0000000683900000|  0%| F|  |TAMS 0x0000000683800000, 0x0000000683800000| Untracked 
|  49|0x0000000683900000, 0x0000000683900000, 0x0000000683a00000|  0%| F|  |TAMS 0x0000000683900000, 0x0000000683900000| Untracked 
|  50|0x0000000683a00000, 0x0000000683a00000, 0x0000000683b00000|  0%| F|  |TAMS 0x0000000683a00000, 0x0000000683a00000| Untracked 
|  51|0x0000000683b00000, 0x0000000683b00000, 0x0000000683c00000|  0%| F|  |TAMS 0x0000000683b00000, 0x0000000683b00000| Untracked 
|  52|0x0000000683c00000, 0x0000000683c00000, 0x0000000683d00000|  0%| F|  |TAMS 0x0000000683c00000, 0x0000000683c00000| Untracked 
|  53|0x0000000683d00000, 0x0000000683d00000, 0x0000000683e00000|  0%| F|  |TAMS 0x0000000683d00000, 0x0000000683d00000| Untracked 
|  54|0x0000000683e00000, 0x0000000683e00000, 0x0000000683f00000|  0%| F|  |TAMS 0x0000000683e00000, 0x0000000683e00000| Untracked 
|  55|0x0000000683f00000, 0x0000000683f00000, 0x0000000684000000|  0%| F|  |TAMS 0x0000000683f00000, 0x0000000683f00000| Untracked 
|  56|0x0000000684000000, 0x0000000684000000, 0x0000000684100000|  0%| F|  |TAMS 0x0000000684000000, 0x0000000684000000| Untracked 
|  57|0x0000000684100000, 0x0000000684100000, 0x0000000684200000|  0%| F|  |TAMS 0x0000000684100000, 0x0000000684100000| Untracked 
|  58|0x0000000684200000, 0x0000000684200000, 0x0000000684300000|  0%| F|  |TAMS 0x0000000684200000, 0x0000000684200000| Untracked 
|  59|0x0000000684300000, 0x0000000684300000, 0x0000000684400000|  0%| F|  |TAMS 0x0000000684300000, 0x0000000684300000| Untracked 
|  60|0x0000000684400000, 0x0000000684400000, 0x0000000684500000|  0%| F|  |TAMS 0x0000000684400000, 0x0000000684400000| Untracked 
|  61|0x0000000684500000, 0x0000000684500000, 0x0000000684600000|  0%| F|  |TAMS 0x0000000684500000, 0x0000000684500000| Untracked 
|  62|0x0000000684600000, 0x0000000684600000, 0x0000000684700000|  0%| F|  |TAMS 0x0000000684600000, 0x0000000684600000| Untracked 
|  63|0x0000000684700000, 0x0000000684700000, 0x0000000684800000|  0%| F|  |TAMS 0x0000000684700000, 0x0000000684700000| Untracked 
|  64|0x0000000684800000, 0x0000000684800000, 0x0000000684900000|  0%| F|  |TAMS 0x0000000684800000, 0x0000000684800000| Untracked 
|  65|0x0000000684900000, 0x0000000684900000, 0x0000000684a00000|  0%| F|  |TAMS 0x0000000684900000, 0x0000000684900000| Untracked 
|  66|0x0000000684a00000, 0x0000000684a00000, 0x0000000684b00000|  0%| F|  |TAMS 0x0000000684a00000, 0x0000000684a00000| Untracked 
|  67|0x0000000684b00000, 0x0000000684b00000, 0x0000000684c00000|  0%| F|  |TAMS 0x0000000684b00000, 0x0000000684b00000| Untracked 
|  68|0x0000000684c00000, 0x0000000684c00000, 0x0000000684d00000|  0%| F|  |TAMS 0x0000000684c00000, 0x0000000684c00000| Untracked 
|  69|0x0000000684d00000, 0x0000000684d00000, 0x0000000684e00000|  0%| F|  |TAMS 0x0000000684d00000, 0x0000000684d00000| Untracked 
|  70|0x0000000684e00000, 0x0000000684e00000, 0x0000000684f00000|  0%| F|  |TAMS 0x0000000684e00000, 0x0000000684e00000| Untracked 
|  71|0x0000000684f00000, 0x0000000684f00000, 0x0000000685000000|  0%| F|  |TAMS 0x0000000684f00000, 0x0000000684f00000| Untracked 
|  72|0x0000000685000000, 0x0000000685000000, 0x0000000685100000|  0%| F|  |TAMS 0x0000000685000000, 0x0000000685000000| Untracked 
|  73|0x0000000685100000, 0x0000000685100000, 0x0000000685200000|  0%| F|  |TAMS 0x0000000685100000, 0x0000000685100000| Untracked 
|  74|0x0000000685200000, 0x0000000685200000, 0x0000000685300000|  0%| F|  |TAMS 0x0000000685200000, 0x0000000685200000| Untracked 
|  75|0x0000000685300000, 0x0000000685300000, 0x0000000685400000|  0%| F|  |TAMS 0x0000000685300000, 0x0000000685300000| Untracked 
|  76|0x0000000685400000, 0x0000000685400000, 0x0000000685500000|  0%| F|  |TAMS 0x0000000685400000, 0x0000000685400000| Untracked 
|  77|0x0000000685500000, 0x0000000685500000, 0x0000000685600000|  0%| F|  |TAMS 0x0000000685500000, 0x0000000685500000| Untracked 
|  78|0x0000000685600000, 0x0000000685600000, 0x0000000685700000|  0%| F|  |TAMS 0x0000000685600000, 0x0000000685600000| Untracked 
|  79|0x0000000685700000, 0x0000000685700000, 0x0000000685800000|  0%| F|  |TAMS 0x0000000685700000, 0x0000000685700000| Untracked 
|  80|0x0000000685800000, 0x0000000685800000, 0x0000000685900000|  0%| F|  |TAMS 0x0000000685800000, 0x0000000685800000| Untracked 
|  81|0x0000000685900000, 0x0000000685900000, 0x0000000685a00000|  0%| F|  |TAMS 0x0000000685900000, 0x0000000685900000| Untracked 
|  82|0x0000000685a00000, 0x0000000685a00000, 0x0000000685b00000|  0%| F|  |TAMS 0x0000000685a00000, 0x0000000685a00000| Untracked 
|  83|0x0000000685b00000, 0x0000000685b00000, 0x0000000685c00000|  0%| F|  |TAMS 0x0000000685b00000, 0x0000000685b00000| Untracked 
|  84|0x0000000685c00000, 0x0000000685c00000, 0x0000000685d00000|  0%| F|  |TAMS 0x0000000685c00000, 0x0000000685c00000| Untracked 
|  85|0x0000000685d00000, 0x0000000685d00000, 0x0000000685e00000|  0%| F|  |TAMS 0x0000000685d00000, 0x0000000685d00000| Untracked 
|  86|0x0000000685e00000, 0x0000000685e00000, 0x0000000685f00000|  0%| F|  |TAMS 0x0000000685e00000, 0x0000000685e00000| Untracked 
|  87|0x0000000685f00000, 0x0000000685f00000, 0x0000000686000000|  0%| F|  |TAMS 0x0000000685f00000, 0x0000000685f00000| Untracked 
|  88|0x0000000686000000, 0x0000000686000000, 0x0000000686100000|  0%| F|  |TAMS 0x0000000686000000, 0x0000000686000000| Untracked 
|  89|0x0000000686100000, 0x0000000686100000, 0x0000000686200000|  0%| F|  |TAMS 0x0000000686100000, 0x0000000686100000| Untracked 
|  90|0x0000000686200000, 0x0000000686200000, 0x0000000686300000|  0%| F|  |TAMS 0x0000000686200000, 0x0000000686200000| Untracked 
|  91|0x0000000686300000, 0x0000000686300000, 0x0000000686400000|  0%| F|  |TAMS 0x0000000686300000, 0x0000000686300000| Untracked 
|  92|0x0000000686400000, 0x0000000686400000, 0x0000000686500000|  0%| F|  |TAMS 0x0000000686400000, 0x0000000686400000| Untracked 
|  93|0x0000000686500000, 0x0000000686500000, 0x0000000686600000|  0%| F|  |TAMS 0x0000000686500000, 0x0000000686500000| Untracked 
|  94|0x0000000686600000, 0x0000000686600000, 0x0000000686700000|  0%| F|  |TAMS 0x0000000686600000, 0x0000000686600000| Untracked 
|  95|0x0000000686700000, 0x0000000686700000, 0x0000000686800000|  0%| F|  |TAMS 0x0000000686700000, 0x0000000686700000| Untracked 
|  96|0x0000000686800000, 0x0000000686800000, 0x0000000686900000|  0%| F|  |TAMS 0x0000000686800000, 0x0000000686800000| Untracked 
|  97|0x0000000686900000, 0x0000000686900000, 0x0000000686a00000|  0%| F|  |TAMS 0x0000000686900000, 0x0000000686900000| Untracked 
|  98|0x0000000686a00000, 0x0000000686a00000, 0x0000000686b00000|  0%| F|  |TAMS 0x0000000686a00000, 0x0000000686a00000| Untracked 
|  99|0x0000000686b00000, 0x0000000686b00000, 0x0000000686c00000|  0%| F|  |TAMS 0x0000000686b00000, 0x0000000686b00000| Untracked 
| 100|0x0000000686c00000, 0x0000000686c00000, 0x0000000686d00000|  0%| F|  |TAMS 0x0000000686c00000, 0x0000000686c00000| Untracked 
| 101|0x0000000686d00000, 0x0000000686d00000, 0x0000000686e00000|  0%| F|  |TAMS 0x0000000686d00000, 0x0000000686d00000| Untracked 
| 102|0x0000000686e00000, 0x0000000686e00000, 0x0000000686f00000|  0%| F|  |TAMS 0x0000000686e00000, 0x0000000686e00000| Untracked 
| 103|0x0000000686f00000, 0x0000000686f00000, 0x0000000687000000|  0%| F|  |TAMS 0x0000000686f00000, 0x0000000686f00000| Untracked 
| 104|0x0000000687000000, 0x0000000687000000, 0x0000000687100000|  0%| F|  |TAMS 0x0000000687000000, 0x0000000687000000| Untracked 
| 105|0x0000000687100000, 0x0000000687100000, 0x0000000687200000|  0%| F|  |TAMS 0x0000000687100000, 0x0000000687100000| Untracked 
| 106|0x0000000687200000, 0x0000000687200000, 0x0000000687300000|  0%| F|  |TAMS 0x0000000687200000, 0x0000000687200000| Untracked 
| 107|0x0000000687300000, 0x0000000687300000, 0x0000000687400000|  0%| F|  |TAMS 0x0000000687300000, 0x0000000687300000| Untracked 
| 108|0x0000000687400000, 0x0000000687400000, 0x0000000687500000|  0%| F|  |TAMS 0x0000000687400000, 0x0000000687400000| Untracked 
| 109|0x0000000687500000, 0x0000000687500000, 0x0000000687600000|  0%| F|  |TAMS 0x0000000687500000, 0x0000000687500000| Untracked 
| 110|0x0000000687600000, 0x0000000687600000, 0x0000000687700000|  0%| F|  |TAMS 0x0000000687600000, 0x0000000687600000| Untracked 
| 111|0x0000000687700000, 0x0000000687700000, 0x0000000687800000|  0%| F|  |TAMS 0x0000000687700000, 0x0000000687700000| Untracked 
| 112|0x0000000687800000, 0x0000000687800000, 0x0000000687900000|  0%| F|  |TAMS 0x0000000687800000, 0x0000000687800000| Untracked 
| 113|0x0000000687900000, 0x0000000687900000, 0x0000000687a00000|  0%| F|  |TAMS 0x0000000687900000, 0x0000000687900000| Untracked 
| 114|0x0000000687a00000, 0x0000000687a00000, 0x0000000687b00000|  0%| F|  |TAMS 0x0000000687a00000, 0x0000000687a00000| Untracked 
| 115|0x0000000687b00000, 0x0000000687b00000, 0x0000000687c00000|  0%| F|  |TAMS 0x0000000687b00000, 0x0000000687b00000| Untracked 
| 116|0x0000000687c00000, 0x0000000687c00000, 0x0000000687d00000|  0%| F|  |TAMS 0x0000000687c00000, 0x0000000687c00000| Untracked 
| 117|0x0000000687d00000, 0x0000000687d00000, 0x0000000687e00000|  0%| F|  |TAMS 0x0000000687d00000, 0x0000000687d00000| Untracked 
| 118|0x0000000687e00000, 0x0000000687e00000, 0x0000000687f00000|  0%| F|  |TAMS 0x0000000687e00000, 0x0000000687e00000| Untracked 
| 119|0x0000000687f00000, 0x0000000687f00000, 0x0000000688000000|  0%| F|  |TAMS 0x0000000687f00000, 0x0000000687f00000| Untracked 
| 120|0x0000000688000000, 0x0000000688000000, 0x0000000688100000|  0%| F|  |TAMS 0x0000000688000000, 0x0000000688000000| Untracked 
| 121|0x0000000688100000, 0x0000000688100000, 0x0000000688200000|  0%| F|  |TAMS 0x0000000688100000, 0x0000000688100000| Untracked 
| 122|0x0000000688200000, 0x0000000688200000, 0x0000000688300000|  0%| F|  |TAMS 0x0000000688200000, 0x0000000688200000| Untracked 
| 123|0x0000000688300000, 0x0000000688300000, 0x0000000688400000|  0%| F|  |TAMS 0x0000000688300000, 0x0000000688300000| Untracked 
| 124|0x0000000688400000, 0x0000000688400000, 0x0000000688500000|  0%| F|  |TAMS 0x0000000688400000, 0x0000000688400000| Untracked 
| 125|0x0000000688500000, 0x0000000688500000, 0x0000000688600000|  0%| F|  |TAMS 0x0000000688500000, 0x0000000688500000| Untracked 
| 126|0x0000000688600000, 0x0000000688600000, 0x0000000688700000|  0%| F|  |TAMS 0x0000000688600000, 0x0000000688600000| Untracked 
| 127|0x0000000688700000, 0x0000000688700000, 0x0000000688800000|  0%| F|  |TAMS 0x0000000688700000, 0x0000000688700000| Untracked 
| 128|0x0000000688800000, 0x0000000688800000, 0x0000000688900000|  0%| F|  |TAMS 0x0000000688800000, 0x0000000688800000| Untracked 
| 129|0x0000000688900000, 0x0000000688900000, 0x0000000688a00000|  0%| F|  |TAMS 0x0000000688900000, 0x0000000688900000| Untracked 
| 130|0x0000000688a00000, 0x0000000688a00000, 0x0000000688b00000|  0%| F|  |TAMS 0x0000000688a00000, 0x0000000688a00000| Untracked 
| 131|0x0000000688b00000, 0x0000000688b00000, 0x0000000688c00000|  0%| F|  |TAMS 0x0000000688b00000, 0x0000000688b00000| Untracked 
| 132|0x0000000688c00000, 0x0000000688c00000, 0x0000000688d00000|  0%| F|  |TAMS 0x0000000688c00000, 0x0000000688c00000| Untracked 
| 133|0x0000000688d00000, 0x0000000688d00000, 0x0000000688e00000|  0%| F|  |TAMS 0x0000000688d00000, 0x0000000688d00000| Untracked 
| 134|0x0000000688e00000, 0x0000000688e00000, 0x0000000688f00000|  0%| F|  |TAMS 0x0000000688e00000, 0x0000000688e00000| Untracked 
| 135|0x0000000688f00000, 0x0000000688f00000, 0x0000000689000000|  0%| F|  |TAMS 0x0000000688f00000, 0x0000000688f00000| Untracked 
| 136|0x0000000689000000, 0x0000000689000000, 0x0000000689100000|  0%| F|  |TAMS 0x0000000689000000, 0x0000000689000000| Untracked 
| 137|0x0000000689100000, 0x0000000689100000, 0x0000000689200000|  0%| F|  |TAMS 0x0000000689100000, 0x0000000689100000| Untracked 
| 138|0x0000000689200000, 0x0000000689200000, 0x0000000689300000|  0%| F|  |TAMS 0x0000000689200000, 0x0000000689200000| Untracked 
| 139|0x0000000689300000, 0x0000000689300000, 0x0000000689400000|  0%| F|  |TAMS 0x0000000689300000, 0x0000000689300000| Untracked 
| 140|0x0000000689400000, 0x0000000689400000, 0x0000000689500000|  0%| F|  |TAMS 0x0000000689400000, 0x0000000689400000| Untracked 
| 141|0x0000000689500000, 0x0000000689500000, 0x0000000689600000|  0%| F|  |TAMS 0x0000000689500000, 0x0000000689500000| Untracked 
| 142|0x0000000689600000, 0x0000000689600000, 0x0000000689700000|  0%| F|  |TAMS 0x0000000689600000, 0x0000000689600000| Untracked 
| 143|0x0000000689700000, 0x0000000689700000, 0x0000000689800000|  0%| F|  |TAMS 0x0000000689700000, 0x0000000689700000| Untracked 
| 144|0x0000000689800000, 0x0000000689800000, 0x0000000689900000|  0%| F|  |TAMS 0x0000000689800000, 0x0000000689800000| Untracked 
| 145|0x0000000689900000, 0x0000000689900000, 0x0000000689a00000|  0%| F|  |TAMS 0x0000000689900000, 0x0000000689900000| Untracked 
| 146|0x0000000689a00000, 0x0000000689a00000, 0x0000000689b00000|  0%| F|  |TAMS 0x0000000689a00000, 0x0000000689a00000| Untracked 
| 147|0x0000000689b00000, 0x0000000689b00000, 0x0000000689c00000|  0%| F|  |TAMS 0x0000000689b00000, 0x0000000689b00000| Untracked 
| 148|0x0000000689c00000, 0x0000000689c00000, 0x0000000689d00000|  0%| F|  |TAMS 0x0000000689c00000, 0x0000000689c00000| Untracked 
| 149|0x0000000689d00000, 0x0000000689d00000, 0x0000000689e00000|  0%| F|  |TAMS 0x0000000689d00000, 0x0000000689d00000| Untracked 
| 150|0x0000000689e00000, 0x0000000689e00000, 0x0000000689f00000|  0%| F|  |TAMS 0x0000000689e00000, 0x0000000689e00000| Untracked 
| 151|0x0000000689f00000, 0x0000000689f00000, 0x000000068a000000|  0%| F|  |TAMS 0x0000000689f00000, 0x0000000689f00000| Untracked 
| 152|0x000000068a000000, 0x000000068a000000, 0x000000068a100000|  0%| F|  |TAMS 0x000000068a000000, 0x000000068a000000| Untracked 
| 153|0x000000068a100000, 0x000000068a100000, 0x000000068a200000|  0%| F|  |TAMS 0x000000068a100000, 0x000000068a100000| Untracked 
| 154|0x000000068a200000, 0x000000068a200000, 0x000000068a300000|  0%| F|  |TAMS 0x000000068a200000, 0x000000068a200000| Untracked 
| 155|0x000000068a300000, 0x000000068a300000, 0x000000068a400000|  0%| F|  |TAMS 0x000000068a300000, 0x000000068a300000| Untracked 
| 156|0x000000068a400000, 0x000000068a400000, 0x000000068a500000|  0%| F|  |TAMS 0x000000068a400000, 0x000000068a400000| Untracked 
| 157|0x000000068a500000, 0x000000068a500000, 0x000000068a600000|  0%| F|  |TAMS 0x000000068a500000, 0x000000068a500000| Untracked 
| 158|0x000000068a600000, 0x000000068a600000, 0x000000068a700000|  0%| F|  |TAMS 0x000000068a600000, 0x000000068a600000| Untracked 
| 159|0x000000068a700000, 0x000000068a700000, 0x000000068a800000|  0%| F|  |TAMS 0x000000068a700000, 0x000000068a700000| Untracked 
| 160|0x000000068a800000, 0x000000068a800000, 0x000000068a900000|  0%| F|  |TAMS 0x000000068a800000, 0x000000068a800000| Untracked 
| 161|0x000000068a900000, 0x000000068a900000, 0x000000068aa00000|  0%| F|  |TAMS 0x000000068a900000, 0x000000068a900000| Untracked 
| 162|0x000000068aa00000, 0x000000068aa00000, 0x000000068ab00000|  0%| F|  |TAMS 0x000000068aa00000, 0x000000068aa00000| Untracked 
| 163|0x000000068ab00000, 0x000000068ab00000, 0x000000068ac00000|  0%| F|  |TAMS 0x000000068ab00000, 0x000000068ab00000| Untracked 
| 164|0x000000068ac00000, 0x000000068ac00000, 0x000000068ad00000|  0%| F|  |TAMS 0x000000068ac00000, 0x000000068ac00000| Untracked 
| 165|0x000000068ad00000, 0x000000068ad00000, 0x000000068ae00000|  0%| F|  |TAMS 0x000000068ad00000, 0x000000068ad00000| Untracked 
| 166|0x000000068ae00000, 0x000000068ae00000, 0x000000068af00000|  0%| F|  |TAMS 0x000000068ae00000, 0x000000068ae00000| Untracked 
| 167|0x000000068af00000, 0x000000068af00000, 0x000000068b000000|  0%| F|  |TAMS 0x000000068af00000, 0x000000068af00000| Untracked 
| 168|0x000000068b000000, 0x000000068b000000, 0x000000068b100000|  0%| F|  |TAMS 0x000000068b000000, 0x000000068b000000| Untracked 
| 169|0x000000068b100000, 0x000000068b100000, 0x000000068b200000|  0%| F|  |TAMS 0x000000068b100000, 0x000000068b100000| Untracked 
| 170|0x000000068b200000, 0x000000068b200000, 0x000000068b300000|  0%| F|  |TAMS 0x000000068b200000, 0x000000068b200000| Untracked 
| 171|0x000000068b300000, 0x000000068b300000, 0x000000068b400000|  0%| F|  |TAMS 0x000000068b300000, 0x000000068b300000| Untracked 
| 172|0x000000068b400000, 0x000000068b400000, 0x000000068b500000|  0%| F|  |TAMS 0x000000068b400000, 0x000000068b400000| Untracked 
| 173|0x000000068b500000, 0x000000068b500000, 0x000000068b600000|  0%| F|  |TAMS 0x000000068b500000, 0x000000068b500000| Untracked 
| 174|0x000000068b600000, 0x000000068b600000, 0x000000068b700000|  0%| F|  |TAMS 0x000000068b600000, 0x000000068b600000| Untracked 
| 175|0x000000068b700000, 0x000000068b700000, 0x000000068b800000|  0%| F|  |TAMS 0x000000068b700000, 0x000000068b700000| Untracked 
| 176|0x000000068b800000, 0x000000068b800000, 0x000000068b900000|  0%| F|  |TAMS 0x000000068b800000, 0x000000068b800000| Untracked 
| 177|0x000000068b900000, 0x000000068b900000, 0x000000068ba00000|  0%| F|  |TAMS 0x000000068b900000, 0x000000068b900000| Untracked 
| 178|0x000000068ba00000, 0x000000068ba00000, 0x000000068bb00000|  0%| F|  |TAMS 0x000000068ba00000, 0x000000068ba00000| Untracked 
| 179|0x000000068bb00000, 0x000000068bb00000, 0x000000068bc00000|  0%| F|  |TAMS 0x000000068bb00000, 0x000000068bb00000| Untracked 
| 180|0x000000068bc00000, 0x000000068bc00000, 0x000000068bd00000|  0%| F|  |TAMS 0x000000068bc00000, 0x000000068bc00000| Untracked 
| 181|0x000000068bd00000, 0x000000068bd00000, 0x000000068be00000|  0%| F|  |TAMS 0x000000068bd00000, 0x000000068bd00000| Untracked 
| 182|0x000000068be00000, 0x000000068be00000, 0x000000068bf00000|  0%| F|  |TAMS 0x000000068be00000, 0x000000068be00000| Untracked 
| 183|0x000000068bf00000, 0x000000068bf00000, 0x000000068c000000|  0%| F|  |TAMS 0x000000068bf00000, 0x000000068bf00000| Untracked 
| 184|0x000000068c000000, 0x000000068c000000, 0x000000068c100000|  0%| F|  |TAMS 0x000000068c000000, 0x000000068c000000| Untracked 
| 185|0x000000068c100000, 0x000000068c100000, 0x000000068c200000|  0%| F|  |TAMS 0x000000068c100000, 0x000000068c100000| Untracked 
| 186|0x000000068c200000, 0x000000068c200000, 0x000000068c300000|  0%| F|  |TAMS 0x000000068c200000, 0x000000068c200000| Untracked 
| 187|0x000000068c300000, 0x000000068c300000, 0x000000068c400000|  0%| F|  |TAMS 0x000000068c300000, 0x000000068c300000| Untracked 
| 188|0x000000068c400000, 0x000000068c400000, 0x000000068c500000|  0%| F|  |TAMS 0x000000068c400000, 0x000000068c400000| Untracked 
| 189|0x000000068c500000, 0x000000068c500000, 0x000000068c600000|  0%| F|  |TAMS 0x000000068c500000, 0x000000068c500000| Untracked 
| 190|0x000000068c600000, 0x000000068c600000, 0x000000068c700000|  0%| F|  |TAMS 0x000000068c600000, 0x000000068c600000| Untracked 
| 191|0x000000068c700000, 0x000000068c700000, 0x000000068c800000|  0%| F|  |TAMS 0x000000068c700000, 0x000000068c700000| Untracked 
| 192|0x000000068c800000, 0x000000068c800000, 0x000000068c900000|  0%| F|  |TAMS 0x000000068c800000, 0x000000068c800000| Untracked 
| 193|0x000000068c900000, 0x000000068c900000, 0x000000068ca00000|  0%| F|  |TAMS 0x000000068c900000, 0x000000068c900000| Untracked 
| 194|0x000000068ca00000, 0x000000068ca00000, 0x000000068cb00000|  0%| F|  |TAMS 0x000000068ca00000, 0x000000068ca00000| Untracked 
| 195|0x000000068cb00000, 0x000000068cb00000, 0x000000068cc00000|  0%| F|  |TAMS 0x000000068cb00000, 0x000000068cb00000| Untracked 
| 196|0x000000068cc00000, 0x000000068cc00000, 0x000000068cd00000|  0%| F|  |TAMS 0x000000068cc00000, 0x000000068cc00000| Untracked 
| 197|0x000000068cd00000, 0x000000068cd00000, 0x000000068ce00000|  0%| F|  |TAMS 0x000000068cd00000, 0x000000068cd00000| Untracked 
| 198|0x000000068ce00000, 0x000000068ce00000, 0x000000068cf00000|  0%| F|  |TAMS 0x000000068ce00000, 0x000000068ce00000| Untracked 
| 199|0x000000068cf00000, 0x000000068cf00000, 0x000000068d000000|  0%| F|  |TAMS 0x000000068cf00000, 0x000000068cf00000| Untracked 
| 200|0x000000068d000000, 0x000000068d000000, 0x000000068d100000|  0%| F|  |TAMS 0x000000068d000000, 0x000000068d000000| Untracked 
| 201|0x000000068d100000, 0x000000068d100000, 0x000000068d200000|  0%| F|  |TAMS 0x000000068d100000, 0x000000068d100000| Untracked 
| 202|0x000000068d200000, 0x000000068d200000, 0x000000068d300000|  0%| F|  |TAMS 0x000000068d200000, 0x000000068d200000| Untracked 
| 203|0x000000068d300000, 0x000000068d300000, 0x000000068d400000|  0%| F|  |TAMS 0x000000068d300000, 0x000000068d300000| Untracked 
| 204|0x000000068d400000, 0x000000068d400000, 0x000000068d500000|  0%| F|  |TAMS 0x000000068d400000, 0x000000068d400000| Untracked 
| 205|0x000000068d500000, 0x000000068d500000, 0x000000068d600000|  0%| F|  |TAMS 0x000000068d500000, 0x000000068d500000| Untracked 
| 206|0x000000068d600000, 0x000000068d600000, 0x000000068d700000|  0%| F|  |TAMS 0x000000068d600000, 0x000000068d600000| Untracked 
| 207|0x000000068d700000, 0x000000068d700000, 0x000000068d800000|  0%| F|  |TAMS 0x000000068d700000, 0x000000068d700000| Untracked 
| 208|0x000000068d800000, 0x000000068d800000, 0x000000068d900000|  0%| F|  |TAMS 0x000000068d800000, 0x000000068d800000| Untracked 
| 209|0x000000068d900000, 0x000000068d900000, 0x000000068da00000|  0%| F|  |TAMS 0x000000068d900000, 0x000000068d900000| Untracked 
| 210|0x000000068da00000, 0x000000068da00000, 0x000000068db00000|  0%| F|  |TAMS 0x000000068da00000, 0x000000068da00000| Untracked 
| 211|0x000000068db00000, 0x000000068db00000, 0x000000068dc00000|  0%| F|  |TAMS 0x000000068db00000, 0x000000068db00000| Untracked 
| 212|0x000000068dc00000, 0x000000068dc00000, 0x000000068dd00000|  0%| F|  |TAMS 0x000000068dc00000, 0x000000068dc00000| Untracked 
| 213|0x000000068dd00000, 0x000000068dd00000, 0x000000068de00000|  0%| F|  |TAMS 0x000000068dd00000, 0x000000068dd00000| Untracked 
| 214|0x000000068de00000, 0x000000068de00000, 0x000000068df00000|  0%| F|  |TAMS 0x000000068de00000, 0x000000068de00000| Untracked 
| 215|0x000000068df00000, 0x000000068df00000, 0x000000068e000000|  0%| F|  |TAMS 0x000000068df00000, 0x000000068df00000| Untracked 
| 216|0x000000068e000000, 0x000000068e000000, 0x000000068e100000|  0%| F|  |TAMS 0x000000068e000000, 0x000000068e000000| Untracked 
| 217|0x000000068e100000, 0x000000068e100000, 0x000000068e200000|  0%| F|  |TAMS 0x000000068e100000, 0x000000068e100000| Untracked 
| 218|0x000000068e200000, 0x000000068e200000, 0x000000068e300000|  0%| F|  |TAMS 0x000000068e200000, 0x000000068e200000| Untracked 
| 219|0x000000068e300000, 0x000000068e300000, 0x000000068e400000|  0%| F|  |TAMS 0x000000068e300000, 0x000000068e300000| Untracked 
| 220|0x000000068e400000, 0x000000068e400000, 0x000000068e500000|  0%| F|  |TAMS 0x000000068e400000, 0x000000068e400000| Untracked 
| 221|0x000000068e500000, 0x000000068e500000, 0x000000068e600000|  0%| F|  |TAMS 0x000000068e500000, 0x000000068e500000| Untracked 
| 222|0x000000068e600000, 0x000000068e600000, 0x000000068e700000|  0%| F|  |TAMS 0x000000068e600000, 0x000000068e600000| Untracked 
| 223|0x000000068e700000, 0x000000068e700000, 0x000000068e800000|  0%| F|  |TAMS 0x000000068e700000, 0x000000068e700000| Untracked 
| 224|0x000000068e800000, 0x000000068e800000, 0x000000068e900000|  0%| F|  |TAMS 0x000000068e800000, 0x000000068e800000| Untracked 
| 225|0x000000068e900000, 0x000000068e900000, 0x000000068ea00000|  0%| F|  |TAMS 0x000000068e900000, 0x000000068e900000| Untracked 
| 226|0x000000068ea00000, 0x000000068ea00000, 0x000000068eb00000|  0%| F|  |TAMS 0x000000068ea00000, 0x000000068ea00000| Untracked 
| 227|0x000000068eb00000, 0x000000068eb00000, 0x000000068ec00000|  0%| F|  |TAMS 0x000000068eb00000, 0x000000068eb00000| Untracked 
| 228|0x000000068ec00000, 0x000000068ec00000, 0x000000068ed00000|  0%| F|  |TAMS 0x000000068ec00000, 0x000000068ec00000| Untracked 
| 229|0x000000068ed00000, 0x000000068ed00000, 0x000000068ee00000|  0%| F|  |TAMS 0x000000068ed00000, 0x000000068ed00000| Untracked 
| 230|0x000000068ee00000, 0x000000068ee00000, 0x000000068ef00000|  0%| F|  |TAMS 0x000000068ee00000, 0x000000068ee00000| Untracked 
| 231|0x000000068ef00000, 0x000000068ef00000, 0x000000068f000000|  0%| F|  |TAMS 0x000000068ef00000, 0x000000068ef00000| Untracked 
| 232|0x000000068f000000, 0x000000068f000000, 0x000000068f100000|  0%| F|  |TAMS 0x000000068f000000, 0x000000068f000000| Untracked 
| 233|0x000000068f100000, 0x000000068f100000, 0x000000068f200000|  0%| F|  |TAMS 0x000000068f100000, 0x000000068f100000| Untracked 
| 234|0x000000068f200000, 0x000000068f200000, 0x000000068f300000|  0%| F|  |TAMS 0x000000068f200000, 0x000000068f200000| Untracked 
| 235|0x000000068f300000, 0x000000068f300000, 0x000000068f400000|  0%| F|  |TAMS 0x000000068f300000, 0x000000068f300000| Untracked 
| 236|0x000000068f400000, 0x000000068f400000, 0x000000068f500000|  0%| F|  |TAMS 0x000000068f400000, 0x000000068f400000| Untracked 
| 237|0x000000068f500000, 0x000000068f500000, 0x000000068f600000|  0%| F|  |TAMS 0x000000068f500000, 0x000000068f500000| Untracked 
| 238|0x000000068f600000, 0x000000068f600000, 0x000000068f700000|  0%| F|  |TAMS 0x000000068f600000, 0x000000068f600000| Untracked 
| 239|0x000000068f700000, 0x000000068f700000, 0x000000068f800000|  0%| F|  |TAMS 0x000000068f700000, 0x000000068f700000| Untracked 
| 240|0x000000068f800000, 0x000000068f800000, 0x000000068f900000|  0%| F|  |TAMS 0x000000068f800000, 0x000000068f800000| Untracked 
| 241|0x000000068f900000, 0x000000068f900000, 0x000000068fa00000|  0%| F|  |TAMS 0x000000068f900000, 0x000000068f900000| Untracked 
| 242|0x000000068fa00000, 0x000000068fa00000, 0x000000068fb00000|  0%| F|  |TAMS 0x000000068fa00000, 0x000000068fa00000| Untracked 
| 243|0x000000068fb00000, 0x000000068fb00000, 0x000000068fc00000|  0%| F|  |TAMS 0x000000068fb00000, 0x000000068fb00000| Untracked 
| 244|0x000000068fc00000, 0x000000068fc00000, 0x000000068fd00000|  0%| F|  |TAMS 0x000000068fc00000, 0x000000068fc00000| Untracked 
| 245|0x000000068fd00000, 0x000000068fd00000, 0x000000068fe00000|  0%| F|  |TAMS 0x000000068fd00000, 0x000000068fd00000| Untracked 
| 246|0x000000068fe00000, 0x000000068fe00000, 0x000000068ff00000|  0%| F|  |TAMS 0x000000068fe00000, 0x000000068fe00000| Untracked 
| 247|0x000000068ff00000, 0x000000068ff00000, 0x0000000690000000|  0%| F|  |TAMS 0x000000068ff00000, 0x000000068ff00000| Untracked 
| 248|0x0000000690000000, 0x0000000690000000, 0x0000000690100000|  0%| F|  |TAMS 0x0000000690000000, 0x0000000690000000| Untracked 
| 249|0x0000000690100000, 0x0000000690100000, 0x0000000690200000|  0%| F|  |TAMS 0x0000000690100000, 0x0000000690100000| Untracked 
| 250|0x0000000690200000, 0x0000000690200000, 0x0000000690300000|  0%| F|  |TAMS 0x0000000690200000, 0x0000000690200000| Untracked 
| 251|0x0000000690300000, 0x0000000690300000, 0x0000000690400000|  0%| F|  |TAMS 0x0000000690300000, 0x0000000690300000| Untracked 
| 252|0x0000000690400000, 0x0000000690400000, 0x0000000690500000|  0%| F|  |TAMS 0x0000000690400000, 0x0000000690400000| Untracked 
| 253|0x0000000690500000, 0x0000000690500000, 0x0000000690600000|  0%| F|  |TAMS 0x0000000690500000, 0x0000000690500000| Untracked 
| 254|0x0000000690600000, 0x0000000690600000, 0x0000000690700000|  0%| F|  |TAMS 0x0000000690600000, 0x0000000690600000| Untracked 
| 255|0x0000000690700000, 0x0000000690700000, 0x0000000690800000|  0%| F|  |TAMS 0x0000000690700000, 0x0000000690700000| Untracked 
| 256|0x0000000690800000, 0x0000000690800000, 0x0000000690900000|  0%| F|  |TAMS 0x0000000690800000, 0x0000000690800000| Untracked 
| 257|0x0000000690900000, 0x0000000690900000, 0x0000000690a00000|  0%| F|  |TAMS 0x0000000690900000, 0x0000000690900000| Untracked 
| 258|0x0000000690a00000, 0x0000000690a00000, 0x0000000690b00000|  0%| F|  |TAMS 0x0000000690a00000, 0x0000000690a00000| Untracked 
| 259|0x0000000690b00000, 0x0000000690b00000, 0x0000000690c00000|  0%| F|  |TAMS 0x0000000690b00000, 0x0000000690b00000| Untracked 
| 260|0x0000000690c00000, 0x0000000690c00000, 0x0000000690d00000|  0%| F|  |TAMS 0x0000000690c00000, 0x0000000690c00000| Untracked 
| 261|0x0000000690d00000, 0x0000000690d00000, 0x0000000690e00000|  0%| F|  |TAMS 0x0000000690d00000, 0x0000000690d00000| Untracked 
| 262|0x0000000690e00000, 0x0000000690e00000, 0x0000000690f00000|  0%| F|  |TAMS 0x0000000690e00000, 0x0000000690e00000| Untracked 
| 263|0x0000000690f00000, 0x0000000690f00000, 0x0000000691000000|  0%| F|  |TAMS 0x0000000690f00000, 0x0000000690f00000| Untracked 
| 264|0x0000000691000000, 0x0000000691000000, 0x0000000691100000|  0%| F|  |TAMS 0x0000000691000000, 0x0000000691000000| Untracked 
| 265|0x0000000691100000, 0x0000000691100000, 0x0000000691200000|  0%| F|  |TAMS 0x0000000691100000, 0x0000000691100000| Untracked 
| 266|0x0000000691200000, 0x0000000691200000, 0x0000000691300000|  0%| F|  |TAMS 0x0000000691200000, 0x0000000691200000| Untracked 
| 267|0x0000000691300000, 0x0000000691300000, 0x0000000691400000|  0%| F|  |TAMS 0x0000000691300000, 0x0000000691300000| Untracked 
| 268|0x0000000691400000, 0x0000000691400000, 0x0000000691500000|  0%| F|  |TAMS 0x0000000691400000, 0x0000000691400000| Untracked 
| 269|0x0000000691500000, 0x0000000691500000, 0x0000000691600000|  0%| F|  |TAMS 0x0000000691500000, 0x0000000691500000| Untracked 
| 270|0x0000000691600000, 0x0000000691600000, 0x0000000691700000|  0%| F|  |TAMS 0x0000000691600000, 0x0000000691600000| Untracked 
| 271|0x0000000691700000, 0x0000000691700000, 0x0000000691800000|  0%| F|  |TAMS 0x0000000691700000, 0x0000000691700000| Untracked 
| 272|0x0000000691800000, 0x0000000691800000, 0x0000000691900000|  0%| F|  |TAMS 0x0000000691800000, 0x0000000691800000| Untracked 
| 273|0x0000000691900000, 0x0000000691900000, 0x0000000691a00000|  0%| F|  |TAMS 0x0000000691900000, 0x0000000691900000| Untracked 
| 274|0x0000000691a00000, 0x0000000691a00000, 0x0000000691b00000|  0%| F|  |TAMS 0x0000000691a00000, 0x0000000691a00000| Untracked 
| 275|0x0000000691b00000, 0x0000000691b00000, 0x0000000691c00000|  0%| F|  |TAMS 0x0000000691b00000, 0x0000000691b00000| Untracked 
| 276|0x0000000691c00000, 0x0000000691c00000, 0x0000000691d00000|  0%| F|  |TAMS 0x0000000691c00000, 0x0000000691c00000| Untracked 
| 277|0x0000000691d00000, 0x0000000691d00000, 0x0000000691e00000|  0%| F|  |TAMS 0x0000000691d00000, 0x0000000691d00000| Untracked 
| 278|0x0000000691e00000, 0x0000000691e00000, 0x0000000691f00000|  0%| F|  |TAMS 0x0000000691e00000, 0x0000000691e00000| Untracked 
| 279|0x0000000691f00000, 0x0000000691f00000, 0x0000000692000000|  0%| F|  |TAMS 0x0000000691f00000, 0x0000000691f00000| Untracked 
| 280|0x0000000692000000, 0x0000000692000000, 0x0000000692100000|  0%| F|  |TAMS 0x0000000692000000, 0x0000000692000000| Untracked 
| 281|0x0000000692100000, 0x0000000692100000, 0x0000000692200000|  0%| F|  |TAMS 0x0000000692100000, 0x0000000692100000| Untracked 
| 282|0x0000000692200000, 0x0000000692200000, 0x0000000692300000|  0%| F|  |TAMS 0x0000000692200000, 0x0000000692200000| Untracked 
| 283|0x0000000692300000, 0x0000000692300000, 0x0000000692400000|  0%| F|  |TAMS 0x0000000692300000, 0x0000000692300000| Untracked 
| 284|0x0000000692400000, 0x0000000692400000, 0x0000000692500000|  0%| F|  |TAMS 0x0000000692400000, 0x0000000692400000| Untracked 
| 285|0x0000000692500000, 0x0000000692500000, 0x0000000692600000|  0%| F|  |TAMS 0x0000000692500000, 0x0000000692500000| Untracked 
| 286|0x0000000692600000, 0x0000000692600000, 0x0000000692700000|  0%| F|  |TAMS 0x0000000692600000, 0x0000000692600000| Untracked 
| 287|0x0000000692700000, 0x0000000692700000, 0x0000000692800000|  0%| F|  |TAMS 0x0000000692700000, 0x0000000692700000| Untracked 
| 288|0x0000000692800000, 0x0000000692800000, 0x0000000692900000|  0%| F|  |TAMS 0x0000000692800000, 0x0000000692800000| Untracked 
| 289|0x0000000692900000, 0x0000000692900000, 0x0000000692a00000|  0%| F|  |TAMS 0x0000000692900000, 0x0000000692900000| Untracked 
| 290|0x0000000692a00000, 0x0000000692a00000, 0x0000000692b00000|  0%| F|  |TAMS 0x0000000692a00000, 0x0000000692a00000| Untracked 
| 291|0x0000000692b00000, 0x0000000692b00000, 0x0000000692c00000|  0%| F|  |TAMS 0x0000000692b00000, 0x0000000692b00000| Untracked 
| 292|0x0000000692c00000, 0x0000000692c00000, 0x0000000692d00000|  0%| F|  |TAMS 0x0000000692c00000, 0x0000000692c00000| Untracked 
| 293|0x0000000692d00000, 0x0000000692d00000, 0x0000000692e00000|  0%| F|  |TAMS 0x0000000692d00000, 0x0000000692d00000| Untracked 
| 294|0x0000000692e00000, 0x0000000692e00000, 0x0000000692f00000|  0%| F|  |TAMS 0x0000000692e00000, 0x0000000692e00000| Untracked 
| 295|0x0000000692f00000, 0x0000000692f00000, 0x0000000693000000|  0%| F|  |TAMS 0x0000000692f00000, 0x0000000692f00000| Untracked 
| 296|0x0000000693000000, 0x0000000693000000, 0x0000000693100000|  0%| F|  |TAMS 0x0000000693000000, 0x0000000693000000| Untracked 
| 297|0x0000000693100000, 0x0000000693100000, 0x0000000693200000|  0%| F|  |TAMS 0x0000000693100000, 0x0000000693100000| Untracked 
| 298|0x0000000693200000, 0x0000000693200000, 0x0000000693300000|  0%| F|  |TAMS 0x0000000693200000, 0x0000000693200000| Untracked 
| 299|0x0000000693300000, 0x0000000693300000, 0x0000000693400000|  0%| F|  |TAMS 0x0000000693300000, 0x0000000693300000| Untracked 
| 300|0x0000000693400000, 0x0000000693400000, 0x0000000693500000|  0%| F|  |TAMS 0x0000000693400000, 0x0000000693400000| Untracked 
| 301|0x0000000693500000, 0x0000000693500000, 0x0000000693600000|  0%| F|  |TAMS 0x0000000693500000, 0x0000000693500000| Untracked 
| 302|0x0000000693600000, 0x0000000693600000, 0x0000000693700000|  0%| F|  |TAMS 0x0000000693600000, 0x0000000693600000| Untracked 
| 303|0x0000000693700000, 0x0000000693700000, 0x0000000693800000|  0%| F|  |TAMS 0x0000000693700000, 0x0000000693700000| Untracked 
| 304|0x0000000693800000, 0x0000000693800000, 0x0000000693900000|  0%| F|  |TAMS 0x0000000693800000, 0x0000000693800000| Untracked 
| 305|0x0000000693900000, 0x0000000693900000, 0x0000000693a00000|  0%| F|  |TAMS 0x0000000693900000, 0x0000000693900000| Untracked 
| 306|0x0000000693a00000, 0x0000000693a00000, 0x0000000693b00000|  0%| F|  |TAMS 0x0000000693a00000, 0x0000000693a00000| Untracked 
| 307|0x0000000693b00000, 0x0000000693b00000, 0x0000000693c00000|  0%| F|  |TAMS 0x0000000693b00000, 0x0000000693b00000| Untracked 
| 308|0x0000000693c00000, 0x0000000693c00000, 0x0000000693d00000|  0%| F|  |TAMS 0x0000000693c00000, 0x0000000693c00000| Untracked 
| 309|0x0000000693d00000, 0x0000000693d00000, 0x0000000693e00000|  0%| F|  |TAMS 0x0000000693d00000, 0x0000000693d00000| Untracked 
| 310|0x0000000693e00000, 0x0000000693e00000, 0x0000000693f00000|  0%| F|  |TAMS 0x0000000693e00000, 0x0000000693e00000| Untracked 
| 311|0x0000000693f00000, 0x0000000693f00000, 0x0000000694000000|  0%| F|  |TAMS 0x0000000693f00000, 0x0000000693f00000| Untracked 
| 312|0x0000000694000000, 0x0000000694000000, 0x0000000694100000|  0%| F|  |TAMS 0x0000000694000000, 0x0000000694000000| Untracked 
| 313|0x0000000694100000, 0x0000000694100000, 0x0000000694200000|  0%| F|  |TAMS 0x0000000694100000, 0x0000000694100000| Untracked 
| 314|0x0000000694200000, 0x0000000694300000, 0x0000000694300000|100%| S|  |TAMS 0x0000000694200000, 0x0000000694200000| Complete 
| 315|0x0000000694300000, 0x0000000694400000, 0x0000000694400000|100%| S|  |TAMS 0x0000000694300000, 0x0000000694300000| Complete 
| 316|0x0000000694400000, 0x0000000694500000, 0x0000000694500000|100%| S|  |TAMS 0x0000000694400000, 0x0000000694400000| Complete 
| 317|0x0000000694500000, 0x0000000694600000, 0x0000000694600000|100%| S|  |TAMS 0x0000000694500000, 0x0000000694500000| Complete 
| 318|0x0000000694600000, 0x0000000694700000, 0x0000000694700000|100%| S|  |TAMS 0x0000000694600000, 0x0000000694600000| Complete 
| 319|0x0000000694700000, 0x0000000694800000, 0x0000000694800000|100%| S|  |TAMS 0x0000000694700000, 0x0000000694700000| Complete 
| 320|0x0000000694800000, 0x0000000694900000, 0x0000000694900000|100%| S|  |TAMS 0x0000000694800000, 0x0000000694800000| Complete 
| 321|0x0000000694900000, 0x0000000694a00000, 0x0000000694a00000|100%| S|  |TAMS 0x0000000694900000, 0x0000000694900000| Complete 
| 322|0x0000000694a00000, 0x0000000694b00000, 0x0000000694b00000|100%| E|CS|TAMS 0x0000000694a00000, 0x0000000694a00000| Complete 
| 323|0x0000000694b00000, 0x0000000694c00000, 0x0000000694c00000|100%| E|CS|TAMS 0x0000000694b00000, 0x0000000694b00000| Complete 
| 324|0x0000000694c00000, 0x0000000694d00000, 0x0000000694d00000|100%| E|CS|TAMS 0x0000000694c00000, 0x0000000694c00000| Complete 
| 325|0x0000000694d00000, 0x0000000694e00000, 0x0000000694e00000|100%| E|CS|TAMS 0x0000000694d00000, 0x0000000694d00000| Complete 
| 326|0x0000000694e00000, 0x0000000694f00000, 0x0000000694f00000|100%| E|CS|TAMS 0x0000000694e00000, 0x0000000694e00000| Complete 
| 327|0x0000000694f00000, 0x0000000695000000, 0x0000000695000000|100%| E|CS|TAMS 0x0000000694f00000, 0x0000000694f00000| Complete 
| 328|0x0000000695000000, 0x0000000695100000, 0x0000000695100000|100%| E|CS|TAMS 0x0000000695000000, 0x0000000695000000| Complete 
| 329|0x0000000695100000, 0x0000000695200000, 0x0000000695200000|100%| E|CS|TAMS 0x0000000695100000, 0x0000000695100000| Complete 
| 330|0x0000000695200000, 0x0000000695300000, 0x0000000695300000|100%| E|CS|TAMS 0x0000000695200000, 0x0000000695200000| Complete 
| 331|0x0000000695300000, 0x0000000695400000, 0x0000000695400000|100%| E|CS|TAMS 0x0000000695300000, 0x0000000695300000| Complete 
| 332|0x0000000695400000, 0x0000000695500000, 0x0000000695500000|100%| E|CS|TAMS 0x0000000695400000, 0x0000000695400000| Complete 
| 333|0x0000000695500000, 0x0000000695600000, 0x0000000695600000|100%| E|CS|TAMS 0x0000000695500000, 0x0000000695500000| Complete 
| 334|0x0000000695600000, 0x0000000695700000, 0x0000000695700000|100%| E|CS|TAMS 0x0000000695600000, 0x0000000695600000| Complete 
| 335|0x0000000695700000, 0x0000000695800000, 0x0000000695800000|100%| E|CS|TAMS 0x0000000695700000, 0x0000000695700000| Complete 
| 336|0x0000000695800000, 0x0000000695900000, 0x0000000695900000|100%| E|CS|TAMS 0x0000000695800000, 0x0000000695800000| Complete 
| 337|0x0000000695900000, 0x0000000695a00000, 0x0000000695a00000|100%| E|CS|TAMS 0x0000000695900000, 0x0000000695900000| Complete 
| 338|0x0000000695a00000, 0x0000000695b00000, 0x0000000695b00000|100%| E|CS|TAMS 0x0000000695a00000, 0x0000000695a00000| Complete 
| 339|0x0000000695b00000, 0x0000000695c00000, 0x0000000695c00000|100%| E|CS|TAMS 0x0000000695b00000, 0x0000000695b00000| Complete 
| 340|0x0000000695c00000, 0x0000000695d00000, 0x0000000695d00000|100%| E|CS|TAMS 0x0000000695c00000, 0x0000000695c00000| Complete 
| 341|0x0000000695d00000, 0x0000000695e00000, 0x0000000695e00000|100%| E|CS|TAMS 0x0000000695d00000, 0x0000000695d00000| Complete 
| 342|0x0000000695e00000, 0x0000000695f00000, 0x0000000695f00000|100%| E|CS|TAMS 0x0000000695e00000, 0x0000000695e00000| Complete 
| 343|0x0000000695f00000, 0x0000000696000000, 0x0000000696000000|100%| E|CS|TAMS 0x0000000695f00000, 0x0000000695f00000| Complete 
| 344|0x0000000696000000, 0x0000000696100000, 0x0000000696100000|100%| E|CS|TAMS 0x0000000696000000, 0x0000000696000000| Complete 
| 345|0x0000000696100000, 0x0000000696200000, 0x0000000696200000|100%| E|CS|TAMS 0x0000000696100000, 0x0000000696100000| Complete 
| 346|0x0000000696200000, 0x0000000696300000, 0x0000000696300000|100%| E|CS|TAMS 0x0000000696200000, 0x0000000696200000| Complete 
| 347|0x0000000696300000, 0x0000000696400000, 0x0000000696400000|100%| E|CS|TAMS 0x0000000696300000, 0x0000000696300000| Complete 
| 348|0x0000000696400000, 0x0000000696500000, 0x0000000696500000|100%| E|CS|TAMS 0x0000000696400000, 0x0000000696400000| Complete 
| 349|0x0000000696500000, 0x0000000696600000, 0x0000000696600000|100%| E|CS|TAMS 0x0000000696500000, 0x0000000696500000| Complete 
| 350|0x0000000696600000, 0x0000000696700000, 0x0000000696700000|100%| E|CS|TAMS 0x0000000696600000, 0x0000000696600000| Complete 
| 351|0x0000000696700000, 0x0000000696800000, 0x0000000696800000|100%| E|CS|TAMS 0x0000000696700000, 0x0000000696700000| Complete 
| 352|0x0000000696800000, 0x0000000696900000, 0x0000000696900000|100%| E|CS|TAMS 0x0000000696800000, 0x0000000696800000| Complete 
| 353|0x0000000696900000, 0x0000000696a00000, 0x0000000696a00000|100%| E|CS|TAMS 0x0000000696900000, 0x0000000696900000| Complete 
| 354|0x0000000696a00000, 0x0000000696b00000, 0x0000000696b00000|100%| E|CS|TAMS 0x0000000696a00000, 0x0000000696a00000| Complete 
| 355|0x0000000696b00000, 0x0000000696c00000, 0x0000000696c00000|100%| E|CS|TAMS 0x0000000696b00000, 0x0000000696b00000| Complete 
| 356|0x0000000696c00000, 0x0000000696d00000, 0x0000000696d00000|100%| E|CS|TAMS 0x0000000696c00000, 0x0000000696c00000| Complete 
| 357|0x0000000696d00000, 0x0000000696e00000, 0x0000000696e00000|100%| E|CS|TAMS 0x0000000696d00000, 0x0000000696d00000| Complete 
| 358|0x0000000696e00000, 0x0000000696f00000, 0x0000000696f00000|100%| E|CS|TAMS 0x0000000696e00000, 0x0000000696e00000| Complete 
| 359|0x0000000696f00000, 0x0000000697000000, 0x0000000697000000|100%| E|CS|TAMS 0x0000000696f00000, 0x0000000696f00000| Complete 
| 360|0x0000000697000000, 0x0000000697100000, 0x0000000697100000|100%| E|CS|TAMS 0x0000000697000000, 0x0000000697000000| Complete 
| 361|0x0000000697100000, 0x0000000697200000, 0x0000000697200000|100%| E|CS|TAMS 0x0000000697100000, 0x0000000697100000| Complete 
| 362|0x0000000697200000, 0x0000000697300000, 0x0000000697300000|100%| E|CS|TAMS 0x0000000697200000, 0x0000000697200000| Complete 
| 363|0x0000000697300000, 0x0000000697400000, 0x0000000697400000|100%| E|CS|TAMS 0x0000000697300000, 0x0000000697300000| Complete 
| 364|0x0000000697400000, 0x0000000697500000, 0x0000000697500000|100%| E|CS|TAMS 0x0000000697400000, 0x0000000697400000| Complete 
| 365|0x0000000697500000, 0x0000000697600000, 0x0000000697600000|100%| E|CS|TAMS 0x0000000697500000, 0x0000000697500000| Complete 
| 366|0x0000000697600000, 0x0000000697700000, 0x0000000697700000|100%| E|CS|TAMS 0x0000000697600000, 0x0000000697600000| Complete 
| 367|0x0000000697700000, 0x0000000697800000, 0x0000000697800000|100%| E|CS|TAMS 0x0000000697700000, 0x0000000697700000| Complete 
| 368|0x0000000697800000, 0x0000000697900000, 0x0000000697900000|100%| E|CS|TAMS 0x0000000697800000, 0x0000000697800000| Complete 
| 369|0x0000000697900000, 0x0000000697a00000, 0x0000000697a00000|100%| E|CS|TAMS 0x0000000697900000, 0x0000000697900000| Complete 
| 370|0x0000000697a00000, 0x0000000697b00000, 0x0000000697b00000|100%| E|CS|TAMS 0x0000000697a00000, 0x0000000697a00000| Complete 
| 371|0x0000000697b00000, 0x0000000697c00000, 0x0000000697c00000|100%| E|CS|TAMS 0x0000000697b00000, 0x0000000697b00000| Complete 
| 372|0x0000000697c00000, 0x0000000697d00000, 0x0000000697d00000|100%| E|CS|TAMS 0x0000000697c00000, 0x0000000697c00000| Complete 
| 373|0x0000000697d00000, 0x0000000697e00000, 0x0000000697e00000|100%| E|CS|TAMS 0x0000000697d00000, 0x0000000697d00000| Complete 
| 374|0x0000000697e00000, 0x0000000697f00000, 0x0000000697f00000|100%| E|CS|TAMS 0x0000000697e00000, 0x0000000697e00000| Complete 
| 375|0x0000000697f00000, 0x0000000698000000, 0x0000000698000000|100%| E|CS|TAMS 0x0000000697f00000, 0x0000000697f00000| Complete 
| 376|0x0000000698000000, 0x00000006980eb6c8, 0x0000000698100000| 91%| E|CS|TAMS 0x0000000698000000, 0x0000000698000000| Complete 
| 377|0x0000000698100000, 0x0000000698200000, 0x0000000698200000|100%| E|CS|TAMS 0x0000000698100000, 0x0000000698100000| Complete 
| 378|0x0000000698200000, 0x0000000698300000, 0x0000000698300000|100%| E|CS|TAMS 0x0000000698200000, 0x0000000698200000| Complete 
| 379|0x0000000698300000, 0x0000000698400000, 0x0000000698400000|100%| E|CS|TAMS 0x0000000698300000, 0x0000000698300000| Complete 
| 380|0x0000000698400000, 0x0000000698500000, 0x0000000698500000|100%| E|CS|TAMS 0x0000000698400000, 0x0000000698400000| Complete 
| 381|0x0000000698500000, 0x0000000698600000, 0x0000000698600000|100%| E|CS|TAMS 0x0000000698500000, 0x0000000698500000| Complete 
| 382|0x0000000698600000, 0x0000000698700000, 0x0000000698700000|100%| E|CS|TAMS 0x0000000698600000, 0x0000000698600000| Complete 
| 383|0x0000000698700000, 0x0000000698800000, 0x0000000698800000|100%| E|CS|TAMS 0x0000000698700000, 0x0000000698700000| Complete 

Card table byte_map: [0x000001cb51d80000,0x000001cb52980000] _byte_map_base: 0x000001cb4e97c000

Marking Bits (Prev, Next): (CMBitMap*) 0x000001cb3aa3b070, (CMBitMap*) 0x000001cb3aa3b038
 Prev Bits: [0x000001cb59560000, 0x000001cb5f540000)
 Next Bits: [0x000001cb53580000, 0x000001cb59560000)

Polling page: 0x000001cb3a1a0000

Metaspace:

Usage:
  Non-class:     27.92 MB capacity,    27.55 MB ( 99%) used,   330.20 KB (  1%) free+waste,    50.69 KB ( <1%) overhead. 
      Class:      3.40 MB capacity,     3.21 MB ( 94%) used,   173.02 KB (  5%) free+waste,    20.94 KB ( <1%) overhead. 
       Both:     31.32 MB capacity,    30.76 MB ( 98%) used,   503.23 KB (  2%) free+waste,    71.63 KB ( <1%) overhead. 

Virtual space:
  Non-class space:       28.00 MB reserved,      28.00 MB (100%) committed 
      Class space:        1.00 GB reserved,       3.50 MB ( <1%) committed 
             Both:        1.03 GB reserved,      31.50 MB (  3%) committed 

Chunk freelists:
   Non-Class:  1.75 KB
       Class:  1.25 KB
        Both:  3.00 KB

CodeHeap 'non-profiled nmethods': size=120064Kb used=2795Kb max_used=2795Kb free=117268Kb
 bounds [0x000001cb49b30000, 0x000001cb49df0000, 0x000001cb51070000]
CodeHeap 'profiled nmethods': size=120000Kb used=13084Kb max_used=13084Kb free=106915Kb
 bounds [0x000001cb42600000, 0x000001cb432d0000, 0x000001cb49b30000]
CodeHeap 'non-nmethods': size=5696Kb used=1215Kb max_used=1261Kb free=4480Kb
 bounds [0x000001cb42070000, 0x000001cb422e0000, 0x000001cb42600000]
 total_blobs=5925 nmethods=5468 adapters=377
 compilation: enabled
              stopped_count=0, restarted_count=0
 full_count=0

Compilation events (10 events):
Event: 17.103 Thread 0x000001cb628c0800 nmethod 5495 0x000001cb432c5910 code [0x000001cb432c5b20, 0x000001cb432c6358]
Event: 17.103 Thread 0x000001cb628c0800 5496       3       com.sun.tools.javac.tree.JCTree$JCMethodDecl::getTag (4 bytes)
Event: 17.103 Thread 0x000001cb628c0800 nmethod 5496 0x000001cb432c6690 code [0x000001cb432c6820, 0x000001cb432c6938]
Event: 17.104 Thread 0x000001cb6382c000 nmethod 5494 0x000001cb49dea610 code [0x000001cb49dea780, 0x000001cb49dea8f8]
Event: 17.104 Thread 0x000001cb6382c000 5497       4       jdk.internal.org.objectweb.asm.Item::<init> (66 bytes)
Event: 17.107 Thread 0x000001cb6382c000 nmethod 5497 0x000001cb49dea990 code [0x000001cb49deab00, 0x000001cb49deae38]
Event: 17.110 Thread 0x000001cb6382c000 5498       4       jdk.nio.zipfs.ZipPath::toString (12 bytes)
Event: 17.110 Thread 0x000001cb628c0800 5500   !   3       java.util.ImmutableCollections$ListItr::next (34 bytes)
Event: 17.111 Thread 0x000001cb628c0800 nmethod 5500 0x000001cb432c6a10 code [0x000001cb432c6be0, 0x000001cb432c6ed8]
Event: 17.113 Thread 0x000001cb628c0800 5501       3       com.sun.tools.javac.jvm.ClassReader::findTypeVar (74 bytes)

GC Heap History (9 events):
Event: 12.069 GC heap before
{Heap before GC invocations=0 (full 0):
 garbage-first heap   total 393216K, used 22528K [0x0000000680800000, 0x0000000800000000)
  region size 1024K, 22 young (22528K), 0 survivors (0K)
 Metaspace       used 12379K, capacity 12597K, committed 12672K, reserved 1060864K
  class space    used 1239K, capacity 1348K, committed 1408K, reserved 1048576K
}
Event: 12.075 GC heap after
{Heap after GC invocations=1 (full 0):
 garbage-first heap   total 393216K, used 3558K [0x0000000680800000, 0x0000000800000000)
  region size 1024K, 3 young (3072K), 3 survivors (3072K)
 Metaspace       used 12379K, capacity 12597K, committed 12672K, reserved 1060864K
  class space    used 1239K, capacity 1348K, committed 1408K, reserved 1048576K
}
Event: 14.114 GC heap before
{Heap before GC invocations=1 (full 0):
 garbage-first heap   total 393216K, used 112102K [0x0000000680800000, 0x0000000800000000)
  region size 1024K, 110 young (112640K), 3 survivors (3072K)
 Metaspace       used 20864K, capacity 21229K, committed 21248K, reserved 1069056K
  class space    used 2165K, capacity 2288K, committed 2304K, reserved 1048576K
}
Event: 14.130 GC heap after
{Heap after GC invocations=2 (full 0):
 garbage-first heap   total 393216K, used 10508K [0x0000000680800000, 0x0000000800000000)
  region size 1024K, 10 young (10240K), 10 survivors (10240K)
 Metaspace       used 20864K, capacity 21229K, committed 21248K, reserved 1069056K
  class space    used 2165K, capacity 2288K, committed 2304K, reserved 1048576K
}
Event: 15.954 GC heap before
{Heap before GC invocations=3 (full 0):
 garbage-first heap   total 393216K, used 113932K [0x0000000680800000, 0x0000000800000000)
  region size 1024K, 106 young (108544K), 10 survivors (10240K)
 Metaspace       used 30546K, capacity 31144K, committed 31360K, reserved 1077248K
  class space    used 3220K, capacity 3406K, committed 3456K, reserved 1048576K
}
Event: 15.976 GC heap after
{Heap after GC invocations=4 (full 0):
 garbage-first heap   total 393216K, used 25443K [0x0000000680800000, 0x0000000800000000)
  region size 1024K, 14 young (14336K), 14 survivors (14336K)
 Metaspace       used 30546K, capacity 31144K, committed 31360K, reserved 1077248K
  class space    used 3220K, capacity 3406K, committed 3456K, reserved 1048576K
}
Event: 16.091 GC heap before
{Heap before GC invocations=4 (full 0):
 garbage-first heap   total 393216K, used 31587K [0x0000000680800000, 0x0000000800000000)
  region size 1024K, 19 young (19456K), 14 survivors (14336K)
 Metaspace       used 30605K, capacity 31144K, committed 31360K, reserved 1077248K
  class space    used 3220K, capacity 3406K, committed 3456K, reserved 1048576K
}
Event: 16.102 GC heap after
{Heap after GC invocations=5 (full 0):
 garbage-first heap   total 393216K, used 31147K [0x0000000680800000, 0x0000000800000000)
  region size 1024K, 3 young (3072K), 3 survivors (3072K)
 Metaspace       used 30605K, capacity 31144K, committed 31360K, reserved 1077248K
  class space    used 3220K, capacity 3406K, committed 3456K, reserved 1048576K
}
Event: 17.113 GC heap before
{Heap before GC invocations=5 (full 0):
 garbage-first heap   total 393216K, used 91563K [0x0000000680800000, 0x0000000800000000)
  region size 1024K, 62 young (63488K), 3 survivors (3072K)
 Metaspace       used 31497K, capacity 32072K, committed 32256K, reserved 1077248K
  class space    used 3284K, capacity 3478K, committed 3584K, reserved 1048576K
}

Deoptimization events (10 events):
Event: 15.990 Thread 0x000001cb3a9bb800 Uncommon trap: reason=class_check action=maybe_recompile pc=0x000001cb49d3109c method=java.util.zip.InflaterInputStream.read([BII)I @ 100 c2
Event: 16.357 Thread 0x000001cb3a9bb800 Uncommon trap: reason=unstable_if action=reinterpret pc=0x000001cb49d8950c method=java.time.LocalDate.compareTo0(Ljava/time/LocalDate;)I @ 11 c2
Event: 16.391 Thread 0x000001cb3a9bb800 Uncommon trap: reason=unstable_if action=reinterpret pc=0x000001cb49d8d97c method=java.time.LocalDate.compareTo0(Ljava/time/LocalDate;)I @ 25 c2
Event: 16.397 Thread 0x000001cb3a9bb800 Uncommon trap: reason=unstable_if action=reinterpret pc=0x000001cb49d8f560 method=java.time.LocalDate.create(III)Ljava/time/LocalDate; @ 10 c2
Event: 16.661 Thread 0x000001cb3a9bb800 Uncommon trap: reason=unstable_if action=reinterpret pc=0x000001cb49da6a54 method=java.nio.file.FileTreeWalker.visit(Ljava/nio/file/Path;ZZ)Ljava/nio/file/FileTreeWalker$Event; @ 84 c2
Event: 16.661 Thread 0x000001cb3a9bb800 Uncommon trap: reason=unstable_if action=reinterpret pc=0x000001cb49da0e48 method=java.nio.file.FileTreeWalker.visit(Ljava/nio/file/Path;ZZ)Ljava/nio/file/FileTreeWalker$Event; @ 53 c2
Event: 16.664 Thread 0x000001cb3a9bb800 Uncommon trap: reason=unstable_if action=reinterpret pc=0x000001cb49d99eec method=java.time.LocalDate.create(III)Ljava/time/LocalDate; @ 10 c2
Event: 16.846 Thread 0x000001cb3a9bb800 Uncommon trap: reason=unstable_if action=reinterpret pc=0x000001cb49dd0270 method=com.sun.tools.javac.jvm.Code.width(I)I @ 1 c2
Event: 16.871 Thread 0x000001cb3a9bb800 Uncommon trap: reason=unstable_if action=reinterpret pc=0x000001cb49dbbbd4 method=com.sun.tools.javac.util.ArrayUtils.ensureCapacity([BI)[B @ 3 c2
Event: 16.909 Thread 0x000001cb3a9bb800 Uncommon trap: reason=unstable_if action=reinterpret pc=0x000001cb49dd6508 method=com.sun.tools.javac.code.Kinds$KindSelector.contains(Lcom/sun/tools/javac/code/Kinds$KindSelector;)Z @ 9 c2

Classes redefined (0 events):
No events

Internal exceptions (10 events):
Event: 17.100 Thread 0x000001cb3a9bb800 Exception <a 'sun/nio/fs/WindowsException'{0x0000000694a6af60}> (0x0000000694a6af60) thrown at [./open/src/hotspot/share/prims/jni.cpp, line 611]
Event: 17.101 Thread 0x000001cb3a9bb800 Exception <a 'sun/nio/fs/WindowsException'{0x0000000694a6b2d0}> (0x0000000694a6b2d0) thrown at [./open/src/hotspot/share/prims/jni.cpp, line 611]
Event: 17.108 Thread 0x000001cb3a9bb800 Exception <a 'sun/nio/fs/WindowsException'{0x0000000694a83340}> (0x0000000694a83340) thrown at [./open/src/hotspot/share/prims/jni.cpp, line 611]
Event: 17.108 Thread 0x000001cb3a9bb800 Exception <a 'sun/nio/fs/WindowsException'{0x0000000694a83598}> (0x0000000694a83598) thrown at [./open/src/hotspot/share/prims/jni.cpp, line 611]
Event: 17.109 Thread 0x000001cb3a9bb800 Exception <a 'sun/nio/fs/WindowsException'{0x0000000694aa2210}> (0x0000000694aa2210) thrown at [./open/src/hotspot/share/prims/jni.cpp, line 611]
Event: 17.109 Thread 0x000001cb3a9bb800 Exception <a 'sun/nio/fs/WindowsException'{0x0000000694aa2418}> (0x0000000694aa2418) thrown at [./open/src/hotspot/share/prims/jni.cpp, line 611]
Event: 17.111 Thread 0x000001cb3a9bb800 Exception <a 'sun/nio/fs/WindowsException'{0x0000000694af1228}> (0x0000000694af1228) thrown at [./open/src/hotspot/share/prims/jni.cpp, line 611]
Event: 17.111 Thread 0x000001cb3a9bb800 Exception <a 'sun/nio/fs/WindowsException'{0x0000000694af1478}> (0x0000000694af1478) thrown at [./open/src/hotspot/share/prims/jni.cpp, line 611]
Event: 17.111 Thread 0x000001cb3a9bb800 Exception <a 'sun/nio/fs/WindowsException'{0x0000000694af2e10}> (0x0000000694af2e10) thrown at [./open/src/hotspot/share/prims/jni.cpp, line 611]
Event: 17.112 Thread 0x000001cb3a9bb800 Exception <a 'sun/nio/fs/WindowsException'{0x0000000694af30e0}> (0x0000000694af30e0) thrown at [./open/src/hotspot/share/prims/jni.cpp, line 611]

Events (10 events):
Event: 17.112 Thread 0x000001cb3a9bb800 DEOPT UNPACKING pc=0x000001cb420ab13f sp=0x00000026e36fa100 mode 1
Event: 17.112 Thread 0x000001cb3a9bb800 DEOPT PACKING pc=0x000001cb43278ccc sp=0x00000026e36facc0
Event: 17.112 Thread 0x000001cb3a9bb800 DEOPT UNPACKING pc=0x000001cb420ab13f sp=0x00000026e36fa168 mode 1
Event: 17.112 Thread 0x000001cb3a9bb800 DEOPT PACKING pc=0x000001cb431da6b4 sp=0x00000026e36fad10
Event: 17.112 Thread 0x000001cb3a9bb800 DEOPT UNPACKING pc=0x000001cb420ab13f sp=0x00000026e36fa1d8 mode 1
Event: 17.112 Thread 0x000001cb3a9bb800 DEOPT PACKING pc=0x000001cb4324843c sp=0x00000026e36fadf0
Event: 17.112 Thread 0x000001cb3a9bb800 DEOPT UNPACKING pc=0x000001cb420ab13f sp=0x00000026e36fa378 mode 1
Event: 17.112 Thread 0x000001cb3a9bb800 DEOPT PACKING pc=0x000001cb4321a7dc sp=0x00000026e36faf50
Event: 17.112 Thread 0x000001cb3a9bb800 DEOPT UNPACKING pc=0x000001cb420ab13f sp=0x00000026e36fa448 mode 1
Event: 17.113 Executing VM operation: G1CollectForAllocation


Dynamic libraries:
0x00007ff7694e0000 - 0x00007ff7694ef000 	C:\Java\jdk-11.0.16.1\bin\java.exe
0x00007fffc1e50000 - 0x00007fffc2048000 	C:\Windows\SYSTEM32\ntdll.dll
0x00007fffc0870000 - 0x00007fffc092f000 	C:\Windows\System32\KERNEL32.DLL
0x00007fffbfb60000 - 0x00007fffbfe32000 	C:\Windows\System32\KERNELBASE.dll
0x00007fffbf9c0000 - 0x00007fffbfac0000 	C:\Windows\System32\ucrtbase.dll
0x00007fffad5d0000 - 0x00007fffad5e8000 	C:\Java\jdk-11.0.16.1\bin\jli.dll
0x00007fffa4580000 - 0x00007fffa4595000 	C:\Java\jdk-11.0.16.1\bin\VCRUNTIME140.dll
0x00007fffc1460000 - 0x00007fffc150e000 	C:\Windows\System32\ADVAPI32.dll
0x00007fffc0260000 - 0x00007fffc02fe000 	C:\Windows\System32\msvcrt.dll
0x00007fffc1bc0000 - 0x00007fffc1c5c000 	C:\Windows\System32\sechost.dll
0x00007fffc1180000 - 0x00007fffc12a4000 	C:\Windows\System32\RPCRT4.dll
0x00007fffc0300000 - 0x00007fffc04a1000 	C:\Windows\System32\USER32.dll
0x00007fffbfe40000 - 0x00007fffbfe62000 	C:\Windows\System32\win32u.dll
0x00007fffab330000 - 0x00007fffab5ca000 	C:\Windows\WinSxS\amd64_microsoft.windows.common-controls_6595b64144ccf1df_6.0.19041.1110_none_60b5254171f9507e\COMCTL32.dll
0x00007fffc1de0000 - 0x00007fffc1e0b000 	C:\Windows\System32\GDI32.dll
0x00007fffbf750000 - 0x00007fffbf85f000 	C:\Windows\System32\gdi32full.dll
0x00007fffbfac0000 - 0x00007fffbfb5d000 	C:\Windows\System32\msvcp_win.dll
0x00007fffb9860000 - 0x00007fffb986a000 	C:\Windows\SYSTEM32\VERSION.dll
0x00007fffc1510000 - 0x00007fffc1540000 	C:\Windows\System32\IMM32.DLL
0x00007fffa4290000 - 0x00007fffa432b000 	C:\Java\jdk-11.0.16.1\bin\msvcp140.dll
0x00007fff2da10000 - 0x00007fff2e528000 	C:\Java\jdk-11.0.16.1\bin\server\jvm.dll
0x00007fffc1540000 - 0x00007fffc1548000 	C:\Windows\System32\PSAPI.DLL
0x00007fff8dc20000 - 0x00007fff8dc29000 	C:\Windows\SYSTEM32\WSOCK32.dll
0x00007fffc1550000 - 0x00007fffc15bb000 	C:\Windows\System32\WS2_32.dll
0x00007fffb68a0000 - 0x00007fffb68c7000 	C:\Windows\SYSTEM32\WINMM.dll
0x00007fffbd430000 - 0x00007fffbd442000 	C:\Windows\SYSTEM32\kernel.appcore.dll
0x00007fffbb010000 - 0x00007fffbb020000 	C:\Java\jdk-11.0.16.1\bin\verify.dll
0x00007fffb9cb0000 - 0x00007fffb9e94000 	C:\Windows\SYSTEM32\DBGHELP.DLL
0x00007fffacaa0000 - 0x00007fffacad5000 	C:\Windows\SYSTEM32\dbgcore.DLL
0x00007fffbf610000 - 0x00007fffbf692000 	C:\Windows\System32\bcryptPrimitives.dll
0x00007fffa4170000 - 0x00007fffa4198000 	C:\Java\jdk-11.0.16.1\bin\java.dll
0x00007fffa4280000 - 0x00007fffa428a000 	C:\Java\jdk-11.0.16.1\bin\jimage.dll
0x00007fffa40e0000 - 0x00007fffa4118000 	C:\Java\jdk-11.0.16.1\bin\jdwp.dll
0x00007fffa40c0000 - 0x00007fffa40d6000 	C:\Java\jdk-11.0.16.1\bin\zip.dll
0x00007fffc0a30000 - 0x00007fffc1175000 	C:\Windows\System32\SHELL32.dll
0x00007fffbd630000 - 0x00007fffbddc2000 	C:\Windows\SYSTEM32\windows.storage.dll
0x00007fffbff00000 - 0x00007fffc0255000 	C:\Windows\System32\combase.dll
0x00007fffbefb0000 - 0x00007fffbefe0000 	C:\Windows\SYSTEM32\Wldp.dll
0x00007fffc15c0000 - 0x00007fffc166d000 	C:\Windows\System32\SHCORE.dll
0x00007fffbfea0000 - 0x00007fffbfef5000 	C:\Windows\System32\shlwapi.dll
0x00007fffbf490000 - 0x00007fffbf4af000 	C:\Windows\SYSTEM32\profapi.dll
0x00007fffa4160000 - 0x00007fffa416a000 	C:\Java\jdk-11.0.16.1\bin\dt_socket.dll
0x00007fffbed10000 - 0x00007fffbed7a000 	C:\Windows\System32\mswsock.dll
0x00007fffbea00000 - 0x00007fffbeacb000 	C:\Windows\SYSTEM32\DNSAPI.dll
0x00007fffbe9b0000 - 0x00007fffbe9eb000 	C:\Windows\SYSTEM32\IPHLPAPI.DLL
0x00007fffc1bb0000 - 0x00007fffc1bb8000 	C:\Windows\System32\NSI.dll
0x00007fffb1310000 - 0x00007fffb1390000 	C:\Windows\System32\fwpuclnt.dll
0x00007fffbfe70000 - 0x00007fffbfe97000 	C:\Windows\System32\bcrypt.dll
0x00007fffb17d0000 - 0x00007fffb17da000 	C:\Windows\System32\rasadhlp.dll
0x00007fffa40a0000 - 0x00007fffa40b9000 	C:\Java\jdk-11.0.16.1\bin\net.dll
0x00007fffb88d0000 - 0x00007fffb89da000 	C:\Windows\SYSTEM32\WINHTTP.dll
0x00007fffa4080000 - 0x00007fffa4092000 	C:\Java\jdk-11.0.16.1\bin\nio.dll
0x0000000069ac0000 - 0x0000000069ae4000 	C:\Maven\apache-maven-3.8.6\lib\jansi-native\Windows\x86_64\jansi.dll

dbghelp: loaded successfully - version: 4.0.5 - missing functions: none
symbol engine: initialized successfully - sym options: 0x614 - pdb path: .;C:\Java\jdk-11.0.16.1\bin;C:\Windows\SYSTEM32;C:\Windows\WinSxS\amd64_microsoft.windows.common-controls_6595b64144ccf1df_6.0.19041.1110_none_60b5254171f9507e;C:\Java\jdk-11.0.16.1\bin\server;C:\Maven\apache-maven-3.8.6\lib\jansi-native\Windows\x86_64

VM Arguments:
jvm_args: -Xdebug -Xrunjdwp:transport=dt_socket,server=y,suspend=y,address=8000 -Dclassworlds.conf=C:\Maven\apache-maven-3.8.6\bin\m2.conf -Dmaven.home=C:\Maven\apache-maven-3.8.6 -Dlibrary.jansi.path=C:\Maven\apache-maven-3.8.6\lib\jansi-native -Dmaven.multiModuleProjectDirectory=C:\git\paradise 
java_command: org.codehaus.plexus.classworlds.launcher.Launcher clean jetty:run
java_class_path (initial): C:\Maven\apache-maven-3.8.6\boot\plexus-classworlds-2.6.0.jar
Launcher Type: SUN_STANDARD

[Global flags]
     intx CICompilerCount                          = 3                                         {product} {ergonomic}
     uint ConcGCThreads                            = 2                                         {product} {ergonomic}
     uint G1ConcRefinementThreads                  = 6                                         {product} {ergonomic}
   size_t G1HeapRegionSize                         = 1048576                                   {product} {ergonomic}
    uintx GCDrainStackTargetSize                   = 64                                        {product} {ergonomic}
   size_t InitialHeapSize                          = 402653184                                 {product} {ergonomic}
   size_t MarkStackSize                            = 4194304                                   {product} {ergonomic}
   size_t MaxHeapSize                              = 6434062336                                {product} {ergonomic}
   size_t MaxNewSize                               = 3859808256                                {product} {ergonomic}
   size_t MinHeapDeltaBytes                        = 1048576                                   {product} {ergonomic}
    uintx NonNMethodCodeHeapSize                   = 5830732                                {pd product} {ergonomic}
    uintx NonProfiledCodeHeapSize                  = 122913754                              {pd product} {ergonomic}
    uintx ProfiledCodeHeapSize                     = 122913754                              {pd product} {ergonomic}
    uintx ReservedCodeCacheSize                    = 251658240                              {pd product} {ergonomic}
     bool SegmentedCodeCache                       = true                                      {product} {ergonomic}
     bool UseCompressedClassPointers               = true                                 {lp64_product} {ergonomic}
     bool UseCompressedOops                        = true                                 {lp64_product} {ergonomic}
     bool UseG1GC                                  = true                                      {product} {ergonomic}
     bool UseLargePagesIndividualAllocation        = false                                  {pd product} {ergonomic}

Logging:
Log output configuration:
 #0: stdout all=warning uptime,level,tags
 #1: stderr all=off uptime,level,tags

Environment Variables:
JAVA_HOME=C:\Java\jdk-11.0.16.1
PATH=C:\Windows\system32;C:\Windows;C:\Windows\System32\Wbem;C:\Windows\System32\WindowsPowerShell\v1.0\;C:\Windows\System32\OpenSSH\;C:\Program Files\Git\cmd;C:\Java\jdk-11.0.16.1\bin;C:\Maven\apache-maven-3.8.6\bin;C:\ProgramData\chocolatey\bin;C:\Program Files\nodejs\;C:\Users\Fabricio\AppData\Local\Microsoft\WindowsApps;;C:\Users\Fabricio\AppData\Local\Programs\Microsoft VS Code\bin;C:\Users\Fabricio\AppData\Roaming\npm;C:\Program Files\JetBrains\IntelliJ IDEA Community Edition 2022.3.1\bin;;C:\Program Files\heroku\bin
USERNAME=Fabricio
OS=Windows_NT
PROCESSOR_IDENTIFIER=AMD64 Family 16 Model 10 Stepping 0, AuthenticAMD



---------------  S Y S T E M  ---------------

OS: Windows 10 , 64 bit Build 19041 (10.0.19041.2546)

CPU:total 6 (initial active 6) (6 cores per cpu, 1 threads per core) family 16 model 10 stepping 0 microcode 0x0, cmov, cx8, fxsr, mmx, sse, sse2, sse3, popcnt, mmxext, 3dnowpref, lzcnt, sse4a, tsc, tscinvbit, tscinv

Memory: 4k page, system-wide physical 24536M (14233M free)
TotalPageFile size 28120M (AvailPageFile size 13761M)
current process WorkingSet (physical memory assigned to process): 301M, peak: 301M
current process commit charge ("private bytes"): 562M, peak: 574M

vm_info: Java HotSpot(TM) 64-Bit Server VM (11.0.16.1+1-LTS-1) for windows-amd64 JRE (11.0.16.1+1-LTS-1), built on Aug 16 2022 01:46:01 by "mach5one" with MS VC++ 15.9 (VS2017)

END.
