#
# A fatal error has been detected by the Java Runtime Environment:
#
#  EXCEPTION_ACCESS_VIOLATION (0xc0000005) at pc=0x00007fff920f15e1, pid=17764, tid=3444
#
# JRE version: Java(TM) SE Runtime Environment 18.9 (11.0.16.1+1) (build 11.0.16.1+1-LTS-1)
# Java VM: Java HotSpot(TM) 64-Bit Server VM 18.9 (11.0.16.1+1-LTS-1, mixed mode, tiered, compressed oops, g1 gc, windows-amd64)
# Problematic frame:
# V  [jvm.dll+0x1815e1]
#
# No core dump will be written. Minidumps are not enabled by default on client versions of Windows
#
# If you would like to submit a bug report, please visit:
#   https://bugreport.java.com/bugreport/crash.jsp
#

---------------  S U M M A R Y ------------

Command Line: -Xdebug -Xrunjdwp:transport=dt_socket,server=y,suspend=y,address=8000 -Dclassworlds.conf=C:\Maven\apache-maven-3.8.6\bin\m2.conf -Dmaven.home=C:\Maven\apache-maven-3.8.6 -Dlibrary.jansi.path=C:\Maven\apache-maven-3.8.6\lib\jansi-native -Dmaven.multiModuleProjectDirectory=C:\git\paradise org.codehaus.plexus.classworlds.launcher.Launcher clean jetty:run

Host: AMD Phenom(tm) II X6 1100T Processor, 6 cores, 23G,  Windows 10 , 64 bit Build 19041 (10.0.19041.2546)
Time: Thu Mar 23 01:32:50 2023 Hora oficial do Brasil elapsed time: 20.358588 seconds (0d 0h 0m 20s)

---------------  T H R E A D  ---------------

Current thread (0x00000186cd15d000):  GCTaskThread "GC Thread#2" [stack: 0x0000005fa0200000,0x0000005fa0300000] [id=3444]

Stack: [0x0000005fa0200000,0x0000005fa0300000],  sp=0x0000005fa02ff078,  free space=1020k
Native frames: (J=compiled Java code, j=interpreted, Vv=VM code, C=native code)
V  [jvm.dll+0x1815e1]


siginfo: EXCEPTION_ACCESS_VIOLATION (0xc0000005), reading address 0x000000000000c110


Register to memory mapping:

RIP=0x00007fff920f15e1 jvm.dll
RAX=0x000000000000c000 is an unknown value
RBX=0x000000068d14fd74 is pointing into object: java.lang.Class 
{0x000000068d14fd50} - klass: 'java/lang/Class'
RCX=0x0000000800000000 is pointing into metadata
RDX=0x0000000694cedf68 is pointing into object: [Z 
{0x0000000694cedee0} - klass: {type array bool}
 - length: 256
RSP=0x0000005fa02ff078 points into unknown readable memory: 0x00007fff92263dde | de 3d 26 92 ff 7f 00 00
RBP=0x00000186cd85fed0 points into unknown readable memory: 0x00007fff927dce48 | 48 ce 7d 92 ff 7f 00 00
RSI=0x00000186cd85fed0 points into unknown readable memory: 0x00007fff927dce48 | 48 ce 7d 92 ff 7f 00 00
RDI=0x0000000000000001 is an unknown value
R8 =0x0 is NULL
R9 =0x0000000800000000 is pointing into metadata
R10=0x000000068d150664 is pointing into object: java.lang.invoke.ResolvedMethodName 
{0x000000068d150658} - klass: 'java/lang/invoke/ResolvedMethodName'
R11=0x00000186cd860040 points into unknown readable memory: 0x00007fff927dce00 | 00 ce 7d 92 ff 7f 00 00
R12=0x0 is NULL
R13=64 is a compressed pointer to class: 0x0000000800000040
R14=0x0000000694cedf68 is pointing into object: [Z 
{0x0000000694cedee0} - klass: {type array bool}
 - length: 256
R15=0x0 is NULL


Registers:
RAX=0x000000000000c000, RBX=0x000000068d14fd74, RCX=0x0000000800000000, RDX=0x0000000694cedf68
RSP=0x0000005fa02ff078, RBP=0x00000186cd85fed0, RSI=0x00000186cd85fed0, RDI=0x0000000000000001
R8 =0x0000000000000000, R9 =0x0000000800000000, R10=0x000000068d150664, R11=0x00000186cd860040
R12=0x0000000000000000, R13=0x0000000000000040, R14=0x0000000694cedf68, R15=0x0000000000000000
RIP=0x00007fff920f15e1, EFLAGS=0x0000000000010246

Top of Stack: (sp=0x0000005fa02ff078)
0x0000005fa02ff078:   00007fff92263dde 000000068d14fd01
0x0000005fa02ff088:   000000068d150710 000000068d150658
0x0000005fa02ff098:   0000000000000075 0000000600000075
0x0000005fa02ff0a8:   0000000000010000 000000018d147110
0x0000005fa02ff0b8:   00007fff9223d86e 00000186cd85fed0
0x0000005fa02ff0c8:   0000000000000040 00000186a1f7dd20
0x0000005fa02ff0d8:   0000000000000040 0000000000000000
0x0000005fa02ff0e8:   00000186a1f7dca0 0000000000000020
0x0000005fa02ff0f8:   00007fff92262723 000000068d1503b0
0x0000005fa02ff108:   00007fff92263600 0000000000000011
0x0000005fa02ff118:   000000068d14fd74 0000000000000000
0x0000005fa02ff128:   000000068d14fd75 0000005fa02ff1c0
0x0000005fa02ff138:   00007fff92264239 00000186d09b6c01
0x0000005fa02ff148:   000000068d150308 0000000000000020
0x0000005fa02ff158:   00000186a1f7b010 00000186d09b6c98
0x0000005fa02ff168:   00000186cbfe8bc0 0000000000000000 

Instructions: (pc=0x00007fff920f15e1)
0x00007fff920f15c1:   10 0f b6 c1 49 8d 0c 11 49 f7 d1 48 03 c1 49 c1
0x00007fff920f15d1:   e9 03 48 c1 e8 03 41 23 c1 c3 49 8b 01 49 8b c9
0x00007fff920f15e1:   48 ff a0 10 01 00 00 cc cc cc cc cc cc cc cc 48
0x00007fff920f15f1:   8b c2 c3 cc cc cc cc cc cc cc cc cc cc cc cc 48 


Stack slot to memory mapping:
stack at sp + 0 slots: 0x00007fff92263dde jvm.dll
stack at sp + 1 slots: 0x000000068d14fd01 is pointing into object: java.lang.Class 
{0x000000068d14fce0} - klass: 'java/lang/Class'
stack at sp + 2 slots: 0x000000068d150710 is an oop: [I 
{0x000000068d150710} - klass: {type array int}
 - length: 0
stack at sp + 3 slots: 0x000000068d150658 is an oop: java.lang.invoke.ResolvedMethodName 
{0x000000068d150658} - klass: 'java/lang/invoke/ResolvedMethodName'
stack at sp + 4 slots: 0x0000000000000075 is an unknown value
stack at sp + 5 slots: 0x0000000600000075 is an unknown value
stack at sp + 6 slots: 0x0000000000010000 is an unknown value
stack at sp + 7 slots: 0x000000018d147110 is an unknown value


---------------  P R O C E S S  ---------------

Threads class SMR info:
_java_thread_list=0x00000186d3db0fc0, length=24, elements={
0x00000186a1f68800, 0x00000186cbd50800, 0x00000186cbd51800, 0x00000186cbdd6000,
0x00000186cbdd7800, 0x00000186cbdd9800, 0x00000186cbde0000, 0x00000186cbde6800,
0x00000186cbdf0000, 0x00000186cbfa0000, 0x00000186cbfa4800, 0x00000186cbfa6000,
0x00000186cbfc2000, 0x00000186ccd64000, 0x00000186ccd64800, 0x00000186ccd65800,
0x00000186d079e000, 0x00000186d0262800, 0x00000186d0638800, 0x00000186d0639000,
0x00000186ccf71000, 0x00000186ccf70800, 0x00000186cbde1000, 0x00000186ccf72800
}

Java Threads: ( => current thread )
  0x00000186a1f68800 JavaThread "main" [_thread_blocked, id=18732, stack(0x0000005f9ec00000,0x0000005f9ed00000)]
  0x00000186cbd50800 JavaThread "Reference Handler" daemon [_thread_blocked, id=7052, stack(0x0000005f9f300000,0x0000005f9f400000)]
  0x00000186cbd51800 JavaThread "Finalizer" daemon [_thread_blocked, id=10460, stack(0x0000005f9f400000,0x0000005f9f500000)]
  0x00000186cbdd6000 JavaThread "Signal Dispatcher" daemon [_thread_blocked, id=1588, stack(0x0000005f9f500000,0x0000005f9f600000)]
  0x00000186cbdd7800 JavaThread "Attach Listener" daemon [_thread_blocked, id=8084, stack(0x0000005f9f600000,0x0000005f9f700000)]
  0x00000186cbdd9800 JavaThread "Service Thread" daemon [_thread_blocked, id=9176, stack(0x0000005f9f700000,0x0000005f9f800000)]
  0x00000186cbde0000 JavaThread "C2 CompilerThread0" daemon [_thread_in_native, id=6824, stack(0x0000005f9f800000,0x0000005f9f900000)]
  0x00000186cbde6800 JavaThread "C1 CompilerThread0" daemon [_thread_blocked, id=17168, stack(0x0000005f9f900000,0x0000005f9fa00000)]
  0x00000186cbdf0000 JavaThread "Sweeper thread" daemon [_thread_blocked, id=17012, stack(0x0000005f9fa00000,0x0000005f9fb00000)]
  0x00000186cbfa0000 JavaThread "JDWP Transport Listener: dt_socket" daemon [_thread_blocked, id=2648, stack(0x0000005f9fb00000,0x0000005f9fc00000)]
  0x00000186cbfa4800 JavaThread "JDWP Event Helper Thread" daemon [_thread_blocked, id=15700, stack(0x0000005f9fc00000,0x0000005f9fd00000)]
  0x00000186cbfa6000 JavaThread "JDWP Command Reader" daemon [_thread_in_native, id=17732, stack(0x0000005f9fd00000,0x0000005f9fe00000)]
  0x00000186cbfc2000 JavaThread "Common-Cleaner" daemon [_thread_blocked, id=7804, stack(0x0000005f9ff00000,0x0000005fa0000000)]
  0x00000186ccd64000 JavaThread "qtp659416252-18" [_thread_blocked, id=18268, stack(0x0000005fa0a00000,0x0000005fa0b00000)]
  0x00000186ccd64800 JavaThread "qtp659416252-19" [_thread_blocked, id=10072, stack(0x0000005fa0b00000,0x0000005fa0c00000)]
  0x00000186ccd65800 JavaThread "qtp659416252-20" [_thread_blocked, id=15152, stack(0x0000005fa0c00000,0x0000005fa0d00000)]
  0x00000186d079e000 JavaThread "qtp659416252-21" [_thread_blocked, id=12896, stack(0x0000005fa0d00000,0x0000005fa0e00000)]
  0x00000186d0262800 JavaThread "qtp659416252-22" [_thread_blocked, id=14460, stack(0x0000005fa0e00000,0x0000005fa0f00000)]
  0x00000186d0638800 JavaThread "qtp659416252-23" [_thread_blocked, id=18860, stack(0x0000005fa0f00000,0x0000005fa1000000)]
  0x00000186d0639000 JavaThread "qtp659416252-24" [_thread_blocked, id=6820, stack(0x0000005fa1000000,0x0000005fa1100000)]
  0x00000186ccf71000 JavaThread "qtp659416252-25" [_thread_blocked, id=6892, stack(0x0000005fa1100000,0x0000005fa1200000)]
  0x00000186ccf70800 JavaThread "Session-HouseKeeper-1f1d3207-1" [_thread_blocked, id=17612, stack(0x0000005fa1200000,0x0000005fa1300000)]
  0x00000186cbde1000 JavaThread "C2 CompilerThread1" daemon [_thread_in_native, id=7452, stack(0x0000005fa0000000,0x0000005fa0100000)]
  0x00000186ccf72800 JavaThread "Keep-Alive-Timer" daemon [_thread_blocked, id=17504, stack(0x0000005fa1300000,0x0000005fa1400000)]

Other Threads:
  0x00000186cbd4f000 VMThread "VM Thread" [stack: 0x0000005f9f200000,0x0000005f9f300000] [id=14416]
  0x00000186cbfbd000 WatcherThread [stack: 0x0000005f9fe00000,0x0000005f9ff00000] [id=15208]
  0x00000186a1f7c800 GCTaskThread "GC Thread#0" [stack: 0x0000005f9ed00000,0x0000005f9ee00000] [id=13900]
  0x00000186cd15a800 GCTaskThread "GC Thread#1" [stack: 0x0000005fa0100000,0x0000005fa0200000] [id=16012]
=>0x00000186cd15d000 GCTaskThread "GC Thread#2" [stack: 0x0000005fa0200000,0x0000005fa0300000] [id=3444]
  0x00000186ccfed000 GCTaskThread "GC Thread#3" [stack: 0x0000005fa0300000,0x0000005fa0400000] [id=4248]
  0x00000186cd132800 GCTaskThread "GC Thread#4" [stack: 0x0000005fa0400000,0x0000005fa0500000] [id=17264]
  0x00000186ccf9c800 GCTaskThread "GC Thread#5" [stack: 0x0000005fa0500000,0x0000005fa0600000] [id=7164]
  0x00000186a2003800 ConcurrentGCThread "G1 Main Marker" [stack: 0x0000005f9ee00000,0x0000005f9ef00000] [id=4656]
  0x00000186a2006000 ConcurrentGCThread "G1 Conc#0" [stack: 0x0000005f9ef00000,0x0000005f9f000000] [id=18864]
  0x00000186cdaa3800 ConcurrentGCThread "G1 Conc#1" [stack: 0x0000005fa0600000,0x0000005fa0700000] [id=11684]
  0x00000186cb083800 ConcurrentGCThread "G1 Refine#0" [stack: 0x0000005f9f000000,0x0000005f9f100000] [id=16548]
  0x00000186d0c83000 ConcurrentGCThread "G1 Refine#1" [stack: 0x0000005fa0700000,0x0000005fa0800000] [id=18756]
  0x00000186cf22d800 ConcurrentGCThread "G1 Refine#2" [stack: 0x0000005fa0800000,0x0000005fa0900000] [id=2524]
  0x00000186d0ce8800 ConcurrentGCThread "G1 Refine#3" [stack: 0x0000005fa0900000,0x0000005fa0a00000] [id=16368]
  0x00000186cb084800 ConcurrentGCThread "G1 Young RemSet Sampling" [stack: 0x0000005f9f100000,0x0000005f9f200000] [id=10852]

Threads with active compile tasks:
C2 CompilerThread0    20376 10401       4       org.apache.xbean.asm9.ClassReader::accept (1383 bytes)
C2 CompilerThread1    20376 10407       4       org.apache.xbean.asm9.ClassReader::readField (667 bytes)

VM state:at safepoint (normal execution)

VM Mutex/Monitor currently owned by a thread:  ([mutex/lock_event])
[0x00000186a1f65bd0] Threads_lock - owner thread: 0x00000186cbd4f000
[0x00000186a1f651b0] Heap_lock - owner thread: 0x00000186a1f68800

Heap address: 0x0000000680800000, size: 6136 MB, Compressed Oops mode: Zero based, Oop shift amount: 3
Narrow klass base: 0x0000000800000000, Narrow klass shift: 0
Compressed class space size: 1073741824 Address: 0x0000000800000000

Heap:
 garbage-first heap   total 472064K, used 378859K [0x0000000680800000, 0x0000000800000000)
  region size 1024K, 269 young (275456K), 32 survivors (32768K)
 Metaspace       used 66068K, capacity 67430K, committed 67660K, reserved 1107968K
  class space    used 7725K, capacity 8264K, committed 8396K, reserved 1048576K
Heap Regions: E=young(eden), S=young(survivor), O=old, HS=humongous(starts), HC=humongous(continues), CS=collection set, F=free, A=archive, TAMS=top-at-mark-start (previous, next)
|   0|0x0000000680800000, 0x0000000680900000, 0x0000000680900000|100%| O|  |TAMS 0x0000000680900000, 0x0000000680800000| Untracked 
|   1|0x0000000680900000, 0x0000000680a00000, 0x0000000680a00000|100%| O|  |TAMS 0x0000000680a00000, 0x0000000680900000| Complete 
|   2|0x0000000680a00000, 0x0000000680b00000, 0x0000000680b00000|100%| O|  |TAMS 0x0000000680b00000, 0x0000000680a00000| Complete 
|   3|0x0000000680b00000, 0x0000000680c00000, 0x0000000680c00000|100%| O|  |TAMS 0x0000000680c00000, 0x0000000680b00000| Complete 
|   4|0x0000000680c00000, 0x0000000680d00000, 0x0000000680d00000|100%|HS|  |TAMS 0x0000000680d00000, 0x0000000680c00000| Complete 
|   5|0x0000000680d00000, 0x0000000680e00000, 0x0000000680e00000|100%| O|  |TAMS 0x0000000680e00000, 0x0000000680d00000| Complete 
|   6|0x0000000680e00000, 0x0000000680f00000, 0x0000000680f00000|100%| O|  |TAMS 0x0000000680f00000, 0x0000000680e00000| Complete 
|   7|0x0000000680f00000, 0x0000000681000000, 0x0000000681000000|100%|HS|  |TAMS 0x0000000680f00000, 0x0000000680f00000| Complete 
|   8|0x0000000681000000, 0x0000000681100000, 0x0000000681100000|100%| O|  |TAMS 0x0000000681100000, 0x0000000681000000| Untracked 
|   9|0x0000000681100000, 0x0000000681200000, 0x0000000681200000|100%| O|  |TAMS 0x0000000681200000, 0x0000000681100000| Untracked 
|  10|0x0000000681200000, 0x0000000681300000, 0x0000000681300000|100%| O|  |TAMS 0x0000000681300000, 0x0000000681200000| Complete 
|  11|0x0000000681300000, 0x0000000681400000, 0x0000000681400000|100%| O|  |TAMS 0x0000000681400000, 0x0000000681300000| Complete 
|  12|0x0000000681400000, 0x0000000681500000, 0x0000000681500000|100%| O|  |TAMS 0x0000000681500000, 0x0000000681400000| Complete 
|  13|0x0000000681500000, 0x0000000681600000, 0x0000000681600000|100%| O|  |TAMS 0x0000000681600000, 0x0000000681500000| Complete 
|  14|0x0000000681600000, 0x0000000681700000, 0x0000000681700000|100%| O|  |TAMS 0x0000000681700000, 0x0000000681600000| Complete 
|  15|0x0000000681700000, 0x0000000681800000, 0x0000000681800000|100%| O|  |TAMS 0x0000000681800000, 0x0000000681700000| Complete 
|  16|0x0000000681800000, 0x0000000681900000, 0x0000000681900000|100%| O|  |TAMS 0x0000000681900000, 0x0000000681800000| Complete 
|  17|0x0000000681900000, 0x0000000681a00000, 0x0000000681a00000|100%| O|  |TAMS 0x0000000681a00000, 0x0000000681900000| Complete 
|  18|0x0000000681a00000, 0x0000000681b00000, 0x0000000681b00000|100%| O|  |TAMS 0x0000000681b00000, 0x0000000681a00000| Untracked 
|  19|0x0000000681b00000, 0x0000000681c00000, 0x0000000681c00000|100%| O|  |TAMS 0x0000000681c00000, 0x0000000681b00000| Complete 
|  20|0x0000000681c00000, 0x0000000681d00000, 0x0000000681d00000|100%| O|  |TAMS 0x0000000681d00000, 0x0000000681c00000| Complete 
|  21|0x0000000681d00000, 0x0000000681e00000, 0x0000000681e00000|100%| O|  |TAMS 0x0000000681e00000, 0x0000000681d00000| Complete 
|  22|0x0000000681e00000, 0x0000000681f00000, 0x0000000681f00000|100%| O|  |TAMS 0x0000000681f00000, 0x0000000681e00000| Complete 
|  23|0x0000000681f00000, 0x0000000682000000, 0x0000000682000000|100%| O|  |TAMS 0x0000000682000000, 0x0000000681f00000| Complete 
|  24|0x0000000682000000, 0x0000000682100000, 0x0000000682100000|100%| O|  |TAMS 0x0000000682100000, 0x0000000682000000| Complete 
|  25|0x0000000682100000, 0x0000000682200000, 0x0000000682200000|100%| O|  |TAMS 0x0000000682200000, 0x0000000682100000| Complete 
|  26|0x0000000682200000, 0x0000000682300000, 0x0000000682300000|100%|HS|  |TAMS 0x0000000682200000, 0x0000000682200000| Complete 
|  27|0x0000000682300000, 0x0000000682400000, 0x0000000682400000|100%| O|  |TAMS 0x0000000682400000, 0x0000000682300000| Complete 
|  28|0x0000000682400000, 0x0000000682500000, 0x0000000682500000|100%| O|  |TAMS 0x0000000682500000, 0x0000000682400000| Complete 
|  29|0x0000000682500000, 0x0000000682600000, 0x0000000682600000|100%| O|  |TAMS 0x0000000682600000, 0x0000000682500000| Complete 
|  30|0x0000000682600000, 0x0000000682700000, 0x0000000682700000|100%| O|  |TAMS 0x0000000682700000, 0x0000000682600000| Complete 
|  31|0x0000000682700000, 0x0000000682800000, 0x0000000682800000|100%| O|  |TAMS 0x0000000682800000, 0x0000000682700000| Complete 
|  32|0x0000000682800000, 0x0000000682900000, 0x0000000682900000|100%| O|  |TAMS 0x0000000682800000, 0x0000000682800000| Untracked 
|  33|0x0000000682900000, 0x0000000682a00000, 0x0000000682a00000|100%| O|  |TAMS 0x0000000682a00000, 0x0000000682900000| Complete 
|  34|0x0000000682a00000, 0x0000000682b00000, 0x0000000682b00000|100%| O|  |TAMS 0x0000000682b00000, 0x0000000682a00000| Complete 
|  35|0x0000000682b00000, 0x0000000682c00000, 0x0000000682c00000|100%| O|  |TAMS 0x0000000682c00000, 0x0000000682b00000| Complete 
|  36|0x0000000682c00000, 0x0000000682d00000, 0x0000000682d00000|100%| O|  |TAMS 0x0000000682c00000, 0x0000000682c00000| Untracked 
|  37|0x0000000682d00000, 0x0000000682e00000, 0x0000000682e00000|100%| O|  |TAMS 0x0000000682e00000, 0x0000000682d00000| Complete 
|  38|0x0000000682e00000, 0x0000000682f00000, 0x0000000682f00000|100%| O|  |TAMS 0x0000000682f00000, 0x0000000682e00000| Complete 
|  39|0x0000000682f00000, 0x0000000683000000, 0x0000000683000000|100%| O|  |TAMS 0x0000000683000000, 0x0000000682f00000| Complete 
|  40|0x0000000683000000, 0x0000000683100000, 0x0000000683100000|100%| O|  |TAMS 0x0000000683100000, 0x0000000683000000| Complete 
|  41|0x0000000683100000, 0x0000000683200000, 0x0000000683200000|100%|HS|  |TAMS 0x0000000683200000, 0x0000000683100000| Complete 
|  42|0x0000000683200000, 0x0000000683300000, 0x0000000683300000|100%|HC|  |TAMS 0x0000000683300000, 0x0000000683200000| Complete 
|  43|0x0000000683300000, 0x0000000683400000, 0x0000000683400000|100%| O|  |TAMS 0x0000000683400000, 0x0000000683300000| Complete 
|  44|0x0000000683400000, 0x0000000683500000, 0x0000000683500000|100%| O|  |TAMS 0x0000000683500000, 0x0000000683400000| Complete 
|  45|0x0000000683500000, 0x0000000683600000, 0x0000000683600000|100%| O|  |TAMS 0x0000000683600000, 0x0000000683500000| Complete 
|  46|0x0000000683600000, 0x0000000683700000, 0x0000000683700000|100%| O|  |TAMS 0x0000000683700000, 0x0000000683600000| Complete 
|  47|0x0000000683700000, 0x0000000683800000, 0x0000000683800000|100%| O|  |TAMS 0x0000000683800000, 0x0000000683700000| Untracked 
|  48|0x0000000683800000, 0x0000000683900000, 0x0000000683900000|100%| O|  |TAMS 0x0000000683900000, 0x0000000683800000| Untracked 
|  49|0x0000000683900000, 0x0000000683a00000, 0x0000000683a00000|100%|HS|  |TAMS 0x0000000683a00000, 0x0000000683900000| Complete 
|  50|0x0000000683a00000, 0x0000000683b00000, 0x0000000683b00000|100%| O|  |TAMS 0x0000000683b00000, 0x0000000683a00000| Complete 
|  51|0x0000000683b00000, 0x0000000683c00000, 0x0000000683c00000|100%| O|  |TAMS 0x0000000683c00000, 0x0000000683b00000| Complete 
|  52|0x0000000683c00000, 0x0000000683d00000, 0x0000000683d00000|100%| O|  |TAMS 0x0000000683d00000, 0x0000000683c00000| Complete 
|  53|0x0000000683d00000, 0x0000000683e00000, 0x0000000683e00000|100%| O|  |TAMS 0x0000000683e00000, 0x0000000683d00000| Complete 
|  54|0x0000000683e00000, 0x0000000683f00000, 0x0000000683f00000|100%| O|  |TAMS 0x0000000683f00000, 0x0000000683e00000| Complete 
|  55|0x0000000683f00000, 0x0000000684000000, 0x0000000684000000|100%| O|  |TAMS 0x0000000684000000, 0x0000000683f00000| Complete 
|  56|0x0000000684000000, 0x0000000684100000, 0x0000000684100000|100%| O|  |TAMS 0x0000000684100000, 0x0000000684000000| Untracked 
|  57|0x0000000684100000, 0x0000000684200000, 0x0000000684200000|100%| O|  |TAMS 0x0000000684200000, 0x0000000684100000| Untracked 
|  58|0x0000000684200000, 0x0000000684300000, 0x0000000684300000|100%| O|  |TAMS 0x0000000684300000, 0x0000000684200000| Untracked 
|  59|0x0000000684300000, 0x0000000684400000, 0x0000000684400000|100%| O|  |TAMS 0x0000000684400000, 0x0000000684300000| Complete 
|  60|0x0000000684400000, 0x0000000684500000, 0x0000000684500000|100%| O|  |TAMS 0x0000000684500000, 0x0000000684400000| Complete 
|  61|0x0000000684500000, 0x0000000684600000, 0x0000000684600000|100%| O|  |TAMS 0x0000000684600000, 0x0000000684500000| Complete 
|  62|0x0000000684600000, 0x0000000684700000, 0x0000000684700000|100%| O|  |TAMS 0x0000000684700000, 0x0000000684600000| Untracked 
|  63|0x0000000684700000, 0x0000000684800000, 0x0000000684800000|100%| O|  |TAMS 0x0000000684800000, 0x0000000684700000| Untracked 
|  64|0x0000000684800000, 0x0000000684900000, 0x0000000684900000|100%| O|  |TAMS 0x0000000684900000, 0x0000000684800000| Untracked 
|  65|0x0000000684900000, 0x0000000684a00000, 0x0000000684a00000|100%| O|  |TAMS 0x0000000684a00000, 0x0000000684900000| Complete 
|  66|0x0000000684a00000, 0x0000000684b00000, 0x0000000684b00000|100%| O|  |TAMS 0x0000000684b00000, 0x0000000684a00000| Complete 
|  67|0x0000000684b00000, 0x0000000684c00000, 0x0000000684c00000|100%| O|  |TAMS 0x0000000684c00000, 0x0000000684b00000| Complete 
|  68|0x0000000684c00000, 0x0000000684d00000, 0x0000000684d00000|100%| O|  |TAMS 0x0000000684d00000, 0x0000000684c00000| Untracked 
|  69|0x0000000684d00000, 0x0000000684e00000, 0x0000000684e00000|100%| O|  |TAMS 0x0000000684e00000, 0x0000000684d00000| Complete 
|  70|0x0000000684e00000, 0x0000000684f00000, 0x0000000684f00000|100%| O|  |TAMS 0x0000000684f00000, 0x0000000684e00000| Complete 
|  71|0x0000000684f00000, 0x0000000685000000, 0x0000000685000000|100%|HS|  |TAMS 0x0000000685000000, 0x0000000684f00000| Complete 
|  72|0x0000000685000000, 0x0000000685100000, 0x0000000685100000|100%| O|  |TAMS 0x0000000685100000, 0x0000000685000000| Untracked 
|  73|0x0000000685100000, 0x0000000685200000, 0x0000000685200000|100%|HS|  |TAMS 0x0000000685200000, 0x0000000685100000| Complete 
|  74|0x0000000685200000, 0x0000000685300000, 0x0000000685300000|100%| O|  |TAMS 0x0000000685300000, 0x0000000685200000| Untracked 
|  75|0x0000000685300000, 0x0000000685400000, 0x0000000685400000|100%| O|  |TAMS 0x0000000685400000, 0x0000000685300000| Untracked 
|  76|0x0000000685400000, 0x0000000685500000, 0x0000000685500000|100%| O|  |TAMS 0x0000000685500000, 0x0000000685400000| Untracked 
|  77|0x0000000685500000, 0x0000000685600000, 0x0000000685600000|100%| O|  |TAMS 0x0000000685600000, 0x0000000685500000| Untracked 
|  78|0x0000000685600000, 0x0000000685700000, 0x0000000685700000|100%| O|  |TAMS 0x0000000685700000, 0x0000000685600000| Untracked 
|  79|0x0000000685700000, 0x0000000685800000, 0x0000000685800000|100%| O|  |TAMS 0x0000000685800000, 0x0000000685700000| Untracked 
|  80|0x0000000685800000, 0x0000000685900000, 0x0000000685900000|100%| O|  |TAMS 0x0000000685900000, 0x0000000685800000| Untracked 
|  81|0x0000000685900000, 0x0000000685a00000, 0x0000000685a00000|100%| O|  |TAMS 0x0000000685a00000, 0x0000000685900000| Untracked 
|  82|0x0000000685a00000, 0x0000000685b00000, 0x0000000685b00000|100%| O|  |TAMS 0x0000000685b00000, 0x0000000685a00000| Untracked 
|  83|0x0000000685b00000, 0x0000000685c00000, 0x0000000685c00000|100%| O|  |TAMS 0x0000000685c00000, 0x0000000685b00000| Untracked 
|  84|0x0000000685c00000, 0x0000000685d00000, 0x0000000685d00000|100%| O|  |TAMS 0x0000000685d00000, 0x0000000685c00000| Untracked 
|  85|0x0000000685d00000, 0x0000000685e00000, 0x0000000685e00000|100%| O|  |TAMS 0x0000000685e00000, 0x0000000685d00000| Complete 
|  86|0x0000000685e00000, 0x0000000685f00000, 0x0000000685f00000|100%| O|  |TAMS 0x0000000685f00000, 0x0000000685e00000| Complete 
|  87|0x0000000685f00000, 0x0000000686000000, 0x0000000686000000|100%| O|  |TAMS 0x0000000686000000, 0x0000000685f00000| Untracked 
|  88|0x0000000686000000, 0x0000000686100000, 0x0000000686100000|100%| O|  |TAMS 0x0000000686100000, 0x0000000686000000| Untracked 
|  89|0x0000000686100000, 0x0000000686200000, 0x0000000686200000|100%| O|  |TAMS 0x0000000686200000, 0x0000000686100000| Untracked 
|  90|0x0000000686200000, 0x0000000686300000, 0x0000000686300000|100%| O|  |TAMS 0x0000000686300000, 0x0000000686200000| Untracked 
|  91|0x0000000686300000, 0x0000000686400000, 0x0000000686400000|100%| O|  |TAMS 0x0000000686400000, 0x0000000686300000| Complete 
|  92|0x0000000686400000, 0x0000000686500000, 0x0000000686500000|100%| O|  |TAMS 0x0000000686500000, 0x0000000686400000| Untracked 
|  93|0x0000000686500000, 0x0000000686600000, 0x0000000686600000|100%| O|  |TAMS 0x0000000686600000, 0x0000000686500000| Untracked 
|  94|0x0000000686600000, 0x0000000686700000, 0x0000000686700000|100%| O|  |TAMS 0x0000000686700000, 0x0000000686600000| Complete 
|  95|0x0000000686700000, 0x0000000686800000, 0x0000000686800000|100%| O|  |TAMS 0x0000000686800000, 0x0000000686700000| Complete 
|  96|0x0000000686800000, 0x0000000686900000, 0x0000000686900000|100%| O|  |TAMS 0x0000000686900000, 0x0000000686800000| Untracked 
|  97|0x0000000686900000, 0x0000000686a00000, 0x0000000686a00000|100%| O|  |TAMS 0x0000000686a00000, 0x0000000686900000| Untracked 
|  98|0x0000000686a00000, 0x0000000686b00000, 0x0000000686b00000|100%| O|  |TAMS 0x0000000686b00000, 0x0000000686a00000| Untracked 
|  99|0x0000000686b00000, 0x0000000686c00000, 0x0000000686c00000|100%| O|  |TAMS 0x0000000686c00000, 0x0000000686b00000| Complete 
| 100|0x0000000686c00000, 0x0000000686d00000, 0x0000000686d00000|100%| O|  |TAMS 0x0000000686d00000, 0x0000000686c00000| Untracked 
| 101|0x0000000686d00000, 0x0000000686e00000, 0x0000000686e00000|100%| O|  |TAMS 0x0000000686e00000, 0x0000000686d00000| Untracked 
| 102|0x0000000686e00000, 0x0000000686f00000, 0x0000000686f00000|100%| O|  |TAMS 0x0000000686f00000, 0x0000000686e00000| Untracked 
| 103|0x0000000686f00000, 0x0000000687000000, 0x0000000687000000|100%| O|  |TAMS 0x0000000687000000, 0x0000000686f00000| Complete 
| 104|0x0000000687000000, 0x0000000687100000, 0x0000000687100000|100%| O|  |TAMS 0x0000000687100000, 0x0000000687000000| Complete 
| 105|0x0000000687100000, 0x0000000687200000, 0x0000000687200000|100%| O|  |TAMS 0x0000000687200000, 0x0000000687100000| Complete 
| 106|0x0000000687200000, 0x0000000687300000, 0x0000000687300000|100%| O|  |TAMS 0x0000000687300000, 0x0000000687200000| Complete 
| 107|0x0000000687300000, 0x0000000687400000, 0x0000000687400000|100%| O|  |TAMS 0x0000000687400000, 0x0000000687300000| Complete 
| 108|0x0000000687400000, 0x0000000687500000, 0x0000000687500000|100%| O|  |TAMS 0x0000000687500000, 0x0000000687400000| Complete 
| 109|0x0000000687500000, 0x0000000687600000, 0x0000000687600000|100%| O|  |TAMS 0x0000000687600000, 0x0000000687500000| Untracked 
| 110|0x0000000687600000, 0x0000000687700000, 0x0000000687700000|100%| O|  |TAMS 0x0000000687700000, 0x0000000687600000| Complete 
| 111|0x0000000687700000, 0x0000000687800000, 0x0000000687800000|100%| O|  |TAMS 0x0000000687800000, 0x0000000687700000| Untracked 
| 112|0x0000000687800000, 0x0000000687900000, 0x0000000687900000|100%| O|  |TAMS 0x0000000687900000, 0x0000000687800000| Untracked 
| 113|0x0000000687900000, 0x0000000687a00000, 0x0000000687a00000|100%| O|  |TAMS 0x0000000687a00000, 0x0000000687900000| Complete 
| 114|0x0000000687a00000, 0x0000000687b00000, 0x0000000687b00000|100%| O|  |TAMS 0x0000000687b00000, 0x0000000687a00000| Complete 
| 115|0x0000000687b00000, 0x0000000687c00000, 0x0000000687c00000|100%| O|  |TAMS 0x0000000687c00000, 0x0000000687b00000| Complete 
| 116|0x0000000687c00000, 0x0000000687d00000, 0x0000000687d00000|100%| O|  |TAMS 0x0000000687c00000, 0x0000000687c00000| Untracked 
| 117|0x0000000687d00000, 0x0000000687e00000, 0x0000000687e00000|100%| O|  |TAMS 0x0000000687d00000, 0x0000000687d00000| Untracked 
| 118|0x0000000687e00000, 0x0000000687f00000, 0x0000000687f00000|100%| O|  |TAMS 0x0000000687e00000, 0x0000000687e00000| Untracked 
| 119|0x0000000687f00000, 0x0000000688000000, 0x0000000688000000|100%| O|  |TAMS 0x0000000687f00000, 0x0000000687f00000| Untracked 
| 120|0x0000000688000000, 0x0000000688100000, 0x0000000688100000|100%| O|  |TAMS 0x0000000688000000, 0x0000000688000000| Untracked 
| 121|0x0000000688100000, 0x0000000688200000, 0x0000000688200000|100%| O|  |TAMS 0x0000000688100000, 0x0000000688100000| Untracked 
| 122|0x0000000688200000, 0x0000000688300000, 0x0000000688300000|100%| O|  |TAMS 0x0000000688200000, 0x0000000688200000| Untracked 
| 123|0x0000000688300000, 0x0000000688400000, 0x0000000688400000|100%| O|  |TAMS 0x0000000688300000, 0x0000000688300000| Untracked 
| 124|0x0000000688400000, 0x0000000688500000, 0x0000000688500000|100%| O|  |TAMS 0x0000000688400000, 0x0000000688400000| Untracked 
| 125|0x0000000688500000, 0x0000000688600000, 0x0000000688600000|100%| O|  |TAMS 0x0000000688500000, 0x0000000688500000| Untracked 
| 126|0x0000000688600000, 0x000000068869b1f0, 0x0000000688700000| 60%| O|  |TAMS 0x0000000688600000, 0x0000000688600000| Untracked 
| 127|0x0000000688700000, 0x0000000688700000, 0x0000000688800000|  0%| F|  |TAMS 0x0000000688700000, 0x0000000688700000| Untracked 
| 128|0x0000000688800000, 0x0000000688800000, 0x0000000688900000|  0%| F|  |TAMS 0x0000000688800000, 0x0000000688800000| Untracked 
| 129|0x0000000688900000, 0x0000000688900000, 0x0000000688a00000|  0%| F|  |TAMS 0x0000000688900000, 0x0000000688900000| Untracked 
| 130|0x0000000688a00000, 0x0000000688a00000, 0x0000000688b00000|  0%| F|  |TAMS 0x0000000688a00000, 0x0000000688a00000| Untracked 
| 131|0x0000000688b00000, 0x0000000688b00000, 0x0000000688c00000|  0%| F|  |TAMS 0x0000000688b00000, 0x0000000688b00000| Untracked 
| 132|0x0000000688c00000, 0x0000000688c00000, 0x0000000688d00000|  0%| F|  |TAMS 0x0000000688c00000, 0x0000000688c00000| Untracked 
| 133|0x0000000688d00000, 0x0000000688d00000, 0x0000000688e00000|  0%| F|  |TAMS 0x0000000688d00000, 0x0000000688d00000| Untracked 
| 134|0x0000000688e00000, 0x0000000688e00000, 0x0000000688f00000|  0%| F|  |TAMS 0x0000000688e00000, 0x0000000688e00000| Untracked 
| 135|0x0000000688f00000, 0x0000000688f00000, 0x0000000689000000|  0%| F|  |TAMS 0x0000000688f00000, 0x0000000688f00000| Untracked 
| 136|0x0000000689000000, 0x0000000689000000, 0x0000000689100000|  0%| F|  |TAMS 0x0000000689000000, 0x0000000689000000| Untracked 
| 137|0x0000000689100000, 0x0000000689100000, 0x0000000689200000|  0%| F|  |TAMS 0x0000000689100000, 0x0000000689100000| Untracked 
| 138|0x0000000689200000, 0x0000000689200000, 0x0000000689300000|  0%| F|  |TAMS 0x0000000689200000, 0x0000000689200000| Untracked 
| 139|0x0000000689300000, 0x0000000689300000, 0x0000000689400000|  0%| F|  |TAMS 0x0000000689300000, 0x0000000689300000| Untracked 
| 140|0x0000000689400000, 0x0000000689400000, 0x0000000689500000|  0%| F|  |TAMS 0x0000000689400000, 0x0000000689400000| Untracked 
| 141|0x0000000689500000, 0x0000000689500000, 0x0000000689600000|  0%| F|  |TAMS 0x0000000689500000, 0x0000000689500000| Untracked 
| 142|0x0000000689600000, 0x0000000689600000, 0x0000000689700000|  0%| F|  |TAMS 0x0000000689600000, 0x0000000689600000| Untracked 
| 143|0x0000000689700000, 0x0000000689700000, 0x0000000689800000|  0%| F|  |TAMS 0x0000000689700000, 0x0000000689700000| Untracked 
| 144|0x0000000689800000, 0x0000000689800000, 0x0000000689900000|  0%| F|  |TAMS 0x0000000689800000, 0x0000000689800000| Untracked 
| 145|0x0000000689900000, 0x0000000689900000, 0x0000000689a00000|  0%| F|  |TAMS 0x0000000689900000, 0x0000000689900000| Untracked 
| 146|0x0000000689a00000, 0x0000000689a00000, 0x0000000689b00000|  0%| F|  |TAMS 0x0000000689a00000, 0x0000000689a00000| Untracked 
| 147|0x0000000689b00000, 0x0000000689b00000, 0x0000000689c00000|  0%| F|  |TAMS 0x0000000689b00000, 0x0000000689b00000| Untracked 
| 148|0x0000000689c00000, 0x0000000689c00000, 0x0000000689d00000|  0%| F|  |TAMS 0x0000000689c00000, 0x0000000689c00000| Untracked 
| 149|0x0000000689d00000, 0x0000000689d00000, 0x0000000689e00000|  0%| F|  |TAMS 0x0000000689d00000, 0x0000000689d00000| Untracked 
| 150|0x0000000689e00000, 0x0000000689e00000, 0x0000000689f00000|  0%| F|  |TAMS 0x0000000689e00000, 0x0000000689e00000| Untracked 
| 151|0x0000000689f00000, 0x0000000689f00000, 0x000000068a000000|  0%| F|  |TAMS 0x0000000689f00000, 0x0000000689f00000| Untracked 
| 152|0x000000068a000000, 0x000000068a000000, 0x000000068a100000|  0%| F|  |TAMS 0x000000068a000000, 0x000000068a000000| Untracked 
| 153|0x000000068a100000, 0x000000068a100000, 0x000000068a200000|  0%| F|  |TAMS 0x000000068a100000, 0x000000068a100000| Untracked 
| 154|0x000000068a200000, 0x000000068a200000, 0x000000068a300000|  0%| F|  |TAMS 0x000000068a200000, 0x000000068a200000| Untracked 
| 155|0x000000068a300000, 0x000000068a300000, 0x000000068a400000|  0%| F|  |TAMS 0x000000068a300000, 0x000000068a300000| Untracked 
| 156|0x000000068a400000, 0x000000068a400000, 0x000000068a500000|  0%| F|  |TAMS 0x000000068a400000, 0x000000068a400000| Untracked 
| 157|0x000000068a500000, 0x000000068a500000, 0x000000068a600000|  0%| F|  |TAMS 0x000000068a500000, 0x000000068a500000| Untracked 
| 158|0x000000068a600000, 0x000000068a600000, 0x000000068a700000|  0%| F|  |TAMS 0x000000068a600000, 0x000000068a600000| Untracked 
| 159|0x000000068a700000, 0x000000068a700000, 0x000000068a800000|  0%| F|  |TAMS 0x000000068a700000, 0x000000068a700000| Untracked 
| 160|0x000000068a800000, 0x000000068a800000, 0x000000068a900000|  0%| F|  |TAMS 0x000000068a800000, 0x000000068a800000| Untracked 
| 161|0x000000068a900000, 0x000000068a900000, 0x000000068aa00000|  0%| F|  |TAMS 0x000000068a900000, 0x000000068a900000| Untracked 
| 162|0x000000068aa00000, 0x000000068aa00000, 0x000000068ab00000|  0%| F|  |TAMS 0x000000068aa00000, 0x000000068aa00000| Untracked 
| 163|0x000000068ab00000, 0x000000068ab00000, 0x000000068ac00000|  0%| F|  |TAMS 0x000000068ab00000, 0x000000068ab00000| Untracked 
| 164|0x000000068ac00000, 0x000000068ac00000, 0x000000068ad00000|  0%| F|  |TAMS 0x000000068ac00000, 0x000000068ac00000| Untracked 
| 165|0x000000068ad00000, 0x000000068ad00000, 0x000000068ae00000|  0%| F|  |TAMS 0x000000068ad00000, 0x000000068ad00000| Untracked 
| 166|0x000000068ae00000, 0x000000068ae00000, 0x000000068af00000|  0%| F|  |TAMS 0x000000068ae00000, 0x000000068ae00000| Untracked 
| 167|0x000000068af00000, 0x000000068af00000, 0x000000068b000000|  0%| F|  |TAMS 0x000000068af00000, 0x000000068af00000| Untracked 
| 168|0x000000068b000000, 0x000000068b000000, 0x000000068b100000|  0%| F|  |TAMS 0x000000068b000000, 0x000000068b000000| Untracked 
| 169|0x000000068b100000, 0x000000068b100000, 0x000000068b200000|  0%| F|  |TAMS 0x000000068b100000, 0x000000068b100000| Untracked 
| 170|0x000000068b200000, 0x000000068b200000, 0x000000068b300000|  0%| F|  |TAMS 0x000000068b200000, 0x000000068b200000| Untracked 
| 171|0x000000068b300000, 0x000000068b300000, 0x000000068b400000|  0%| F|  |TAMS 0x000000068b300000, 0x000000068b300000| Untracked 
| 172|0x000000068b400000, 0x000000068b400000, 0x000000068b500000|  0%| F|  |TAMS 0x000000068b400000, 0x000000068b400000| Untracked 
| 173|0x000000068b500000, 0x000000068b600000, 0x000000068b600000|100%| S|  |TAMS 0x000000068b500000, 0x000000068b500000| Complete 
| 174|0x000000068b600000, 0x000000068b700000, 0x000000068b700000|100%| S|  |TAMS 0x000000068b600000, 0x000000068b600000| Complete 
| 175|0x000000068b700000, 0x000000068b800000, 0x000000068b800000|100%| S|  |TAMS 0x000000068b700000, 0x000000068b700000| Complete 
| 176|0x000000068b800000, 0x000000068b900000, 0x000000068b900000|100%| S|  |TAMS 0x000000068b800000, 0x000000068b800000| Complete 
| 177|0x000000068b900000, 0x000000068ba00000, 0x000000068ba00000|100%| S|  |TAMS 0x000000068b900000, 0x000000068b900000| Complete 
| 178|0x000000068ba00000, 0x000000068bb00000, 0x000000068bb00000|100%| S|  |TAMS 0x000000068ba00000, 0x000000068ba00000| Complete 
| 179|0x000000068bb00000, 0x000000068bc00000, 0x000000068bc00000|100%| S|  |TAMS 0x000000068bb00000, 0x000000068bb00000| Complete 
| 180|0x000000068bc00000, 0x000000068bd00000, 0x000000068bd00000|100%| S|  |TAMS 0x000000068bc00000, 0x000000068bc00000| Complete 
| 181|0x000000068bd00000, 0x000000068be00000, 0x000000068be00000|100%| S|  |TAMS 0x000000068bd00000, 0x000000068bd00000| Complete 
| 182|0x000000068be00000, 0x000000068bf00000, 0x000000068bf00000|100%| S|  |TAMS 0x000000068be00000, 0x000000068be00000| Complete 
| 183|0x000000068bf00000, 0x000000068c000000, 0x000000068c000000|100%| S|  |TAMS 0x000000068bf00000, 0x000000068bf00000| Complete 
| 184|0x000000068c000000, 0x000000068c100000, 0x000000068c100000|100%| S|  |TAMS 0x000000068c000000, 0x000000068c000000| Complete 
| 185|0x000000068c100000, 0x000000068c200000, 0x000000068c200000|100%| S|  |TAMS 0x000000068c100000, 0x000000068c100000| Complete 
| 186|0x000000068c200000, 0x000000068c300000, 0x000000068c300000|100%| S|  |TAMS 0x000000068c200000, 0x000000068c200000| Complete 
| 187|0x000000068c300000, 0x000000068c400000, 0x000000068c400000|100%| S|  |TAMS 0x000000068c300000, 0x000000068c300000| Complete 
| 188|0x000000068c400000, 0x000000068c500000, 0x000000068c500000|100%| S|  |TAMS 0x000000068c400000, 0x000000068c400000| Complete 
| 189|0x000000068c500000, 0x000000068c600000, 0x000000068c600000|100%| S|  |TAMS 0x000000068c500000, 0x000000068c500000| Complete 
| 190|0x000000068c600000, 0x000000068c700000, 0x000000068c700000|100%| S|  |TAMS 0x000000068c600000, 0x000000068c600000| Complete 
| 191|0x000000068c700000, 0x000000068c800000, 0x000000068c800000|100%| S|  |TAMS 0x000000068c700000, 0x000000068c700000| Complete 
| 192|0x000000068c800000, 0x000000068c900000, 0x000000068c900000|100%| S|  |TAMS 0x000000068c800000, 0x000000068c800000| Complete 
| 193|0x000000068c900000, 0x000000068ca00000, 0x000000068ca00000|100%| S|  |TAMS 0x000000068c900000, 0x000000068c900000| Complete 
| 194|0x000000068ca00000, 0x000000068cb00000, 0x000000068cb00000|100%| S|  |TAMS 0x000000068ca00000, 0x000000068ca00000| Complete 
| 195|0x000000068cb00000, 0x000000068cc00000, 0x000000068cc00000|100%| S|  |TAMS 0x000000068cb00000, 0x000000068cb00000| Complete 
| 196|0x000000068cc00000, 0x000000068cd00000, 0x000000068cd00000|100%| S|  |TAMS 0x000000068cc00000, 0x000000068cc00000| Complete 
| 197|0x000000068cd00000, 0x000000068ce00000, 0x000000068ce00000|100%| S|  |TAMS 0x000000068cd00000, 0x000000068cd00000| Complete 
| 198|0x000000068ce00000, 0x000000068cf00000, 0x000000068cf00000|100%| S|  |TAMS 0x000000068ce00000, 0x000000068ce00000| Complete 
| 199|0x000000068cf00000, 0x000000068d000000, 0x000000068d000000|100%| S|  |TAMS 0x000000068cf00000, 0x000000068cf00000| Complete 
| 200|0x000000068d000000, 0x000000068d100000, 0x000000068d100000|100%| S|  |TAMS 0x000000068d000000, 0x000000068d000000| Complete 
| 201|0x000000068d100000, 0x000000068d200000, 0x000000068d200000|100%| S|  |TAMS 0x000000068d100000, 0x000000068d100000| Complete 
| 202|0x000000068d200000, 0x000000068d300000, 0x000000068d300000|100%| S|  |TAMS 0x000000068d200000, 0x000000068d200000| Complete 
| 203|0x000000068d300000, 0x000000068d400000, 0x000000068d400000|100%| S|  |TAMS 0x000000068d300000, 0x000000068d300000| Complete 
| 204|0x000000068d400000, 0x000000068d500000, 0x000000068d500000|100%| S|  |TAMS 0x000000068d400000, 0x000000068d400000| Complete 
| 205|0x000000068d500000, 0x000000068d600000, 0x000000068d600000|100%| E|CS|TAMS 0x000000068d500000, 0x000000068d500000| Complete 
| 206|0x000000068d600000, 0x000000068d700000, 0x000000068d700000|100%| E|CS|TAMS 0x000000068d600000, 0x000000068d600000| Complete 
| 207|0x000000068d700000, 0x000000068d800000, 0x000000068d800000|100%| E|CS|TAMS 0x000000068d700000, 0x000000068d700000| Complete 
| 208|0x000000068d800000, 0x000000068d900000, 0x000000068d900000|100%| E|CS|TAMS 0x000000068d800000, 0x000000068d800000| Complete 
| 209|0x000000068d900000, 0x000000068da00000, 0x000000068da00000|100%| E|CS|TAMS 0x000000068d900000, 0x000000068d900000| Complete 
| 210|0x000000068da00000, 0x000000068db00000, 0x000000068db00000|100%| E|CS|TAMS 0x000000068da00000, 0x000000068da00000| Complete 
| 211|0x000000068db00000, 0x000000068dc00000, 0x000000068dc00000|100%| E|CS|TAMS 0x000000068db00000, 0x000000068db00000| Complete 
| 212|0x000000068dc00000, 0x000000068dd00000, 0x000000068dd00000|100%| E|CS|TAMS 0x000000068dc00000, 0x000000068dc00000| Complete 
| 213|0x000000068dd00000, 0x000000068de00000, 0x000000068de00000|100%| E|CS|TAMS 0x000000068dd00000, 0x000000068dd00000| Complete 
| 214|0x000000068de00000, 0x000000068df00000, 0x000000068df00000|100%| E|CS|TAMS 0x000000068de00000, 0x000000068de00000| Complete 
| 215|0x000000068df00000, 0x000000068e000000, 0x000000068e000000|100%| E|CS|TAMS 0x000000068df00000, 0x000000068df00000| Complete 
| 216|0x000000068e000000, 0x000000068e100000, 0x000000068e100000|100%| E|CS|TAMS 0x000000068e000000, 0x000000068e000000| Complete 
| 217|0x000000068e100000, 0x000000068e200000, 0x000000068e200000|100%| E|CS|TAMS 0x000000068e100000, 0x000000068e100000| Complete 
| 218|0x000000068e200000, 0x000000068e300000, 0x000000068e300000|100%| E|CS|TAMS 0x000000068e200000, 0x000000068e200000| Complete 
| 219|0x000000068e300000, 0x000000068e400000, 0x000000068e400000|100%| E|CS|TAMS 0x000000068e300000, 0x000000068e300000| Complete 
| 220|0x000000068e400000, 0x000000068e500000, 0x000000068e500000|100%| E|CS|TAMS 0x000000068e400000, 0x000000068e400000| Complete 
| 221|0x000000068e500000, 0x000000068e600000, 0x000000068e600000|100%| E|CS|TAMS 0x000000068e500000, 0x000000068e500000| Complete 
| 222|0x000000068e600000, 0x000000068e700000, 0x000000068e700000|100%| E|CS|TAMS 0x000000068e600000, 0x000000068e600000| Complete 
| 223|0x000000068e700000, 0x000000068e800000, 0x000000068e800000|100%| E|CS|TAMS 0x000000068e700000, 0x000000068e700000| Complete 
| 224|0x000000068e800000, 0x000000068e900000, 0x000000068e900000|100%| E|CS|TAMS 0x000000068e800000, 0x000000068e800000| Complete 
| 225|0x000000068e900000, 0x000000068ea00000, 0x000000068ea00000|100%| E|CS|TAMS 0x000000068e900000, 0x000000068e900000| Complete 
| 226|0x000000068ea00000, 0x000000068eb00000, 0x000000068eb00000|100%| E|CS|TAMS 0x000000068ea00000, 0x000000068ea00000| Complete 
| 227|0x000000068eb00000, 0x000000068ec00000, 0x000000068ec00000|100%| E|CS|TAMS 0x000000068eb00000, 0x000000068eb00000| Complete 
| 228|0x000000068ec00000, 0x000000068ed00000, 0x000000068ed00000|100%| E|CS|TAMS 0x000000068ec00000, 0x000000068ec00000| Complete 
| 229|0x000000068ed00000, 0x000000068ee00000, 0x000000068ee00000|100%| E|CS|TAMS 0x000000068ed00000, 0x000000068ed00000| Complete 
| 230|0x000000068ee00000, 0x000000068ef00000, 0x000000068ef00000|100%| E|CS|TAMS 0x000000068ee00000, 0x000000068ee00000| Complete 
| 231|0x000000068ef00000, 0x000000068f000000, 0x000000068f000000|100%| E|CS|TAMS 0x000000068ef00000, 0x000000068ef00000| Complete 
| 232|0x000000068f000000, 0x000000068f100000, 0x000000068f100000|100%| E|CS|TAMS 0x000000068f000000, 0x000000068f000000| Complete 
| 233|0x000000068f100000, 0x000000068f200000, 0x000000068f200000|100%| E|CS|TAMS 0x000000068f100000, 0x000000068f100000| Complete 
| 234|0x000000068f200000, 0x000000068f300000, 0x000000068f300000|100%| E|CS|TAMS 0x000000068f200000, 0x000000068f200000| Complete 
| 235|0x000000068f300000, 0x000000068f400000, 0x000000068f400000|100%| E|CS|TAMS 0x000000068f300000, 0x000000068f300000| Complete 
| 236|0x000000068f400000, 0x000000068f500000, 0x000000068f500000|100%| E|CS|TAMS 0x000000068f400000, 0x000000068f400000| Complete 
| 237|0x000000068f500000, 0x000000068f600000, 0x000000068f600000|100%| E|CS|TAMS 0x000000068f500000, 0x000000068f500000| Complete 
| 238|0x000000068f600000, 0x000000068f700000, 0x000000068f700000|100%| E|CS|TAMS 0x000000068f600000, 0x000000068f600000| Complete 
| 239|0x000000068f700000, 0x000000068f800000, 0x000000068f800000|100%| E|CS|TAMS 0x000000068f700000, 0x000000068f700000| Complete 
| 240|0x000000068f800000, 0x000000068f900000, 0x000000068f900000|100%| E|CS|TAMS 0x000000068f800000, 0x000000068f800000| Complete 
| 241|0x000000068f900000, 0x000000068fa00000, 0x000000068fa00000|100%| E|CS|TAMS 0x000000068f900000, 0x000000068f900000| Complete 
| 242|0x000000068fa00000, 0x000000068fb00000, 0x000000068fb00000|100%| E|CS|TAMS 0x000000068fa00000, 0x000000068fa00000| Complete 
| 243|0x000000068fb00000, 0x000000068fc00000, 0x000000068fc00000|100%| E|CS|TAMS 0x000000068fb00000, 0x000000068fb00000| Complete 
| 244|0x000000068fc00000, 0x000000068fd00000, 0x000000068fd00000|100%| E|CS|TAMS 0x000000068fc00000, 0x000000068fc00000| Complete 
| 245|0x000000068fd00000, 0x000000068fe00000, 0x000000068fe00000|100%| E|CS|TAMS 0x000000068fd00000, 0x000000068fd00000| Complete 
| 246|0x000000068fe00000, 0x000000068ff00000, 0x000000068ff00000|100%| E|CS|TAMS 0x000000068fe00000, 0x000000068fe00000| Complete 
| 247|0x000000068ff00000, 0x0000000690000000, 0x0000000690000000|100%| E|CS|TAMS 0x000000068ff00000, 0x000000068ff00000| Complete 
| 248|0x0000000690000000, 0x0000000690100000, 0x0000000690100000|100%| E|CS|TAMS 0x0000000690000000, 0x0000000690000000| Complete 
| 249|0x0000000690100000, 0x0000000690200000, 0x0000000690200000|100%| E|CS|TAMS 0x0000000690100000, 0x0000000690100000| Complete 
| 250|0x0000000690200000, 0x0000000690300000, 0x0000000690300000|100%| E|CS|TAMS 0x0000000690200000, 0x0000000690200000| Complete 
| 251|0x0000000690300000, 0x0000000690400000, 0x0000000690400000|100%| E|CS|TAMS 0x0000000690300000, 0x0000000690300000| Complete 
| 252|0x0000000690400000, 0x0000000690500000, 0x0000000690500000|100%| E|CS|TAMS 0x0000000690400000, 0x0000000690400000| Complete 
| 253|0x0000000690500000, 0x0000000690600000, 0x0000000690600000|100%| E|CS|TAMS 0x0000000690500000, 0x0000000690500000| Complete 
| 254|0x0000000690600000, 0x0000000690700000, 0x0000000690700000|100%| E|CS|TAMS 0x0000000690600000, 0x0000000690600000| Complete 
| 255|0x0000000690700000, 0x0000000690800000, 0x0000000690800000|100%| E|CS|TAMS 0x0000000690700000, 0x0000000690700000| Complete 
| 256|0x0000000690800000, 0x0000000690900000, 0x0000000690900000|100%| E|CS|TAMS 0x0000000690800000, 0x0000000690800000| Complete 
| 257|0x0000000690900000, 0x0000000690a00000, 0x0000000690a00000|100%| E|CS|TAMS 0x0000000690900000, 0x0000000690900000| Complete 
| 258|0x0000000690a00000, 0x0000000690b00000, 0x0000000690b00000|100%| E|CS|TAMS 0x0000000690a00000, 0x0000000690a00000| Complete 
| 259|0x0000000690b00000, 0x0000000690c00000, 0x0000000690c00000|100%| E|CS|TAMS 0x0000000690b00000, 0x0000000690b00000| Complete 
| 260|0x0000000690c00000, 0x0000000690d00000, 0x0000000690d00000|100%| E|CS|TAMS 0x0000000690c00000, 0x0000000690c00000| Complete 
| 261|0x0000000690d00000, 0x0000000690e00000, 0x0000000690e00000|100%| E|CS|TAMS 0x0000000690d00000, 0x0000000690d00000| Complete 
| 262|0x0000000690e00000, 0x0000000690f00000, 0x0000000690f00000|100%| E|CS|TAMS 0x0000000690e00000, 0x0000000690e00000| Complete 
| 263|0x0000000690f00000, 0x0000000691000000, 0x0000000691000000|100%| E|CS|TAMS 0x0000000690f00000, 0x0000000690f00000| Complete 
| 264|0x0000000691000000, 0x0000000691100000, 0x0000000691100000|100%| E|CS|TAMS 0x0000000691000000, 0x0000000691000000| Complete 
| 265|0x0000000691100000, 0x0000000691200000, 0x0000000691200000|100%| E|CS|TAMS 0x0000000691100000, 0x0000000691100000| Complete 
| 266|0x0000000691200000, 0x0000000691300000, 0x0000000691300000|100%| E|CS|TAMS 0x0000000691200000, 0x0000000691200000| Complete 
| 267|0x0000000691300000, 0x0000000691400000, 0x0000000691400000|100%| E|CS|TAMS 0x0000000691300000, 0x0000000691300000| Complete 
| 268|0x0000000691400000, 0x0000000691500000, 0x0000000691500000|100%| E|CS|TAMS 0x0000000691400000, 0x0000000691400000| Complete 
| 269|0x0000000691500000, 0x0000000691600000, 0x0000000691600000|100%| E|CS|TAMS 0x0000000691500000, 0x0000000691500000| Complete 
| 270|0x0000000691600000, 0x0000000691700000, 0x0000000691700000|100%| E|CS|TAMS 0x0000000691600000, 0x0000000691600000| Complete 
| 271|0x0000000691700000, 0x0000000691800000, 0x0000000691800000|100%| E|CS|TAMS 0x0000000691700000, 0x0000000691700000| Complete 
| 272|0x0000000691800000, 0x0000000691900000, 0x0000000691900000|100%| E|CS|TAMS 0x0000000691800000, 0x0000000691800000| Complete 
| 273|0x0000000691900000, 0x0000000691a00000, 0x0000000691a00000|100%| E|CS|TAMS 0x0000000691900000, 0x0000000691900000| Complete 
| 274|0x0000000691a00000, 0x0000000691b00000, 0x0000000691b00000|100%| E|CS|TAMS 0x0000000691a00000, 0x0000000691a00000| Complete 
| 275|0x0000000691b00000, 0x0000000691c00000, 0x0000000691c00000|100%| E|CS|TAMS 0x0000000691b00000, 0x0000000691b00000| Complete 
| 276|0x0000000691c00000, 0x0000000691d00000, 0x0000000691d00000|100%| E|CS|TAMS 0x0000000691c00000, 0x0000000691c00000| Complete 
| 277|0x0000000691d00000, 0x0000000691e00000, 0x0000000691e00000|100%| E|CS|TAMS 0x0000000691d00000, 0x0000000691d00000| Complete 
| 278|0x0000000691e00000, 0x0000000691f00000, 0x0000000691f00000|100%| E|CS|TAMS 0x0000000691e00000, 0x0000000691e00000| Complete 
| 279|0x0000000691f00000, 0x0000000692000000, 0x0000000692000000|100%| E|CS|TAMS 0x0000000691f00000, 0x0000000691f00000| Complete 
| 280|0x0000000692000000, 0x0000000692100000, 0x0000000692100000|100%| E|CS|TAMS 0x0000000692000000, 0x0000000692000000| Complete 
| 281|0x0000000692100000, 0x0000000692200000, 0x0000000692200000|100%| E|CS|TAMS 0x0000000692100000, 0x0000000692100000| Complete 
| 282|0x0000000692200000, 0x0000000692300000, 0x0000000692300000|100%| E|CS|TAMS 0x0000000692200000, 0x0000000692200000| Complete 
| 283|0x0000000692300000, 0x0000000692400000, 0x0000000692400000|100%| E|CS|TAMS 0x0000000692300000, 0x0000000692300000| Complete 
| 284|0x0000000692400000, 0x0000000692500000, 0x0000000692500000|100%| E|CS|TAMS 0x0000000692400000, 0x0000000692400000| Complete 
| 285|0x0000000692500000, 0x0000000692600000, 0x0000000692600000|100%| E|CS|TAMS 0x0000000692500000, 0x0000000692500000| Complete 
| 286|0x0000000692600000, 0x0000000692700000, 0x0000000692700000|100%| E|CS|TAMS 0x0000000692600000, 0x0000000692600000| Complete 
| 287|0x0000000692700000, 0x0000000692800000, 0x0000000692800000|100%| E|CS|TAMS 0x0000000692700000, 0x0000000692700000| Complete 
| 288|0x0000000692800000, 0x0000000692900000, 0x0000000692900000|100%| E|CS|TAMS 0x0000000692800000, 0x0000000692800000| Complete 
| 289|0x0000000692900000, 0x0000000692a00000, 0x0000000692a00000|100%| E|CS|TAMS 0x0000000692900000, 0x0000000692900000| Complete 
| 290|0x0000000692a00000, 0x0000000692b00000, 0x0000000692b00000|100%| E|CS|TAMS 0x0000000692a00000, 0x0000000692a00000| Complete 
| 291|0x0000000692b00000, 0x0000000692c00000, 0x0000000692c00000|100%| E|CS|TAMS 0x0000000692b00000, 0x0000000692b00000| Complete 
| 292|0x0000000692c00000, 0x0000000692d00000, 0x0000000692d00000|100%| E|CS|TAMS 0x0000000692c00000, 0x0000000692c00000| Complete 
| 293|0x0000000692d00000, 0x0000000692e00000, 0x0000000692e00000|100%| E|CS|TAMS 0x0000000692d00000, 0x0000000692d00000| Complete 
| 294|0x0000000692e00000, 0x0000000692f00000, 0x0000000692f00000|100%| E|CS|TAMS 0x0000000692e00000, 0x0000000692e00000| Complete 
| 295|0x0000000692f00000, 0x0000000693000000, 0x0000000693000000|100%| E|CS|TAMS 0x0000000692f00000, 0x0000000692f00000| Complete 
| 296|0x0000000693000000, 0x0000000693100000, 0x0000000693100000|100%| E|CS|TAMS 0x0000000693000000, 0x0000000693000000| Complete 
| 297|0x0000000693100000, 0x0000000693200000, 0x0000000693200000|100%| E|CS|TAMS 0x0000000693100000, 0x0000000693100000| Complete 
| 298|0x0000000693200000, 0x0000000693300000, 0x0000000693300000|100%| E|CS|TAMS 0x0000000693200000, 0x0000000693200000| Complete 
| 299|0x0000000693300000, 0x0000000693400000, 0x0000000693400000|100%| E|CS|TAMS 0x0000000693300000, 0x0000000693300000| Complete 
| 300|0x0000000693400000, 0x0000000693500000, 0x0000000693500000|100%| E|CS|TAMS 0x0000000693400000, 0x0000000693400000| Complete 
| 301|0x0000000693500000, 0x0000000693600000, 0x0000000693600000|100%| E|CS|TAMS 0x0000000693500000, 0x0000000693500000| Complete 
| 302|0x0000000693600000, 0x0000000693700000, 0x0000000693700000|100%| E|CS|TAMS 0x0000000693600000, 0x0000000693600000| Complete 
| 303|0x0000000693700000, 0x0000000693800000, 0x0000000693800000|100%| E|CS|TAMS 0x0000000693700000, 0x0000000693700000| Complete 
| 304|0x0000000693800000, 0x0000000693900000, 0x0000000693900000|100%| E|CS|TAMS 0x0000000693800000, 0x0000000693800000| Complete 
| 305|0x0000000693900000, 0x0000000693a00000, 0x0000000693a00000|100%| E|CS|TAMS 0x0000000693900000, 0x0000000693900000| Complete 
| 306|0x0000000693a00000, 0x0000000693b00000, 0x0000000693b00000|100%| E|CS|TAMS 0x0000000693a00000, 0x0000000693a00000| Complete 
| 307|0x0000000693b00000, 0x0000000693bfacd0, 0x0000000693c00000| 97%| E|CS|TAMS 0x0000000693b00000, 0x0000000693b00000| Complete 
| 308|0x0000000693c00000, 0x0000000693d00000, 0x0000000693d00000|100%| E|CS|TAMS 0x0000000693c00000, 0x0000000693c00000| Complete 
| 309|0x0000000693d00000, 0x0000000693e00000, 0x0000000693e00000|100%| E|CS|TAMS 0x0000000693d00000, 0x0000000693d00000| Complete 
| 310|0x0000000693e00000, 0x0000000693f00000, 0x0000000693f00000|100%| E|CS|TAMS 0x0000000693e00000, 0x0000000693e00000| Complete 
| 311|0x0000000693f00000, 0x0000000694000000, 0x0000000694000000|100%| E|CS|TAMS 0x0000000693f00000, 0x0000000693f00000| Complete 
| 312|0x0000000694000000, 0x0000000694100000, 0x0000000694100000|100%| E|CS|TAMS 0x0000000694000000, 0x0000000694000000| Complete 
| 313|0x0000000694100000, 0x0000000694200000, 0x0000000694200000|100%| E|CS|TAMS 0x0000000694100000, 0x0000000694100000| Complete 
| 314|0x0000000694200000, 0x0000000694300000, 0x0000000694300000|100%| E|CS|TAMS 0x0000000694200000, 0x0000000694200000| Complete 
| 315|0x0000000694300000, 0x0000000694400000, 0x0000000694400000|100%| E|CS|TAMS 0x0000000694300000, 0x0000000694300000| Complete 
| 316|0x0000000694400000, 0x0000000694500000, 0x0000000694500000|100%| E|CS|TAMS 0x0000000694400000, 0x0000000694400000| Complete 
| 317|0x0000000694500000, 0x0000000694600000, 0x0000000694600000|100%| E|CS|TAMS 0x0000000694500000, 0x0000000694500000| Complete 
| 318|0x0000000694600000, 0x0000000694700000, 0x0000000694700000|100%| E|CS|TAMS 0x0000000694600000, 0x0000000694600000| Complete 
| 319|0x0000000694700000, 0x0000000694800000, 0x0000000694800000|100%| E|CS|TAMS 0x0000000694700000, 0x0000000694700000| Complete 
| 320|0x0000000694800000, 0x0000000694900000, 0x0000000694900000|100%| E|CS|TAMS 0x0000000694800000, 0x0000000694800000| Complete 
| 321|0x0000000694900000, 0x0000000694a00000, 0x0000000694a00000|100%| E|CS|TAMS 0x0000000694900000, 0x0000000694900000| Complete 
| 322|0x0000000694a00000, 0x0000000694b00000, 0x0000000694b00000|100%| E|CS|TAMS 0x0000000694a00000, 0x0000000694a00000| Complete 
| 323|0x0000000694b00000, 0x0000000694c00000, 0x0000000694c00000|100%| E|CS|TAMS 0x0000000694b00000, 0x0000000694b00000| Complete 
| 324|0x0000000694c00000, 0x0000000694d00000, 0x0000000694d00000|100%| E|CS|TAMS 0x0000000694c00000, 0x0000000694c00000| Complete 
| 325|0x0000000694d00000, 0x0000000694e00000, 0x0000000694e00000|100%| E|CS|TAMS 0x0000000694d00000, 0x0000000694d00000| Complete 
| 326|0x0000000694e00000, 0x0000000694f00000, 0x0000000694f00000|100%| E|CS|TAMS 0x0000000694e00000, 0x0000000694e00000| Complete 
| 327|0x0000000694f00000, 0x0000000695000000, 0x0000000695000000|100%| E|CS|TAMS 0x0000000694f00000, 0x0000000694f00000| Complete 
| 328|0x0000000695000000, 0x0000000695100000, 0x0000000695100000|100%| E|CS|TAMS 0x0000000695000000, 0x0000000695000000| Complete 
| 329|0x0000000695100000, 0x0000000695200000, 0x0000000695200000|100%| E|CS|TAMS 0x0000000695100000, 0x0000000695100000| Complete 
| 330|0x0000000695200000, 0x0000000695300000, 0x0000000695300000|100%| E|CS|TAMS 0x0000000695200000, 0x0000000695200000| Complete 
| 331|0x0000000695300000, 0x0000000695400000, 0x0000000695400000|100%| E|CS|TAMS 0x0000000695300000, 0x0000000695300000| Complete 
| 332|0x0000000695400000, 0x0000000695500000, 0x0000000695500000|100%| E|CS|TAMS 0x0000000695400000, 0x0000000695400000| Complete 
| 333|0x0000000695500000, 0x0000000695600000, 0x0000000695600000|100%| E|CS|TAMS 0x0000000695500000, 0x0000000695500000| Complete 
| 334|0x0000000695600000, 0x0000000695700000, 0x0000000695700000|100%| E|CS|TAMS 0x0000000695600000, 0x0000000695600000| Complete 
| 335|0x0000000695700000, 0x0000000695800000, 0x0000000695800000|100%| E|CS|TAMS 0x0000000695700000, 0x0000000695700000| Complete 
| 336|0x0000000695800000, 0x0000000695900000, 0x0000000695900000|100%| E|CS|TAMS 0x0000000695800000, 0x0000000695800000| Complete 
| 337|0x0000000695900000, 0x0000000695a00000, 0x0000000695a00000|100%| E|CS|TAMS 0x0000000695900000, 0x0000000695900000| Complete 
| 338|0x0000000695a00000, 0x0000000695b00000, 0x0000000695b00000|100%| E|CS|TAMS 0x0000000695a00000, 0x0000000695a00000| Complete 
| 339|0x0000000695b00000, 0x0000000695c00000, 0x0000000695c00000|100%| E|CS|TAMS 0x0000000695b00000, 0x0000000695b00000| Complete 
| 340|0x0000000695c00000, 0x0000000695d00000, 0x0000000695d00000|100%| E|CS|TAMS 0x0000000695c00000, 0x0000000695c00000| Complete 
| 341|0x0000000695d00000, 0x0000000695e00000, 0x0000000695e00000|100%| E|CS|TAMS 0x0000000695d00000, 0x0000000695d00000| Complete 
| 342|0x0000000695e00000, 0x0000000695f00000, 0x0000000695f00000|100%| E|CS|TAMS 0x0000000695e00000, 0x0000000695e00000| Complete 
| 343|0x0000000695f00000, 0x0000000696000000, 0x0000000696000000|100%| E|CS|TAMS 0x0000000695f00000, 0x0000000695f00000| Complete 
| 344|0x0000000696000000, 0x0000000696100000, 0x0000000696100000|100%| E|CS|TAMS 0x0000000696000000, 0x0000000696000000| Complete 
| 345|0x0000000696100000, 0x0000000696200000, 0x0000000696200000|100%| E|CS|TAMS 0x0000000696100000, 0x0000000696100000| Complete 
| 346|0x0000000696200000, 0x0000000696300000, 0x0000000696300000|100%| E|CS|TAMS 0x0000000696200000, 0x0000000696200000| Complete 
| 347|0x0000000696300000, 0x0000000696400000, 0x0000000696400000|100%| E|CS|TAMS 0x0000000696300000, 0x0000000696300000| Complete 
| 348|0x0000000696400000, 0x0000000696500000, 0x0000000696500000|100%| E|CS|TAMS 0x0000000696400000, 0x0000000696400000| Complete 
| 349|0x0000000696500000, 0x0000000696600000, 0x0000000696600000|100%| E|CS|TAMS 0x0000000696500000, 0x0000000696500000| Complete 
| 350|0x0000000696600000, 0x0000000696700000, 0x0000000696700000|100%| E|CS|TAMS 0x0000000696600000, 0x0000000696600000| Complete 
| 351|0x0000000696700000, 0x0000000696800000, 0x0000000696800000|100%| E|CS|TAMS 0x0000000696700000, 0x0000000696700000| Complete 
| 352|0x0000000696800000, 0x0000000696900000, 0x0000000696900000|100%| E|CS|TAMS 0x0000000696800000, 0x0000000696800000| Complete 
| 353|0x0000000696900000, 0x0000000696a00000, 0x0000000696a00000|100%| E|CS|TAMS 0x0000000696900000, 0x0000000696900000| Complete 
| 354|0x0000000696a00000, 0x0000000696b00000, 0x0000000696b00000|100%| E|CS|TAMS 0x0000000696a00000, 0x0000000696a00000| Complete 
| 355|0x0000000696b00000, 0x0000000696c00000, 0x0000000696c00000|100%| E|CS|TAMS 0x0000000696b00000, 0x0000000696b00000| Complete 
| 356|0x0000000696c00000, 0x0000000696d00000, 0x0000000696d00000|100%| E|CS|TAMS 0x0000000696c00000, 0x0000000696c00000| Complete 
| 357|0x0000000696d00000, 0x0000000696e00000, 0x0000000696e00000|100%| E|CS|TAMS 0x0000000696d00000, 0x0000000696d00000| Complete 
| 358|0x0000000696e00000, 0x0000000696f00000, 0x0000000696f00000|100%| E|CS|TAMS 0x0000000696e00000, 0x0000000696e00000| Complete 
| 359|0x0000000696f00000, 0x0000000697000000, 0x0000000697000000|100%| E|CS|TAMS 0x0000000696f00000, 0x0000000696f00000| Complete 
| 360|0x0000000697000000, 0x0000000697100000, 0x0000000697100000|100%| E|CS|TAMS 0x0000000697000000, 0x0000000697000000| Complete 
| 361|0x0000000697100000, 0x0000000697200000, 0x0000000697200000|100%| E|CS|TAMS 0x0000000697100000, 0x0000000697100000| Complete 
| 362|0x0000000697200000, 0x0000000697300000, 0x0000000697300000|100%| E|CS|TAMS 0x0000000697200000, 0x0000000697200000| Complete 
| 363|0x0000000697300000, 0x0000000697400000, 0x0000000697400000|100%| E|CS|TAMS 0x0000000697300000, 0x0000000697300000| Complete 
| 364|0x0000000697400000, 0x0000000697500000, 0x0000000697500000|100%| E|CS|TAMS 0x0000000697400000, 0x0000000697400000| Complete 
| 365|0x0000000697500000, 0x0000000697600000, 0x0000000697600000|100%| E|CS|TAMS 0x0000000697500000, 0x0000000697500000| Complete 
| 366|0x0000000697600000, 0x0000000697700000, 0x0000000697700000|100%| E|CS|TAMS 0x0000000697600000, 0x0000000697600000| Complete 
| 367|0x0000000697700000, 0x0000000697800000, 0x0000000697800000|100%| E|CS|TAMS 0x0000000697700000, 0x0000000697700000| Complete 
| 368|0x0000000697800000, 0x0000000697900000, 0x0000000697900000|100%| E|CS|TAMS 0x0000000697800000, 0x0000000697800000| Complete 
| 369|0x0000000697900000, 0x0000000697a00000, 0x0000000697a00000|100%| E|CS|TAMS 0x0000000697900000, 0x0000000697900000| Complete 
| 370|0x0000000697a00000, 0x0000000697b00000, 0x0000000697b00000|100%| E|CS|TAMS 0x0000000697a00000, 0x0000000697a00000| Complete 
| 371|0x0000000697b00000, 0x0000000697c00000, 0x0000000697c00000|100%| E|CS|TAMS 0x0000000697b00000, 0x0000000697b00000| Complete 
| 372|0x0000000697c00000, 0x0000000697d00000, 0x0000000697d00000|100%| E|CS|TAMS 0x0000000697c00000, 0x0000000697c00000| Complete 
| 373|0x0000000697d00000, 0x0000000697e00000, 0x0000000697e00000|100%| E|CS|TAMS 0x0000000697d00000, 0x0000000697d00000| Complete 
| 374|0x0000000697e00000, 0x0000000697f00000, 0x0000000697f00000|100%| E|CS|TAMS 0x0000000697e00000, 0x0000000697e00000| Complete 
| 375|0x0000000697f00000, 0x0000000698000000, 0x0000000698000000|100%| E|CS|TAMS 0x0000000697f00000, 0x0000000697f00000| Complete 
| 376|0x0000000698000000, 0x0000000698100000, 0x0000000698100000|100%| E|CS|TAMS 0x0000000698000000, 0x0000000698000000| Complete 
| 377|0x0000000698100000, 0x0000000698200000, 0x0000000698200000|100%| E|CS|TAMS 0x0000000698100000, 0x0000000698100000| Complete 
| 378|0x0000000698200000, 0x0000000698300000, 0x0000000698300000|100%| E|CS|TAMS 0x0000000698200000, 0x0000000698200000| Complete 
| 379|0x0000000698300000, 0x0000000698400000, 0x0000000698400000|100%| E|CS|TAMS 0x0000000698300000, 0x0000000698300000| Complete 
| 380|0x0000000698400000, 0x0000000698500000, 0x0000000698500000|100%| E|CS|TAMS 0x0000000698400000, 0x0000000698400000| Complete 
| 381|0x0000000698500000, 0x0000000698600000, 0x0000000698600000|100%| E|CS|TAMS 0x0000000698500000, 0x0000000698500000| Complete 
| 382|0x0000000698600000, 0x0000000698700000, 0x0000000698700000|100%| E|CS|TAMS 0x0000000698600000, 0x0000000698600000| Complete 
| 383|0x0000000698700000, 0x0000000698800000, 0x0000000698800000|100%| E|CS|TAMS 0x0000000698700000, 0x0000000698700000| Complete 
| 384|0x0000000698800000, 0x0000000698900000, 0x0000000698900000|100%| E|CS|TAMS 0x0000000698800000, 0x0000000698800000| Complete 
| 385|0x0000000698900000, 0x0000000698a00000, 0x0000000698a00000|100%| E|CS|TAMS 0x0000000698900000, 0x0000000698900000| Complete 
| 386|0x0000000698a00000, 0x0000000698b00000, 0x0000000698b00000|100%| E|CS|TAMS 0x0000000698a00000, 0x0000000698a00000| Complete 
| 387|0x0000000698b00000, 0x0000000698c00000, 0x0000000698c00000|100%| E|CS|TAMS 0x0000000698b00000, 0x0000000698b00000| Complete 
| 388|0x0000000698c00000, 0x0000000698d00000, 0x0000000698d00000|100%| E|CS|TAMS 0x0000000698c00000, 0x0000000698c00000| Complete 
| 389|0x0000000698d00000, 0x0000000698e00000, 0x0000000698e00000|100%| E|CS|TAMS 0x0000000698d00000, 0x0000000698d00000| Complete 
| 390|0x0000000698e00000, 0x0000000698f00000, 0x0000000698f00000|100%| E|CS|TAMS 0x0000000698e00000, 0x0000000698e00000| Complete 
| 391|0x0000000698f00000, 0x0000000699000000, 0x0000000699000000|100%| E|CS|TAMS 0x0000000698f00000, 0x0000000698f00000| Complete 
| 392|0x0000000699000000, 0x0000000699100000, 0x0000000699100000|100%| E|CS|TAMS 0x0000000699000000, 0x0000000699000000| Complete 
| 393|0x0000000699100000, 0x0000000699200000, 0x0000000699200000|100%| E|CS|TAMS 0x0000000699100000, 0x0000000699100000| Complete 
| 394|0x0000000699200000, 0x0000000699300000, 0x0000000699300000|100%| E|CS|TAMS 0x0000000699200000, 0x0000000699200000| Complete 
| 395|0x0000000699300000, 0x0000000699400000, 0x0000000699400000|100%| E|CS|TAMS 0x0000000699300000, 0x0000000699300000| Complete 
| 396|0x0000000699400000, 0x0000000699500000, 0x0000000699500000|100%| E|CS|TAMS 0x0000000699400000, 0x0000000699400000| Complete 
| 397|0x0000000699500000, 0x0000000699600000, 0x0000000699600000|100%| E|CS|TAMS 0x0000000699500000, 0x0000000699500000| Complete 
| 398|0x0000000699600000, 0x0000000699700000, 0x0000000699700000|100%| E|CS|TAMS 0x0000000699600000, 0x0000000699600000| Complete 
| 399|0x0000000699700000, 0x0000000699800000, 0x0000000699800000|100%| E|CS|TAMS 0x0000000699700000, 0x0000000699700000| Complete 
| 400|0x0000000699800000, 0x0000000699900000, 0x0000000699900000|100%| E|CS|TAMS 0x0000000699800000, 0x0000000699800000| Complete 
| 401|0x0000000699900000, 0x0000000699a00000, 0x0000000699a00000|100%| E|CS|TAMS 0x0000000699900000, 0x0000000699900000| Complete 
| 402|0x0000000699a00000, 0x0000000699b00000, 0x0000000699b00000|100%| E|CS|TAMS 0x0000000699a00000, 0x0000000699a00000| Complete 
| 403|0x0000000699b00000, 0x0000000699c00000, 0x0000000699c00000|100%| E|CS|TAMS 0x0000000699b00000, 0x0000000699b00000| Complete 
| 404|0x0000000699c00000, 0x0000000699d00000, 0x0000000699d00000|100%| E|CS|TAMS 0x0000000699c00000, 0x0000000699c00000| Complete 
| 405|0x0000000699d00000, 0x0000000699e00000, 0x0000000699e00000|100%| E|CS|TAMS 0x0000000699d00000, 0x0000000699d00000| Complete 
| 406|0x0000000699e00000, 0x0000000699f00000, 0x0000000699f00000|100%| E|CS|TAMS 0x0000000699e00000, 0x0000000699e00000| Complete 
| 407|0x0000000699f00000, 0x000000069a000000, 0x000000069a000000|100%| E|CS|TAMS 0x0000000699f00000, 0x0000000699f00000| Complete 
| 408|0x000000069a000000, 0x000000069a100000, 0x000000069a100000|100%| E|CS|TAMS 0x000000069a000000, 0x000000069a000000| Complete 
| 409|0x000000069a100000, 0x000000069a200000, 0x000000069a200000|100%| E|CS|TAMS 0x000000069a100000, 0x000000069a100000| Complete 
| 410|0x000000069a200000, 0x000000069a300000, 0x000000069a300000|100%| E|CS|TAMS 0x000000069a200000, 0x000000069a200000| Complete 
| 411|0x000000069a300000, 0x000000069a400000, 0x000000069a400000|100%| E|CS|TAMS 0x000000069a300000, 0x000000069a300000| Complete 
| 412|0x000000069a400000, 0x000000069a500000, 0x000000069a500000|100%| E|CS|TAMS 0x000000069a400000, 0x000000069a400000| Complete 
| 413|0x000000069a500000, 0x000000069a600000, 0x000000069a600000|100%| E|CS|TAMS 0x000000069a500000, 0x000000069a500000| Complete 
| 414|0x000000069a600000, 0x000000069a700000, 0x000000069a700000|100%| E|CS|TAMS 0x000000069a600000, 0x000000069a600000| Complete 
| 415|0x000000069a700000, 0x000000069a800000, 0x000000069a800000|100%| E|CS|TAMS 0x000000069a700000, 0x000000069a700000| Complete 
| 416|0x000000069a800000, 0x000000069a900000, 0x000000069a900000|100%| E|CS|TAMS 0x000000069a800000, 0x000000069a800000| Complete 
| 417|0x000000069a900000, 0x000000069aa00000, 0x000000069aa00000|100%| E|CS|TAMS 0x000000069a900000, 0x000000069a900000| Complete 
| 418|0x000000069aa00000, 0x000000069ab00000, 0x000000069ab00000|100%| E|CS|TAMS 0x000000069aa00000, 0x000000069aa00000| Complete 
| 419|0x000000069ab00000, 0x000000069ac00000, 0x000000069ac00000|100%| E|CS|TAMS 0x000000069ab00000, 0x000000069ab00000| Complete 
| 420|0x000000069ac00000, 0x000000069ad00000, 0x000000069ad00000|100%| E|CS|TAMS 0x000000069ac00000, 0x000000069ac00000| Complete 
| 421|0x000000069ad00000, 0x000000069ae00000, 0x000000069ae00000|100%| E|CS|TAMS 0x000000069ad00000, 0x000000069ad00000| Complete 
| 422|0x000000069ae00000, 0x000000069af00000, 0x000000069af00000|100%| E|CS|TAMS 0x000000069ae00000, 0x000000069ae00000| Complete 
| 423|0x000000069af00000, 0x000000069b000000, 0x000000069b000000|100%| E|CS|TAMS 0x000000069af00000, 0x000000069af00000| Complete 
| 424|0x000000069b000000, 0x000000069b100000, 0x000000069b100000|100%| E|CS|TAMS 0x000000069b000000, 0x000000069b000000| Complete 
| 425|0x000000069b100000, 0x000000069b200000, 0x000000069b200000|100%| E|CS|TAMS 0x000000069b100000, 0x000000069b100000| Complete 
| 426|0x000000069b200000, 0x000000069b300000, 0x000000069b300000|100%| E|CS|TAMS 0x000000069b200000, 0x000000069b200000| Complete 
| 427|0x000000069b300000, 0x000000069b400000, 0x000000069b400000|100%| E|CS|TAMS 0x000000069b300000, 0x000000069b300000| Complete 
| 428|0x000000069b400000, 0x000000069b500000, 0x000000069b500000|100%| E|CS|TAMS 0x000000069b400000, 0x000000069b400000| Complete 
| 429|0x000000069b500000, 0x000000069b600000, 0x000000069b600000|100%| E|CS|TAMS 0x000000069b500000, 0x000000069b500000| Complete 
| 430|0x000000069b600000, 0x000000069b700000, 0x000000069b700000|100%| E|CS|TAMS 0x000000069b600000, 0x000000069b600000| Complete 
| 431|0x000000069b700000, 0x000000069b800000, 0x000000069b800000|100%| E|CS|TAMS 0x000000069b700000, 0x000000069b700000| Complete 
| 432|0x000000069b800000, 0x000000069b900000, 0x000000069b900000|100%| E|CS|TAMS 0x000000069b800000, 0x000000069b800000| Complete 
| 433|0x000000069b900000, 0x000000069ba00000, 0x000000069ba00000|100%| E|CS|TAMS 0x000000069b900000, 0x000000069b900000| Complete 
| 434|0x000000069ba00000, 0x000000069bb00000, 0x000000069bb00000|100%| E|CS|TAMS 0x000000069ba00000, 0x000000069ba00000| Complete 
| 435|0x000000069bb00000, 0x000000069bc00000, 0x000000069bc00000|100%| E|CS|TAMS 0x000000069bb00000, 0x000000069bb00000| Complete 
| 436|0x000000069bc00000, 0x000000069bd00000, 0x000000069bd00000|100%| E|CS|TAMS 0x000000069bc00000, 0x000000069bc00000| Complete 
| 437|0x000000069bd00000, 0x000000069be00000, 0x000000069be00000|100%| E|CS|TAMS 0x000000069bd00000, 0x000000069bd00000| Complete 
| 438|0x000000069be00000, 0x000000069bf00000, 0x000000069bf00000|100%| E|CS|TAMS 0x000000069be00000, 0x000000069be00000| Complete 
| 439|0x000000069bf00000, 0x000000069c000000, 0x000000069c000000|100%| E|CS|TAMS 0x000000069bf00000, 0x000000069bf00000| Complete 
| 440|0x000000069c000000, 0x000000069c100000, 0x000000069c100000|100%| E|CS|TAMS 0x000000069c000000, 0x000000069c000000| Complete 
| 441|0x000000069c100000, 0x000000069c200000, 0x000000069c200000|100%| E|CS|TAMS 0x000000069c100000, 0x000000069c100000| Complete 
| 442|0x000000069c200000, 0x000000069c300000, 0x000000069c300000|100%| E|CS|TAMS 0x000000069c200000, 0x000000069c200000| Complete 
| 443|0x000000069c300000, 0x000000069c400000, 0x000000069c400000|100%| E|CS|TAMS 0x000000069c300000, 0x000000069c300000| Complete 
| 444|0x000000069c400000, 0x000000069c500000, 0x000000069c500000|100%| E|CS|TAMS 0x000000069c400000, 0x000000069c400000| Complete 
| 445|0x000000069c500000, 0x000000069c600000, 0x000000069c600000|100%| E|CS|TAMS 0x000000069c500000, 0x000000069c500000| Complete 
| 446|0x000000069c600000, 0x000000069c700000, 0x000000069c700000|100%| E|CS|TAMS 0x000000069c600000, 0x000000069c600000| Complete 
| 447|0x000000069c700000, 0x000000069c800000, 0x000000069c800000|100%| E|CS|TAMS 0x000000069c700000, 0x000000069c700000| Complete 
| 448|0x000000069c800000, 0x000000069c900000, 0x000000069c900000|100%| E|CS|TAMS 0x000000069c800000, 0x000000069c800000| Complete 
| 449|0x000000069c900000, 0x000000069ca00000, 0x000000069ca00000|100%| E|CS|TAMS 0x000000069c900000, 0x000000069c900000| Complete 
| 450|0x000000069ca00000, 0x000000069cb00000, 0x000000069cb00000|100%| E|CS|TAMS 0x000000069ca00000, 0x000000069ca00000| Complete 
| 451|0x000000069cb00000, 0x000000069cc00000, 0x000000069cc00000|100%| E|CS|TAMS 0x000000069cb00000, 0x000000069cb00000| Complete 
| 452|0x000000069cc00000, 0x000000069cd00000, 0x000000069cd00000|100%| E|CS|TAMS 0x000000069cc00000, 0x000000069cc00000| Complete 
| 453|0x000000069cd00000, 0x000000069ce00000, 0x000000069ce00000|100%| E|CS|TAMS 0x000000069cd00000, 0x000000069cd00000| Complete 
| 454|0x000000069ce00000, 0x000000069cf00000, 0x000000069cf00000|100%| E|CS|TAMS 0x000000069ce00000, 0x000000069ce00000| Complete 
| 455|0x000000069cf00000, 0x000000069d000000, 0x000000069d000000|100%| E|CS|TAMS 0x000000069cf00000, 0x000000069cf00000| Complete 
| 456|0x000000069d000000, 0x000000069d100000, 0x000000069d100000|100%| E|CS|TAMS 0x000000069d000000, 0x000000069d000000| Complete 
| 457|0x000000069d100000, 0x000000069d200000, 0x000000069d200000|100%| E|CS|TAMS 0x000000069d100000, 0x000000069d100000| Complete 
| 458|0x000000069d200000, 0x000000069d300000, 0x000000069d300000|100%| E|CS|TAMS 0x000000069d200000, 0x000000069d200000| Complete 
| 459|0x000000069d300000, 0x000000069d400000, 0x000000069d400000|100%| E|CS|TAMS 0x000000069d300000, 0x000000069d300000| Complete 
| 460|0x000000069d400000, 0x000000069d500000, 0x000000069d500000|100%| E|CS|TAMS 0x000000069d400000, 0x000000069d400000| Complete 

Card table byte_map: [0x00000186bb270000,0x00000186bbe70000] _byte_map_base: 0x00000186b7e6c000

Marking Bits (Prev, Next): (CMBitMap*) 0x00000186a1feaaf0, (CMBitMap*) 0x00000186a1feaab8
 Prev Bits: [0x00000186c2a50000, 0x00000186c8a30000)
 Next Bits: [0x00000186bca70000, 0x00000186c2a50000)

Polling page: 0x00000186a2050000

Metaspace:

Usage:
  Non-class:     57.78 MB capacity,    56.97 MB ( 99%) used,   677.98 KB (  1%) free+waste,   145.69 KB ( <1%) overhead. 
      Class:      8.07 MB capacity,     7.54 MB ( 93%) used,   474.23 KB (  6%) free+waste,    63.81 KB ( <1%) overhead. 
       Both:     65.85 MB capacity,    64.52 MB ( 98%) used,     1.13 MB (  2%) free+waste,   209.50 KB ( <1%) overhead. 

Virtual space:
  Non-class space:       58.00 MB reserved,      57.88 MB (>99%) committed 
      Class space:        1.00 GB reserved,       8.20 MB ( <1%) committed 
             Both:        1.06 GB reserved,      66.07 MB (  6%) committed 

Chunk freelists:
   Non-Class:  4.25 KB
       Class:  3.00 KB
        Both:  7.25 KB

CodeHeap 'non-profiled nmethods': size=120064Kb used=6870Kb max_used=6870Kb free=113193Kb
 bounds [0x00000186b28b0000, 0x00000186b2f70000, 0x00000186b9df0000]
CodeHeap 'profiled nmethods': size=120000Kb used=27363Kb max_used=27363Kb free=92637Kb
 bounds [0x00000186ab380000, 0x00000186ace40000, 0x00000186b28b0000]
CodeHeap 'non-nmethods': size=5696Kb used=1294Kb max_used=1336Kb free=4401Kb
 bounds [0x00000186aadf0000, 0x00000186ab060000, 0x00000186ab380000]
 total_blobs=10859 nmethods=10282 adapters=497
 compilation: enabled
              stopped_count=0, restarted_count=0
 full_count=0

Compilation events (10 events):
Event: 20.282 Thread 0x00000186cbde6800 10417       1       org.apache.xbean.finder.archive.ArchiveIterator$1::getName (5 bytes)
Event: 20.282 Thread 0x00000186cbde6800 nmethod 10417 0x00000186b2f65410 code [0x00000186b2f655a0, 0x00000186b2f65658]
Event: 20.285 Thread 0x00000186cbde6800 10418 %     3       org.apache.xbean.asm9.ClassReader::readUtf @ 18 (161 bytes)
Event: 20.286 Thread 0x00000186cbde6800 nmethod 10418% 0x00000186ace37210 code [0x00000186ace37400, 0x00000186ace37ad8]
Event: 20.286 Thread 0x00000186cbde6800 10419       3       org.apache.xbean.asm9.ClassReader::readUtf (161 bytes)
Event: 20.287 Thread 0x00000186cbde6800 nmethod 10419 0x00000186ace37e90 code [0x00000186ace38080, 0x00000186ace38678]
Event: 20.287 Thread 0x00000186cbde6800 10420       2       java.lang.String::<init> (14 bytes)
Event: 20.287 Thread 0x00000186cbde6800 nmethod 10420 0x00000186ace38a10 code [0x00000186ace38bc0, 0x00000186ace38d38]
Event: 20.288 Thread 0x00000186cbde6800 10422       1       jdk.internal.loader.URLClassPath$FileLoader$1::getURL (5 bytes)
Event: 20.288 Thread 0x00000186cbde6800 nmethod 10422 0x00000186b2f65710 code [0x00000186b2f658a0, 0x00000186b2f65958]

GC Heap History (10 events):
Event: 15.233 GC heap after
{Heap after GC invocations=14 (full 0):
 garbage-first heap   total 393216K, used 122940K [0x0000000680800000, 0x0000000800000000)
  region size 1024K, 23 young (23552K), 23 survivors (23552K)
 Metaspace       used 42030K, capacity 43158K, committed 43468K, reserved 1087488K
  class space    used 4362K, capacity 4771K, committed 4864K, reserved 1048576K
}
Event: 15.516 GC heap before
{Heap before GC invocations=14 (full 0):
 garbage-first heap   total 393216K, used 291900K [0x0000000680800000, 0x0000000800000000)
  region size 1024K, 187 young (191488K), 23 survivors (23552K)
 Metaspace       used 42142K, capacity 43222K, committed 43468K, reserved 1087488K
  class space    used 4364K, capacity 4771K, committed 4864K, reserved 1048576K
}
Event: 15.537 GC heap after
{Heap after GC invocations=15 (full 0):
 garbage-first heap   total 472064K, used 121448K [0x0000000680800000, 0x0000000800000000)
  region size 1024K, 9 young (9216K), 9 survivors (9216K)
 Metaspace       used 42142K, capacity 43222K, committed 43468K, reserved 1087488K
  class space    used 4364K, capacity 4771K, committed 4864K, reserved 1048576K
}
Event: 15.810 GC heap before
{Heap before GC invocations=15 (full 0):
 garbage-first heap   total 472064K, used 341608K [0x0000000680800000, 0x0000000800000000)
  region size 1024K, 226 young (231424K), 9 survivors (9216K)
 Metaspace       used 42148K, capacity 43222K, committed 43468K, reserved 1087488K
  class space    used 4364K, capacity 4771K, committed 4864K, reserved 1048576K
}
Event: 15.825 GC heap after
{Heap after GC invocations=16 (full 0):
 garbage-first heap   total 472064K, used 131019K [0x0000000680800000, 0x0000000800000000)
  region size 1024K, 19 young (19456K), 19 survivors (19456K)
 Metaspace       used 42148K, capacity 43222K, committed 43468K, reserved 1087488K
  class space    used 4364K, capacity 4771K, committed 4864K, reserved 1048576K
}
Event: 16.228 GC heap before
{Heap before GC invocations=16 (full 0):
 garbage-first heap   total 472064K, used 358347K [0x0000000680800000, 0x0000000800000000)
  region size 1024K, 242 young (247808K), 19 survivors (19456K)
 Metaspace       used 42624K, capacity 43655K, committed 43724K, reserved 1087488K
  class space    used 4423K, capacity 4807K, committed 4864K, reserved 1048576K
}
Event: 16.247 GC heap after
{Heap after GC invocations=17 (full 0):
 garbage-first heap   total 472064K, used 135168K [0x0000000680800000, 0x0000000800000000)
  region size 1024K, 16 young (16384K), 16 survivors (16384K)
 Metaspace       used 42624K, capacity 43655K, committed 43724K, reserved 1087488K
  class space    used 4423K, capacity 4807K, committed 4864K, reserved 1048576K
}
Event: 18.326 GC heap before
{Heap before GC invocations=17 (full 0):
 garbage-first heap   total 472064K, used 271360K [0x0000000680800000, 0x0000000800000000)
  region size 1024K, 151 young (154624K), 16 survivors (16384K)
 Metaspace       used 58832K, capacity 60183K, committed 60288K, reserved 1101824K
  class space    used 6864K, capacity 7394K, committed 7424K, reserved 1048576K
}
Event: 18.343 GC heap after
{Heap after GC invocations=18 (full 0):
 garbage-first heap   total 472064K, used 138219K [0x0000000680800000, 0x0000000800000000)
  region size 1024K, 19 young (19456K), 19 survivors (19456K)
 Metaspace       used 58832K, capacity 60183K, committed 60288K, reserved 1101824K
  class space    used 6864K, capacity 7394K, committed 7424K, reserved 1048576K
}
Event: 20.298 GC heap before
{Heap before GC invocations=19 (full 0):
 garbage-first heap   total 472064K, used 378859K [0x0000000680800000, 0x0000000800000000)
  region size 1024K, 256 young (262144K), 19 survivors (19456K)
 Metaspace       used 66068K, capacity 67430K, committed 67660K, reserved 1107968K
  class space    used 7725K, capacity 8264K, committed 8396K, reserved 1048576K
}

Deoptimization events (10 events):
Event: 19.150 Thread 0x00000186a1f68800 Uncommon trap: reason=bimorphic_or_optimized_type_check action=maybe_recompile pc=0x00000186b2ed99a0 method=java.util.concurrent.ConcurrentHashMap.putVal(Ljava/lang/Object;Ljava/lang/Object;Z)Ljava/lang/Object; @ 242 c2
Event: 19.261 Thread 0x00000186a1f68800 Uncommon trap: reason=class_check action=maybe_recompile pc=0x00000186b2d58488 method=java.lang.Throwable.<init>(Ljava/lang/String;Ljava/lang/Throwable;)V @ 24 c2
Event: 19.483 Thread 0x00000186a1f68800 Uncommon trap: reason=profile_predicate action=maybe_recompile pc=0x00000186b2ee0234 method=java.util.TreeMap.put(Ljava/lang/Object;Ljava/lang/Object;)Ljava/lang/Object; @ 55 c2
Event: 19.483 Thread 0x00000186a1f68800 Uncommon trap: reason=profile_predicate action=maybe_recompile pc=0x00000186b2ee0234 method=java.util.TreeMap.put(Ljava/lang/Object;Ljava/lang/Object;)Ljava/lang/Object; @ 55 c2
Event: 19.588 Thread 0x00000186a1f68800 Uncommon trap: reason=class_check action=maybe_recompile pc=0x00000186b2d58488 method=java.lang.Throwable.<init>(Ljava/lang/String;Ljava/lang/Throwable;)V @ 24 c2
Event: 19.659 Thread 0x00000186a1f68800 Uncommon trap: reason=class_check action=make_not_entrant pc=0x00000186b2f2fe68 method=java.util.ArrayList.toArray([Ljava/lang/Object;)[Ljava/lang/Object; @ 21 c2
Event: 19.971 Thread 0x00000186a1f68800 Uncommon trap: reason=unstable_if action=reinterpret pc=0x00000186b2f4691c method=org.apache.xbean.asm9.ClassReader.readUtf(II[C)Ljava/lang/String; @ 41 c2
Event: 20.216 Thread 0x00000186a1f68800 Uncommon trap: reason=unstable_if action=reinterpret pc=0x00000186b2f5eba8 method=org.apache.xbean.asm9.ClassReader.readMethod(Lorg/apache/xbean/asm9/ClassVisitor;Lorg/apache/xbean/asm9/Context;I)I @ 754 c2
Event: 20.285 Thread 0x00000186a1f68800 Uncommon trap: reason=unstable_if action=reinterpret pc=0x00000186b2f5599c method=org.apache.xbean.asm9.ClassReader.readUtf(II[C)Ljava/lang/String; @ 69 c2
Event: 20.285 Thread 0x00000186a1f68800 Uncommon trap: reason=unstable_if action=reinterpret pc=0x00000186b297c128 method=java.lang.StringUTF16.compress([CII)[B @ 13 c2

Classes redefined (0 events):
No events

Internal exceptions (10 events):
Event: 19.518 Thread 0x00000186a1f68800 Exception <a 'java/lang/ClassNotFoundException'{0x000000069a31ea70}: org/springframework/security/access/intercept/AbstractSecurityInterceptorCustomizer> (0x000000069a31ea70) thrown at [./open/src/hotspot/share/classfile/systemDictionary.cpp, line 226]
Event: 19.520 Thread 0x00000186a1f68800 Exception <a 'java/lang/ClassNotFoundException'{0x000000069a366098}: org/springframework/security/web/access/intercept/FilterSecurityInterceptorCustomizer> (0x000000069a366098) thrown at [./open/src/hotspot/share/classfile/systemDictionary.cpp, line 226]
Event: 19.570 Thread 0x00000186a1f68800 Exception <a 'java/lang/ClassNotFoundException'{0x000000069a08cf00}: org/springframework/beans/factory/config/ListFactoryBeanBeanInfo> (0x000000069a08cf00) thrown at [./open/src/hotspot/share/classfile/systemDictionary.cpp, line 226]
Event: 19.572 Thread 0x00000186a1f68800 Exception <a 'java/lang/ClassNotFoundException'{0x000000069a0bdb28}: org/springframework/beans/factory/config/AbstractFactoryBeanBeanInfo> (0x000000069a0bdb28) thrown at [./open/src/hotspot/share/classfile/systemDictionary.cpp, line 226]
Event: 19.574 Thread 0x00000186a1f68800 Exception <a 'java/lang/ClassNotFoundException'{0x000000069a0ee9d8}: org/springframework/beans/factory/config/AbstractFactoryBeanCustomizer> (0x000000069a0ee9d8) thrown at [./open/src/hotspot/share/classfile/systemDictionary.cpp, line 226]
Event: 19.577 Thread 0x00000186a1f68800 Exception <a 'java/lang/ClassNotFoundException'{0x0000000699f24fa0}: org/springframework/beans/factory/config/ListFactoryBeanCustomizer> (0x0000000699f24fa0) thrown at [./open/src/hotspot/share/classfile/systemDictionary.cpp, line 226]
Event: 19.598 Thread 0x00000186a1f68800 Exception <a 'java/lang/ClassNotFoundException'{0x0000000699ff40c0}: org/springframework/security/web/FilterChainProxyBeanInfo> (0x0000000699ff40c0) thrown at [./open/src/hotspot/share/classfile/systemDictionary.cpp, line 226]
Event: 19.600 Thread 0x00000186a1f68800 Exception <a 'java/lang/ClassNotFoundException'{0x0000000699e20e88}: org/springframework/security/web/FilterChainProxyCustomizer> (0x0000000699e20e88) thrown at [./open/src/hotspot/share/classfile/systemDictionary.cpp, line 226]
Event: 19.718 Thread 0x00000186a1f68800 Exception <a 'java/lang/ClassNotFoundException'{0x00000006998b0c60}: sun/util/logging/resources/spi/loggingProvider> (0x00000006998b0c60) thrown at [./open/src/hotspot/share/classfile/systemDictionary.cpp, line 226]
Event: 19.822 Thread 0x00000186a1f68800 Exception <a 'java/io/FileNotFoundException'{0x00000006995572a8}> (0x00000006995572a8) thrown at [./open/src/hotspot/share/prims/jni.cpp, line 611]

Events (10 events):
Event: 20.269 Executing VM operation: Deoptimize done
Event: 20.269 Thread 0x00000186a1f68800 DEOPT PACKING pc=0x00000186acdfe294 sp=0x0000005f9ecfca80
Event: 20.269 Thread 0x00000186a1f68800 DEOPT UNPACKING pc=0x00000186aae2b13f sp=0x0000005f9ecfbf28 mode 0
Event: 20.285 Thread 0x00000186a1f68800 Uncommon trap: trap_request=0xffffff4d fr.pc=0x00000186b2f5599c relative=0x0000000000000a3c
Event: 20.285 Thread 0x00000186a1f68800 DEOPT PACKING pc=0x00000186b2f5599c sp=0x0000005f9ecfc250
Event: 20.285 Thread 0x00000186a1f68800 DEOPT UNPACKING pc=0x00000186aae2ad29 sp=0x0000005f9ecfc230 mode 2
Event: 20.285 Thread 0x00000186a1f68800 Uncommon trap: trap_request=0xffffff4d fr.pc=0x00000186b297c128 relative=0x0000000000000408
Event: 20.285 Thread 0x00000186a1f68800 DEOPT PACKING pc=0x00000186b297c128 sp=0x0000005f9ecfc1a0
Event: 20.285 Thread 0x00000186a1f68800 DEOPT UNPACKING pc=0x00000186aae2ad29 sp=0x0000005f9ecfc0a8 mode 2
Event: 20.298 Executing VM operation: G1CollectForAllocation


Dynamic libraries:
0x00007ff7694e0000 - 0x00007ff7694ef000 	C:\Java\jdk-11.0.16.1\bin\java.exe
0x00007fffc1e50000 - 0x00007fffc2048000 	C:\Windows\SYSTEM32\ntdll.dll
0x00007fffc0870000 - 0x00007fffc092f000 	C:\Windows\System32\KERNEL32.DLL
0x00007fffbfb60000 - 0x00007fffbfe32000 	C:\Windows\System32\KERNELBASE.dll
0x00007fffbf9c0000 - 0x00007fffbfac0000 	C:\Windows\System32\ucrtbase.dll
0x00007fffae490000 - 0x00007fffae4a8000 	C:\Java\jdk-11.0.16.1\bin\jli.dll
0x00007fffc1460000 - 0x00007fffc150e000 	C:\Windows\System32\ADVAPI32.dll
0x00007fffc0260000 - 0x00007fffc02fe000 	C:\Windows\System32\msvcrt.dll
0x00007fffc1bc0000 - 0x00007fffc1c5c000 	C:\Windows\System32\sechost.dll
0x00007fffc1180000 - 0x00007fffc12a4000 	C:\Windows\System32\RPCRT4.dll
0x00007fffc0300000 - 0x00007fffc04a1000 	C:\Windows\System32\USER32.dll
0x00007fffbfe40000 - 0x00007fffbfe62000 	C:\Windows\System32\win32u.dll
0x00007fffc1de0000 - 0x00007fffc1e0b000 	C:\Windows\System32\GDI32.dll
0x00007fffbf750000 - 0x00007fffbf85f000 	C:\Windows\System32\gdi32full.dll
0x00007fffbfac0000 - 0x00007fffbfb5d000 	C:\Windows\System32\msvcp_win.dll
0x00007fffad5d0000 - 0x00007fffad5e5000 	C:\Java\jdk-11.0.16.1\bin\VCRUNTIME140.dll
0x00007fffab330000 - 0x00007fffab5ca000 	C:\Windows\WinSxS\amd64_microsoft.windows.common-controls_6595b64144ccf1df_6.0.19041.1110_none_60b5254171f9507e\COMCTL32.dll
0x00007fffb9860000 - 0x00007fffb986a000 	C:\Windows\SYSTEM32\VERSION.dll
0x00007fffc1510000 - 0x00007fffc1540000 	C:\Windows\System32\IMM32.DLL
0x00007fffa4020000 - 0x00007fffa40bb000 	C:\Java\jdk-11.0.16.1\bin\msvcp140.dll
0x00007fff91f70000 - 0x00007fff92a88000 	C:\Java\jdk-11.0.16.1\bin\server\jvm.dll
0x00007fffc1540000 - 0x00007fffc1548000 	C:\Windows\System32\PSAPI.DLL
0x00007fff8dc20000 - 0x00007fff8dc29000 	C:\Windows\SYSTEM32\WSOCK32.dll
0x00007fffb68a0000 - 0x00007fffb68c7000 	C:\Windows\SYSTEM32\WINMM.dll
0x00007fffc1550000 - 0x00007fffc15bb000 	C:\Windows\System32\WS2_32.dll
0x00007fffbd430000 - 0x00007fffbd442000 	C:\Windows\SYSTEM32\kernel.appcore.dll
0x00007fffbb010000 - 0x00007fffbb020000 	C:\Java\jdk-11.0.16.1\bin\verify.dll
0x00007fffb9cb0000 - 0x00007fffb9e94000 	C:\Windows\SYSTEM32\DBGHELP.DLL
0x00007fffacaa0000 - 0x00007fffacad5000 	C:\Windows\SYSTEM32\dbgcore.DLL
0x00007fffbf610000 - 0x00007fffbf692000 	C:\Windows\System32\bcryptPrimitives.dll
0x00007fffacc90000 - 0x00007fffaccb8000 	C:\Java\jdk-11.0.16.1\bin\java.dll
0x00007fffacd70000 - 0x00007fffacd7a000 	C:\Java\jdk-11.0.16.1\bin\jimage.dll
0x00007fffacc50000 - 0x00007fffacc88000 	C:\Java\jdk-11.0.16.1\bin\jdwp.dll
0x00007fffa45c0000 - 0x00007fffa45d6000 	C:\Java\jdk-11.0.16.1\bin\zip.dll
0x00007fffc0a30000 - 0x00007fffc1175000 	C:\Windows\System32\SHELL32.dll
0x00007fffbd630000 - 0x00007fffbddc2000 	C:\Windows\SYSTEM32\windows.storage.dll
0x00007fffbff00000 - 0x00007fffc0255000 	C:\Windows\System32\combase.dll
0x00007fffbefb0000 - 0x00007fffbefe0000 	C:\Windows\SYSTEM32\Wldp.dll
0x00007fffc15c0000 - 0x00007fffc166d000 	C:\Windows\System32\SHCORE.dll
0x00007fffbfea0000 - 0x00007fffbfef5000 	C:\Windows\System32\shlwapi.dll
0x00007fffbf490000 - 0x00007fffbf4af000 	C:\Windows\SYSTEM32\profapi.dll
0x00007fffab640000 - 0x00007fffab64a000 	C:\Java\jdk-11.0.16.1\bin\dt_socket.dll
0x00007fffbed10000 - 0x00007fffbed7a000 	C:\Windows\System32\mswsock.dll
0x00007fffbea00000 - 0x00007fffbeacb000 	C:\Windows\SYSTEM32\DNSAPI.dll
0x00007fffbe9b0000 - 0x00007fffbe9eb000 	C:\Windows\SYSTEM32\IPHLPAPI.DLL
0x00007fffc1bb0000 - 0x00007fffc1bb8000 	C:\Windows\System32\NSI.dll
0x00007fffb1310000 - 0x00007fffb1390000 	C:\Windows\System32\fwpuclnt.dll
0x00007fffbfe70000 - 0x00007fffbfe97000 	C:\Windows\System32\bcrypt.dll
0x00007fffb17d0000 - 0x00007fffb17da000 	C:\Windows\System32\rasadhlp.dll
0x00007fffa45a0000 - 0x00007fffa45b9000 	C:\Java\jdk-11.0.16.1\bin\net.dll
0x00007fffb88d0000 - 0x00007fffb89da000 	C:\Windows\SYSTEM32\WINHTTP.dll
0x00007fffa4580000 - 0x00007fffa4592000 	C:\Java\jdk-11.0.16.1\bin\nio.dll
0x0000000069ac0000 - 0x0000000069ae4000 	C:\Maven\apache-maven-3.8.6\lib\jansi-native\Windows\x86_64\jansi.dll
0x00007fffa7d10000 - 0x00007fffa7d19000 	C:\Java\jdk-11.0.16.1\bin\management.dll
0x00007fffa4320000 - 0x00007fffa432b000 	C:\Java\jdk-11.0.16.1\bin\management_ext.dll
0x00007fffbef00000 - 0x00007fffbef18000 	C:\Windows\SYSTEM32\CRYPTSP.dll
0x00007fffbe5c0000 - 0x00007fffbe5f4000 	C:\Windows\system32\rsaenh.dll
0x00007fffbf410000 - 0x00007fffbf43e000 	C:\Windows\SYSTEM32\USERENV.dll
0x00007fffbef20000 - 0x00007fffbef2c000 	C:\Windows\SYSTEM32\CRYPTBASE.dll
0x00007fffb9a60000 - 0x00007fffb9a77000 	C:\Windows\SYSTEM32\dhcpcsvc6.DLL
0x00007fffb9a40000 - 0x00007fffb9a5d000 	C:\Windows\SYSTEM32\dhcpcsvc.DLL
0x00007fffa4310000 - 0x00007fffa431d000 	C:\Java\jdk-11.0.16.1\bin\sunmscapi.dll
0x00007fffbf860000 - 0x00007fffbf9b6000 	C:\Windows\System32\CRYPT32.dll
0x00007fffbf020000 - 0x00007fffbf047000 	C:\Windows\SYSTEM32\ncrypt.dll
0x00007fffbefe0000 - 0x00007fffbf01b000 	C:\Windows\SYSTEM32\NTASN1.dll
0x00007fffa42e0000 - 0x00007fffa4305000 	C:\Java\jdk-11.0.16.1\bin\sunec.dll

dbghelp: loaded successfully - version: 4.0.5 - missing functions: none
symbol engine: initialized successfully - sym options: 0x614 - pdb path: .;C:\Java\jdk-11.0.16.1\bin;C:\Windows\SYSTEM32;C:\Windows\WinSxS\amd64_microsoft.windows.common-controls_6595b64144ccf1df_6.0.19041.1110_none_60b5254171f9507e;C:\Java\jdk-11.0.16.1\bin\server;C:\Maven\apache-maven-3.8.6\lib\jansi-native\Windows\x86_64

VM Arguments:
jvm_args: -Xdebug -Xrunjdwp:transport=dt_socket,server=y,suspend=y,address=8000 -Dclassworlds.conf=C:\Maven\apache-maven-3.8.6\bin\m2.conf -Dmaven.home=C:\Maven\apache-maven-3.8.6 -Dlibrary.jansi.path=C:\Maven\apache-maven-3.8.6\lib\jansi-native -Dmaven.multiModuleProjectDirectory=C:\git\paradise 
java_command: org.codehaus.plexus.classworlds.launcher.Launcher clean jetty:run
java_class_path (initial): C:\Maven\apache-maven-3.8.6\boot\plexus-classworlds-2.6.0.jar
Launcher Type: SUN_STANDARD

[Global flags]
     intx CICompilerCount                          = 3                                         {product} {ergonomic}
     uint ConcGCThreads                            = 2                                         {product} {ergonomic}
     uint G1ConcRefinementThreads                  = 6                                         {product} {ergonomic}
   size_t G1HeapRegionSize                         = 1048576                                   {product} {ergonomic}
    uintx GCDrainStackTargetSize                   = 64                                        {product} {ergonomic}
   size_t InitialHeapSize                          = 402653184                                 {product} {ergonomic}
   size_t MarkStackSize                            = 4194304                                   {product} {ergonomic}
   size_t MaxHeapSize                              = 6434062336                                {product} {ergonomic}
   size_t MaxNewSize                               = 3859808256                                {product} {ergonomic}
   size_t MinHeapDeltaBytes                        = 1048576                                   {product} {ergonomic}
    uintx NonNMethodCodeHeapSize                   = 5830732                                {pd product} {ergonomic}
    uintx NonProfiledCodeHeapSize                  = 122913754                              {pd product} {ergonomic}
    uintx ProfiledCodeHeapSize                     = 122913754                              {pd product} {ergonomic}
    uintx ReservedCodeCacheSize                    = 251658240                              {pd product} {ergonomic}
     bool SegmentedCodeCache                       = true                                      {product} {ergonomic}
     bool UseCompressedClassPointers               = true                                 {lp64_product} {ergonomic}
     bool UseCompressedOops                        = true                                 {lp64_product} {ergonomic}
     bool UseG1GC                                  = true                                      {product} {ergonomic}
     bool UseLargePagesIndividualAllocation        = false                                  {pd product} {ergonomic}

Logging:
Log output configuration:
 #0: stdout all=warning uptime,level,tags
 #1: stderr all=off uptime,level,tags

Environment Variables:
JAVA_HOME=C:\Java\jdk-11.0.16.1
PATH=C:\Windows\system32;C:\Windows;C:\Windows\System32\Wbem;C:\Windows\System32\WindowsPowerShell\v1.0\;C:\Windows\System32\OpenSSH\;C:\Program Files\Git\cmd;C:\Java\jdk-11.0.16.1\bin;C:\Maven\apache-maven-3.8.6\bin;C:\ProgramData\chocolatey\bin;C:\Program Files\nodejs\;C:\Users\Fabricio\AppData\Local\Microsoft\WindowsApps;;C:\Users\Fabricio\AppData\Local\Programs\Microsoft VS Code\bin;C:\Users\Fabricio\AppData\Roaming\npm;C:\Program Files\JetBrains\IntelliJ IDEA Community Edition 2022.3.1\bin;;C:\Program Files\heroku\bin
USERNAME=Fabricio
OS=Windows_NT
PROCESSOR_IDENTIFIER=AMD64 Family 16 Model 10 Stepping 0, AuthenticAMD



---------------  S Y S T E M  ---------------

OS: Windows 10 , 64 bit Build 19041 (10.0.19041.2546)

CPU:total 6 (initial active 6) (6 cores per cpu, 1 threads per core) family 16 model 10 stepping 0 microcode 0x0, cmov, cx8, fxsr, mmx, sse, sse2, sse3, popcnt, mmxext, 3dnowpref, lzcnt, sse4a, tsc, tscinvbit, tscinv

Memory: 4k page, system-wide physical 24536M (14368M free)
TotalPageFile size 28120M (AvailPageFile size 14127M)
current process WorkingSet (physical memory assigned to process): 640M, peak: 640M
current process commit charge ("private bytes"): 725M, peak: 725M

vm_info: Java HotSpot(TM) 64-Bit Server VM (11.0.16.1+1-LTS-1) for windows-amd64 JRE (11.0.16.1+1-LTS-1), built on Aug 16 2022 01:46:01 by "mach5one" with MS VC++ 15.9 (VS2017)

END.
